<?xml version="1.0" encoding="UTF-8"?>
<robot generator="Robot 3.2.2 (Python 3.9.1 on win32)" generated="20210205 17:15:00.298" rpa="false">
<suite id="s1" name="Variables" source="C:\development\robot-scripts\TestSuite\tests\variables.robot">
<test id="s1-t1" name="Set a variable in the test case">
<kw name="Begin web test" library="Common" type="setup">
<kw name="Open Browser" library="SeleniumLibrary">
<doc>Opens a new browser instance to the optional ``url``.</doc>
<arguments>
<arg>about:blank</arg>
<arg>${BROWSER}</arg>
</arguments>
<msg timestamp="20210205 17:15:00.498" level="INFO">Opening browser 'chrome' to base url 'about:blank'.</msg>
<status status="PASS" starttime="20210205 17:15:00.498" endtime="20210205 17:15:03.672"></status>
</kw>
<kw name="Maximize Browser Window" library="SeleniumLibrary">
<doc>Maximizes current browser window.</doc>
<status status="PASS" starttime="20210205 17:15:03.672" endtime="20210205 17:15:05.800"></status>
</kw>
<status status="PASS" starttime="20210205 17:15:00.498" endtime="20210205 17:15:05.801"></status>
</kw>
<kw name="Set Variable" library="BuiltIn">
<doc>Returns the given values which can then be assigned to a variables.</doc>
<arguments>
<arg>My new variable</arg>
</arguments>
<assign>
<var>${myNewVariable}</var>
</assign>
<msg timestamp="20210205 17:15:05.803" level="INFO">${myNewVariable} = My new variable</msg>
<status status="PASS" starttime="20210205 17:15:05.802" endtime="20210205 17:15:05.803"></status>
</kw>
<kw name="Log" library="BuiltIn">
<doc>Logs the given message with the given level.</doc>
<arguments>
<arg>${myNewVariable}</arg>
</arguments>
<msg timestamp="20210205 17:15:05.805" level="INFO">My new variable</msg>
<status status="PASS" starttime="20210205 17:15:05.805" endtime="20210205 17:15:05.806"></status>
</kw>
<kw name="End web test" library="Common" type="teardown">
<kw name="Close Browser" library="SeleniumLibrary">
<doc>Closes the current browser.</doc>
<status status="PASS" starttime="20210205 17:15:05.809" endtime="20210205 17:15:07.915"></status>
</kw>
<status status="PASS" starttime="20210205 17:15:05.807" endtime="20210205 17:15:07.915"></status>
</kw>
<doc>Setting new variable in test case test</doc>
<tags>
<tag>Current</tag>
</tags>
<status status="PASS" starttime="20210205 17:15:00.497" endtime="20210205 17:15:07.917" critical="yes"></status>
</test>
<test id="s1-t2" name="Variable demonstration 1">
<kw name="Begin web test" library="Common" type="setup">
<kw name="Open Browser" library="SeleniumLibrary">
<doc>Opens a new browser instance to the optional ``url``.</doc>
<arguments>
<arg>about:blank</arg>
<arg>${BROWSER}</arg>
</arguments>
<msg timestamp="20210205 17:15:07.926" level="INFO">Opening browser 'chrome' to base url 'about:blank'.</msg>
<status status="PASS" starttime="20210205 17:15:07.925" endtime="20210205 17:15:11.036"></status>
</kw>
<kw name="Maximize Browser Window" library="SeleniumLibrary">
<doc>Maximizes current browser window.</doc>
<status status="PASS" starttime="20210205 17:15:11.036" endtime="20210205 17:15:13.150"></status>
</kw>
<status status="PASS" starttime="20210205 17:15:07.923" endtime="20210205 17:15:13.150"></status>
</kw>
<kw name="Log" library="BuiltIn">
<doc>Logs the given message with the given level.</doc>
<arguments>
<arg>${MY_VARIABLE}</arg>
</arguments>
<msg timestamp="20210205 17:15:13.151" level="INFO">blank</msg>
<status status="PASS" starttime="20210205 17:15:13.150" endtime="20210205 17:15:13.151"></status>
</kw>
<kw name="End web test" library="Common" type="teardown">
<kw name="Close Browser" library="SeleniumLibrary">
<doc>Closes the current browser.</doc>
<status status="PASS" starttime="20210205 17:15:13.151" endtime="20210205 17:15:15.233"></status>
</kw>
<status status="PASS" starttime="20210205 17:15:13.151" endtime="20210205 17:15:15.233"></status>
</kw>
<doc>Log variable demonstration test</doc>
<tags>
<tag>Current</tag>
</tags>
<status status="PASS" starttime="20210205 17:15:07.921" endtime="20210205 17:15:15.235" critical="yes"></status>
</test>
<test id="s1-t3" name="Variable demonstration 2">
<kw name="Begin web test" library="Common" type="setup">
<kw name="Open Browser" library="SeleniumLibrary">
<doc>Opens a new browser instance to the optional ``url``.</doc>
<arguments>
<arg>about:blank</arg>
<arg>${BROWSER}</arg>
</arguments>
<msg timestamp="20210205 17:15:15.243" level="INFO">Opening browser 'chrome' to base url 'about:blank'.</msg>
<status status="PASS" starttime="20210205 17:15:15.242" endtime="20210205 17:15:18.373"></status>
</kw>
<kw name="Maximize Browser Window" library="SeleniumLibrary">
<doc>Maximizes current browser window.</doc>
<status status="PASS" starttime="20210205 17:15:18.373" endtime="20210205 17:15:20.503"></status>
</kw>
<status status="PASS" starttime="20210205 17:15:15.241" endtime="20210205 17:15:20.504"></status>
</kw>
<kw name="Log" library="BuiltIn">
<doc>Logs the given message with the given level.</doc>
<arguments>
<arg>${listVariable}[0]</arg>
</arguments>
<msg timestamp="20210205 17:15:20.506" level="INFO">data1</msg>
<status status="PASS" starttime="20210205 17:15:20.505" endtime="20210205 17:15:20.506"></status>
</kw>
<kw name="Log" library="BuiltIn">
<doc>Logs the given message with the given level.</doc>
<arguments>
<arg>${listVariable}[1]</arg>
</arguments>
<msg timestamp="20210205 17:15:20.508" level="INFO">data2</msg>
<status status="PASS" starttime="20210205 17:15:20.507" endtime="20210205 17:15:20.509"></status>
</kw>
<kw name="Log" library="BuiltIn">
<doc>Logs the given message with the given level.</doc>
<arguments>
<arg>${listVariable}[2]</arg>
</arguments>
<msg timestamp="20210205 17:15:20.511" level="INFO">data3</msg>
<status status="PASS" starttime="20210205 17:15:20.510" endtime="20210205 17:15:20.511"></status>
</kw>
<kw name="End web test" library="Common" type="teardown">
<kw name="Close Browser" library="SeleniumLibrary">
<doc>Closes the current browser.</doc>
<status status="PASS" starttime="20210205 17:15:20.514" endtime="20210205 17:15:22.597"></status>
</kw>
<status status="PASS" starttime="20210205 17:15:20.513" endtime="20210205 17:15:22.597"></status>
</kw>
<doc>List variable demonstration test</doc>
<tags>
<tag>Current</tag>
</tags>
<status status="PASS" starttime="20210205 17:15:15.239" endtime="20210205 17:15:22.599" critical="yes"></status>
</test>
<test id="s1-t4" name="Variable demonstration 3">
<kw name="Begin web test" library="Common" type="setup">
<kw name="Open Browser" library="SeleniumLibrary">
<doc>Opens a new browser instance to the optional ``url``.</doc>
<arguments>
<arg>about:blank</arg>
<arg>${BROWSER}</arg>
</arguments>
<msg timestamp="20210205 17:15:22.609" level="INFO">Opening browser 'chrome' to base url 'about:blank'.</msg>
<status status="PASS" starttime="20210205 17:15:22.608" endtime="20210205 17:15:25.725"></status>
</kw>
<kw name="Maximize Browser Window" library="SeleniumLibrary">
<doc>Maximizes current browser window.</doc>
<status status="PASS" starttime="20210205 17:15:25.725" endtime="20210205 17:15:27.854"></status>
</kw>
<status status="PASS" starttime="20210205 17:15:22.606" endtime="20210205 17:15:27.854"></status>
</kw>
<kw name="Set Variable" library="BuiltIn">
<doc>Returns the given values which can then be assigned to a variables.</doc>
<arguments>
<arg>item1</arg>
<arg>item2</arg>
<arg>item3</arg>
</arguments>
<assign>
<var>${listVariable}</var>
</assign>
<msg timestamp="20210205 17:15:27.855" level="INFO">${listVariable} = ['item1', 'item2', 'item3']</msg>
<status status="PASS" starttime="20210205 17:15:27.855" endtime="20210205 17:15:27.855"></status>
</kw>
<kw name="Log" library="BuiltIn">
<doc>Logs the given message with the given level.</doc>
<arguments>
<arg>${listVariable}[0]</arg>
</arguments>
<msg timestamp="20210205 17:15:27.855" level="INFO">item1</msg>
<status status="PASS" starttime="20210205 17:15:27.855" endtime="20210205 17:15:27.856"></status>
</kw>
<kw name="Log" library="BuiltIn">
<doc>Logs the given message with the given level.</doc>
<arguments>
<arg>${listVariable}[1]</arg>
</arguments>
<msg timestamp="20210205 17:15:27.856" level="INFO">item2</msg>
<status status="PASS" starttime="20210205 17:15:27.856" endtime="20210205 17:15:27.856"></status>
</kw>
<kw name="Log" library="BuiltIn">
<doc>Logs the given message with the given level.</doc>
<arguments>
<arg>${listVariable}[2]</arg>
</arguments>
<msg timestamp="20210205 17:15:27.856" level="INFO">item3</msg>
<status status="PASS" starttime="20210205 17:15:27.856" endtime="20210205 17:15:27.856"></status>
</kw>
<kw name="End web test" library="Common" type="teardown">
<kw name="Close Browser" library="SeleniumLibrary">
<doc>Closes the current browser.</doc>
<status status="PASS" starttime="20210205 17:15:27.857" endtime="20210205 17:15:29.932"></status>
</kw>
<status status="PASS" starttime="20210205 17:15:27.857" endtime="20210205 17:15:29.933"></status>
</kw>
<doc>List variable demonstration test</doc>
<tags>
<tag>Current</tag>
</tags>
<status status="PASS" starttime="20210205 17:15:22.604" endtime="20210205 17:15:29.935" critical="yes"></status>
</test>
<doc>Testing Amazon</doc>
<status status="PASS" starttime="20210205 17:15:00.299" endtime="20210205 17:15:29.942"></status>
</suite>
<statistics>
<total>
<stat pass="4" fail="0">Critical Tests</stat>
<stat pass="4" fail="0">All Tests</stat>
</total>
<tag>
<stat pass="4" fail="0">Current</stat>
</tag>
<suite>
<stat pass="4" fail="0" id="s1" name="Variables">Variables</stat>
</suite>
</statistics>
<errors>
<msg timestamp="20210205 17:15:00.478" level="ERROR">Error in file 'C:\development\robot-scripts\TestSuite\Resources\PO\Cart.robot' on line 4: Resource file '..\Resources\Common.robot' does not exist.</msg>
<msg timestamp="20210205 17:15:00.482" level="ERROR">Error in file 'C:\development\robot-scripts\TestSuite\Resources\PO\HeaderNav.robot' on line 4: Resource file '..\Resources\Common.robot' does not exist.</msg>
<msg timestamp="20210205 17:15:00.484" level="ERROR">Error in file 'C:\development\robot-scripts\TestSuite\Resources\PO\LandingPage.robot' on line 4: Resource file '..\Resources\Common.robot' does not exist.</msg>
<msg timestamp="20210205 17:15:00.488" level="ERROR">Error in file 'C:\development\robot-scripts\TestSuite\Resources\PO\Product.robot' on line 4: Resource file '..\Resources\Common.robot' does not exist.</msg>
<msg timestamp="20210205 17:15:00.492" level="ERROR">Error in file 'C:\development\robot-scripts\TestSuite\Resources\PO\SearchResults.robot' on line 4: Resource file '..\Resources\Common.robot' does not exist.</msg>
<msg timestamp="20210205 17:15:00.496" level="ERROR">Error in file 'C:\development\robot-scripts\TestSuite\Resources\PO\SignIn.robot' on line 4: Resource file '..\Resources\Common.robot' does not exist.</msg>
</errors>
</robot>
