<?xml version="1.0" encoding="UTF-8"?>
<robot generator="Robot 3.2.2 (Python 3.9.1 on win32)" generated="20210208 10:39:25.838" rpa="false">
<suite id="s1" name="Amazon" source="C:\development\robot-scripts\TestSuite\tests\amazon.robot">
<kw name="Insert testing data" library="Common" type="setup">
<kw name="Log" library="BuiltIn">
<doc>Logs the given message with the given level.</doc>
<arguments>
<arg>Setting up test data for suite</arg>
</arguments>
<msg timestamp="20210208 10:39:26.013" level="INFO">Setting up test data for suite</msg>
<status status="PASS" starttime="20210208 10:39:26.013" endtime="20210208 10:39:26.013"></status>
</kw>
<kw name="Custom Keyword 1" library="Common">
<kw name="Log" library="BuiltIn">
<doc>Logs the given message with the given level.</doc>
<arguments>
<arg>Executing keyword 1</arg>
</arguments>
<msg timestamp="20210208 10:39:26.014" level="INFO">Executing keyword 1</msg>
<status status="PASS" starttime="20210208 10:39:26.013" endtime="20210208 10:39:26.014"></status>
</kw>
<status status="PASS" starttime="20210208 10:39:26.013" endtime="20210208 10:39:26.014"></status>
</kw>
<kw name="Custom Keyword 2" library="Common">
<kw name="Log" library="BuiltIn">
<doc>Logs the given message with the given level.</doc>
<arguments>
<arg>Executing keyword 2</arg>
</arguments>
<msg timestamp="20210208 10:39:26.014" level="INFO">Executing keyword 2</msg>
<status status="PASS" starttime="20210208 10:39:26.014" endtime="20210208 10:39:26.014"></status>
</kw>
<status status="PASS" starttime="20210208 10:39:26.014" endtime="20210208 10:39:26.014"></status>
</kw>
<status status="PASS" starttime="20210208 10:39:26.013" endtime="20210208 10:39:26.014"></status>
</kw>
<test id="s1-t1" name="User searches for products">
<kw name="Begin web test" library="Common" type="setup">
<kw name="Open Browser" library="SeleniumLibrary">
<doc>Opens a new browser instance to the optional ``url``.</doc>
<arguments>
<arg>${url}</arg>
<arg>${browser}</arg>
</arguments>
<msg timestamp="20210208 10:39:26.015" level="INFO">Opening browser 'chrome' to base url 'http://www.amazon.com.au'.</msg>
<status status="PASS" starttime="20210208 10:39:26.015" endtime="20210208 10:39:31.865"></status>
</kw>
<kw name="Maximize Browser Window" library="SeleniumLibrary">
<doc>Maximizes current browser window.</doc>
<status status="PASS" starttime="20210208 10:39:31.865" endtime="20210208 10:39:34.006"></status>
</kw>
<status status="PASS" starttime="20210208 10:39:26.015" endtime="20210208 10:39:34.007"></status>
</kw>
<kw name="Search for products" library="AmazonGUI">
<kw name="Load url" library="LandingPage">
<kw name="Go To" library="SeleniumLibrary">
<doc>Navigates the current browser window to the provided ``url``.</doc>
<arguments>
<arg>${URL}</arg>
</arguments>
<msg timestamp="20210208 10:39:34.008" level="INFO">Opening url 'http://www.amazon.com.au'</msg>
<status status="PASS" starttime="20210208 10:39:34.008" endtime="20210208 10:39:35.747"></status>
</kw>
<status status="PASS" starttime="20210208 10:39:34.007" endtime="20210208 10:39:35.747"></status>
</kw>
<kw name="Verify page loaded" library="LandingPage">
<kw name="Wait Until Page Contains" library="SeleniumLibrary">
<doc>Waits until ``text`` appears on the current page.</doc>
<arguments>
<arg>Amazon.com.au</arg>
</arguments>
<status status="PASS" starttime="20210208 10:39:35.747" endtime="20210208 10:39:35.789"></status>
</kw>
<status status="PASS" starttime="20210208 10:39:35.747" endtime="20210208 10:39:35.790"></status>
</kw>
<kw name="Search for product" library="HeaderNav">
<kw name="Enter Search Term" library="HeaderNav">
<kw name="Input Text" library="SeleniumLibrary">
<doc>Types the given ``text`` into the text field identified by ``locator``.</doc>
<arguments>
<arg>id=twotabsearchtextbox</arg>
<arg>${SEARCH_TERM}</arg>
</arguments>
<msg timestamp="20210208 10:39:35.791" level="INFO">Typing text 'tommy yacht jacket' into text field 'id=twotabsearchtextbox'.</msg>
<status status="PASS" starttime="20210208 10:39:35.791" endtime="20210208 10:39:35.899"></status>
</kw>
<status status="PASS" starttime="20210208 10:39:35.790" endtime="20210208 10:39:35.899"></status>
</kw>
<kw name="Submit Search" library="HeaderNav">
<kw name="Click Button" library="SeleniumLibrary">
<doc>Clicks the button identified by ``locator``.</doc>
<arguments>
<arg>css=#nav-search-submit-button</arg>
</arguments>
<msg timestamp="20210208 10:39:35.900" level="INFO">Clicking button 'css=#nav-search-submit-button'.</msg>
<status status="PASS" starttime="20210208 10:39:35.900" endtime="20210208 10:39:37.245"></status>
</kw>
<status status="PASS" starttime="20210208 10:39:35.899" endtime="20210208 10:39:37.245"></status>
</kw>
<status status="PASS" starttime="20210208 10:39:35.790" endtime="20210208 10:39:37.245"></status>
</kw>
<kw name="Verify search results display product" library="SearchResults">
<kw name="Wait Until Page Contains" library="SeleniumLibrary">
<doc>Waits until ``text`` appears on the current page.</doc>
<arguments>
<arg>results for "${SEARCH_TERM}"</arg>
</arguments>
<status status="PASS" starttime="20210208 10:39:37.246" endtime="20210208 10:39:37.303"></status>
</kw>
<status status="PASS" starttime="20210208 10:39:37.245" endtime="20210208 10:39:37.303"></status>
</kw>
<status status="PASS" starttime="20210208 10:39:34.007" endtime="20210208 10:39:37.304"></status>
</kw>
<kw name="End web test" library="Common" type="teardown">
<kw name="Close Browser" library="SeleniumLibrary">
<doc>Closes the current browser.</doc>
<status status="PASS" starttime="20210208 10:39:37.304" endtime="20210208 10:39:39.439"></status>
</kw>
<status status="PASS" starttime="20210208 10:39:37.304" endtime="20210208 10:39:39.439"></status>
</kw>
<doc>Basic test info</doc>
<tags>
<tag>Smoke</tag>
</tags>
<status status="PASS" starttime="20210208 10:39:26.014" endtime="20210208 10:39:39.439" critical="yes"></status>
</test>
<test id="s1-t2" name="User can view a product">
<kw name="Begin web test" library="Common" type="setup">
<kw name="Open Browser" library="SeleniumLibrary">
<doc>Opens a new browser instance to the optional ``url``.</doc>
<arguments>
<arg>${url}</arg>
<arg>${browser}</arg>
</arguments>
<msg timestamp="20210208 10:39:39.439" level="INFO">Opening browser 'chrome' to base url 'http://www.amazon.com.au'.</msg>
<status status="PASS" starttime="20210208 10:39:39.439" endtime="20210208 10:39:45.560"></status>
</kw>
<kw name="Maximize Browser Window" library="SeleniumLibrary">
<doc>Maximizes current browser window.</doc>
<status status="PASS" starttime="20210208 10:39:45.560" endtime="20210208 10:39:47.691"></status>
</kw>
<status status="PASS" starttime="20210208 10:39:39.439" endtime="20210208 10:39:47.691"></status>
</kw>
<kw name="Search for products" library="AmazonGUI">
<kw name="Load url" library="LandingPage">
<kw name="Go To" library="SeleniumLibrary">
<doc>Navigates the current browser window to the provided ``url``.</doc>
<arguments>
<arg>${URL}</arg>
</arguments>
<msg timestamp="20210208 10:39:47.692" level="INFO">Opening url 'http://www.amazon.com.au'</msg>
<status status="PASS" starttime="20210208 10:39:47.692" endtime="20210208 10:39:49.419"></status>
</kw>
<status status="PASS" starttime="20210208 10:39:47.692" endtime="20210208 10:39:49.419"></status>
</kw>
<kw name="Verify page loaded" library="LandingPage">
<kw name="Wait Until Page Contains" library="SeleniumLibrary">
<doc>Waits until ``text`` appears on the current page.</doc>
<arguments>
<arg>Amazon.com.au</arg>
</arguments>
<status status="PASS" starttime="20210208 10:39:49.420" endtime="20210208 10:39:49.473"></status>
</kw>
<status status="PASS" starttime="20210208 10:39:49.419" endtime="20210208 10:39:49.473"></status>
</kw>
<kw name="Search for product" library="HeaderNav">
<kw name="Enter Search Term" library="HeaderNav">
<kw name="Input Text" library="SeleniumLibrary">
<doc>Types the given ``text`` into the text field identified by ``locator``.</doc>
<arguments>
<arg>id=twotabsearchtextbox</arg>
<arg>${SEARCH_TERM}</arg>
</arguments>
<msg timestamp="20210208 10:39:49.474" level="INFO">Typing text 'tommy yacht jacket' into text field 'id=twotabsearchtextbox'.</msg>
<status status="PASS" starttime="20210208 10:39:49.474" endtime="20210208 10:39:49.598"></status>
</kw>
<status status="PASS" starttime="20210208 10:39:49.474" endtime="20210208 10:39:49.598"></status>
</kw>
<kw name="Submit Search" library="HeaderNav">
<kw name="Click Button" library="SeleniumLibrary">
<doc>Clicks the button identified by ``locator``.</doc>
<arguments>
<arg>css=#nav-search-submit-button</arg>
</arguments>
<msg timestamp="20210208 10:39:49.599" level="INFO">Clicking button 'css=#nav-search-submit-button'.</msg>
<status status="PASS" starttime="20210208 10:39:49.598" endtime="20210208 10:39:50.910"></status>
</kw>
<status status="PASS" starttime="20210208 10:39:49.598" endtime="20210208 10:39:50.910"></status>
</kw>
<status status="PASS" starttime="20210208 10:39:49.474" endtime="20210208 10:39:50.910"></status>
</kw>
<kw name="Verify search results display product" library="SearchResults">
<kw name="Wait Until Page Contains" library="SeleniumLibrary">
<doc>Waits until ``text`` appears on the current page.</doc>
<arguments>
<arg>results for "${SEARCH_TERM}"</arg>
</arguments>
<status status="PASS" starttime="20210208 10:39:50.911" endtime="20210208 10:39:50.946"></status>
</kw>
<status status="PASS" starttime="20210208 10:39:50.911" endtime="20210208 10:39:50.946"></status>
</kw>
<status status="PASS" starttime="20210208 10:39:47.692" endtime="20210208 10:39:50.946"></status>
</kw>
<kw name="Select product from search results" library="AmazonGUI">
<kw name="Select product from search results" library="SearchResults">
<doc>Click on the first product in the search results</doc>
<kw name="Click Link" library="SeleniumLibrary">
<doc>Clicks a link identified by ``locator``.</doc>
<arguments>
<arg>css=#search &gt; div.s-desktop-width-max.s-desktop-content.sg-row &gt; div.sg-col-16-of-20.sg-col.sg-col-8-of-12.sg-col-12-of-16 &gt; div &gt; span:nth-child(4) &gt; div.s-main-slot.s-result-list.s-search-results.sg-row &gt; div:nth-child(2) &gt; div &gt; span &gt; div &gt; div &gt; div:nth-child(4) &gt; h2 &gt; a</arg>
</arguments>
<msg timestamp="20210208 10:39:50.947" level="INFO">Clicking link 'css=#search &gt; div.s-desktop-width-max.s-desktop-content.sg-row &gt; div.sg-col-16-of-20.sg-col.sg-col-8-of-12.sg-col-12-of-16 &gt; div &gt; span:nth-child(4) &gt; div.s-main-slot.s-result-list.s-search-results.sg-row &gt; div:nth-child(2) &gt; div &gt; span &gt; div &gt; div &gt; div:nth-child(4) &gt; h2 &gt; a'.</msg>
<status status="PASS" starttime="20210208 10:39:50.946" endtime="20210208 10:39:53.679"></status>
</kw>
<status status="PASS" starttime="20210208 10:39:50.946" endtime="20210208 10:39:53.680"></status>
</kw>
<kw name="Verify product page loaded" library="Product">
<kw name="Wait Until Page Contains" library="SeleniumLibrary">
<doc>Waits until ``text`` appears on the current page.</doc>
<arguments>
<arg>Back to results</arg>
</arguments>
<status status="PASS" starttime="20210208 10:39:53.680" endtime="20210208 10:39:53.720"></status>
</kw>
<status status="PASS" starttime="20210208 10:39:53.680" endtime="20210208 10:39:53.720"></status>
</kw>
<status status="PASS" starttime="20210208 10:39:50.946" endtime="20210208 10:39:53.720"></status>
</kw>
<kw name="End web test" library="Common" type="teardown">
<kw name="Close Browser" library="SeleniumLibrary">
<doc>Closes the current browser.</doc>
<status status="PASS" starttime="20210208 10:39:53.722" endtime="20210208 10:39:55.833"></status>
</kw>
<status status="PASS" starttime="20210208 10:39:53.721" endtime="20210208 10:39:55.834"></status>
</kw>
<tags>
<tag>Smoke</tag>
</tags>
<status status="PASS" starttime="20210208 10:39:39.439" endtime="20210208 10:39:55.835" critical="yes"></status>
</test>
<test id="s1-t3" name="User can add product to cart">
<kw name="Begin web test" library="Common" type="setup">
<kw name="Open Browser" library="SeleniumLibrary">
<doc>Opens a new browser instance to the optional ``url``.</doc>
<arguments>
<arg>${url}</arg>
<arg>${browser}</arg>
</arguments>
<msg timestamp="20210208 10:39:55.844" level="INFO">Opening browser 'chrome' to base url 'http://www.amazon.com.au'.</msg>
<status status="PASS" starttime="20210208 10:39:55.843" endtime="20210208 10:40:02.130"></status>
</kw>
<kw name="Maximize Browser Window" library="SeleniumLibrary">
<doc>Maximizes current browser window.</doc>
<status status="PASS" starttime="20210208 10:40:02.131" endtime="20210208 10:40:04.252"></status>
</kw>
<status status="PASS" starttime="20210208 10:39:55.842" endtime="20210208 10:40:04.252"></status>
</kw>
<kw name="Search for products" library="AmazonGUI">
<kw name="Load url" library="LandingPage">
<kw name="Go To" library="SeleniumLibrary">
<doc>Navigates the current browser window to the provided ``url``.</doc>
<arguments>
<arg>${URL}</arg>
</arguments>
<msg timestamp="20210208 10:40:04.253" level="INFO">Opening url 'http://www.amazon.com.au'</msg>
<status status="PASS" starttime="20210208 10:40:04.253" endtime="20210208 10:40:06.067"></status>
</kw>
<status status="PASS" starttime="20210208 10:40:04.253" endtime="20210208 10:40:06.067"></status>
</kw>
<kw name="Verify page loaded" library="LandingPage">
<kw name="Wait Until Page Contains" library="SeleniumLibrary">
<doc>Waits until ``text`` appears on the current page.</doc>
<arguments>
<arg>Amazon.com.au</arg>
</arguments>
<status status="PASS" starttime="20210208 10:40:06.067" endtime="20210208 10:40:06.109"></status>
</kw>
<status status="PASS" starttime="20210208 10:40:06.067" endtime="20210208 10:40:06.109"></status>
</kw>
<kw name="Search for product" library="HeaderNav">
<kw name="Enter Search Term" library="HeaderNav">
<kw name="Input Text" library="SeleniumLibrary">
<doc>Types the given ``text`` into the text field identified by ``locator``.</doc>
<arguments>
<arg>id=twotabsearchtextbox</arg>
<arg>${SEARCH_TERM}</arg>
</arguments>
<msg timestamp="20210208 10:40:06.110" level="INFO">Typing text 'tommy yacht jacket' into text field 'id=twotabsearchtextbox'.</msg>
<status status="PASS" starttime="20210208 10:40:06.110" endtime="20210208 10:40:06.217"></status>
</kw>
<status status="PASS" starttime="20210208 10:40:06.109" endtime="20210208 10:40:06.217"></status>
</kw>
<kw name="Submit Search" library="HeaderNav">
<kw name="Click Button" library="SeleniumLibrary">
<doc>Clicks the button identified by ``locator``.</doc>
<arguments>
<arg>css=#nav-search-submit-button</arg>
</arguments>
<msg timestamp="20210208 10:40:06.218" level="INFO">Clicking button 'css=#nav-search-submit-button'.</msg>
<status status="PASS" starttime="20210208 10:40:06.218" endtime="20210208 10:40:07.508"></status>
</kw>
<status status="PASS" starttime="20210208 10:40:06.218" endtime="20210208 10:40:07.509"></status>
</kw>
<status status="PASS" starttime="20210208 10:40:06.109" endtime="20210208 10:40:07.509"></status>
</kw>
<kw name="Verify search results display product" library="SearchResults">
<kw name="Wait Until Page Contains" library="SeleniumLibrary">
<doc>Waits until ``text`` appears on the current page.</doc>
<arguments>
<arg>results for "${SEARCH_TERM}"</arg>
</arguments>
<status status="PASS" starttime="20210208 10:40:07.509" endtime="20210208 10:40:07.545"></status>
</kw>
<status status="PASS" starttime="20210208 10:40:07.509" endtime="20210208 10:40:07.545"></status>
</kw>
<status status="PASS" starttime="20210208 10:40:04.252" endtime="20210208 10:40:07.545"></status>
</kw>
<kw name="Select product from search results" library="AmazonGUI">
<kw name="Select product from search results" library="SearchResults">
<doc>Click on the first product in the search results</doc>
<kw name="Click Link" library="SeleniumLibrary">
<doc>Clicks a link identified by ``locator``.</doc>
<arguments>
<arg>css=#search &gt; div.s-desktop-width-max.s-desktop-content.sg-row &gt; div.sg-col-16-of-20.sg-col.sg-col-8-of-12.sg-col-12-of-16 &gt; div &gt; span:nth-child(4) &gt; div.s-main-slot.s-result-list.s-search-results.sg-row &gt; div:nth-child(2) &gt; div &gt; span &gt; div &gt; div &gt; div:nth-child(4) &gt; h2 &gt; a</arg>
</arguments>
<msg timestamp="20210208 10:40:07.546" level="INFO">Clicking link 'css=#search &gt; div.s-desktop-width-max.s-desktop-content.sg-row &gt; div.sg-col-16-of-20.sg-col.sg-col-8-of-12.sg-col-12-of-16 &gt; div &gt; span:nth-child(4) &gt; div.s-main-slot.s-result-list.s-search-results.sg-row &gt; div:nth-child(2) &gt; div &gt; span &gt; div &gt; div &gt; div:nth-child(4) &gt; h2 &gt; a'.</msg>
<status status="PASS" starttime="20210208 10:40:07.546" endtime="20210208 10:40:09.238"></status>
</kw>
<status status="PASS" starttime="20210208 10:40:07.546" endtime="20210208 10:40:09.238"></status>
</kw>
<kw name="Verify product page loaded" library="Product">
<kw name="Wait Until Page Contains" library="SeleniumLibrary">
<doc>Waits until ``text`` appears on the current page.</doc>
<arguments>
<arg>Back to results</arg>
</arguments>
<status status="PASS" starttime="20210208 10:40:09.238" endtime="20210208 10:40:09.263"></status>
</kw>
<status status="PASS" starttime="20210208 10:40:09.238" endtime="20210208 10:40:09.264"></status>
</kw>
<status status="PASS" starttime="20210208 10:40:07.545" endtime="20210208 10:40:09.264"></status>
</kw>
<kw name="Add product to cart" library="AmazonGUI">
<kw name="Choose product size" library="Product">
<kw name="Select From List By Label" library="SeleniumLibrary">
<doc>Selects options from selection list ``locator`` by ``labels``.</doc>
<arguments>
<arg>css=#native_dropdown_selected_size_name</arg>
<arg>${PRODUCT_SIZE}</arg>
</arguments>
<msg timestamp="20210208 10:40:09.265" level="INFO">Selecting options from selection list 'css=#native_dropdown_selected_size_name' by label Large.</msg>
<status status="PASS" starttime="20210208 10:40:09.265" endtime="20210208 10:40:09.340"></status>
</kw>
<kw name="Sleep" library="BuiltIn">
<doc>Pauses the test executed for the given time.</doc>
<arguments>
<arg>3s</arg>
</arguments>
<msg timestamp="20210208 10:40:12.341" level="INFO">Slept 3 seconds</msg>
<status status="PASS" starttime="20210208 10:40:09.340" endtime="20210208 10:40:12.341"></status>
</kw>
<status status="PASS" starttime="20210208 10:40:09.264" endtime="20210208 10:40:12.342"></status>
</kw>
<kw name="Add product to cart" library="Product">
<kw name="Click Button" library="SeleniumLibrary">
<doc>Clicks the button identified by ``locator``.</doc>
<arguments>
<arg>id=add-to-cart-button</arg>
</arguments>
<msg timestamp="20210208 10:40:12.343" level="INFO">Clicking button 'id=add-to-cart-button'.</msg>
<status status="PASS" starttime="20210208 10:40:12.343" endtime="20210208 10:40:12.498"></status>
</kw>
<kw name="Sleep" library="BuiltIn">
<doc>Pauses the test executed for the given time.</doc>
<arguments>
<arg>3s</arg>
</arguments>
<msg timestamp="20210208 10:40:15.500" level="INFO">Slept 3 seconds</msg>
<status status="PASS" starttime="20210208 10:40:12.498" endtime="20210208 10:40:15.500"></status>
</kw>
<status status="PASS" starttime="20210208 10:40:12.342" endtime="20210208 10:40:15.501"></status>
</kw>
<kw name="Verify product was added to cart" library="Product">
<kw name="Wait Until Page Contains" library="SeleniumLibrary">
<doc>Waits until ``text`` appears on the current page.</doc>
<arguments>
<arg>Added to Cart</arg>
</arguments>
<status status="PASS" starttime="20210208 10:40:15.503" endtime="20210208 10:40:15.544"></status>
</kw>
<status status="PASS" starttime="20210208 10:40:15.501" endtime="20210208 10:40:15.545"></status>
</kw>
<status status="PASS" starttime="20210208 10:40:09.264" endtime="20210208 10:40:15.545"></status>
</kw>
<kw name="End web test" library="Common" type="teardown">
<kw name="Close Browser" library="SeleniumLibrary">
<doc>Closes the current browser.</doc>
<status status="PASS" starttime="20210208 10:40:15.546" endtime="20210208 10:40:17.705"></status>
</kw>
<status status="PASS" starttime="20210208 10:40:15.546" endtime="20210208 10:40:17.705"></status>
</kw>
<tags>
<tag>Smoke</tag>
</tags>
<status status="PASS" starttime="20210208 10:39:55.838" endtime="20210208 10:40:17.705" critical="yes"></status>
</test>
<test id="s1-t4" name="User must sign in to check out">
<kw name="Begin web test" library="Common" type="setup">
<kw name="Open Browser" library="SeleniumLibrary">
<doc>Opens a new browser instance to the optional ``url``.</doc>
<arguments>
<arg>${url}</arg>
<arg>${browser}</arg>
</arguments>
<msg timestamp="20210208 10:40:17.705" level="INFO">Opening browser 'chrome' to base url 'http://www.amazon.com.au'.</msg>
<status status="PASS" starttime="20210208 10:40:17.705" endtime="20210208 10:40:23.621"></status>
</kw>
<kw name="Maximize Browser Window" library="SeleniumLibrary">
<doc>Maximizes current browser window.</doc>
<status status="PASS" starttime="20210208 10:40:23.621" endtime="20210208 10:40:25.763"></status>
</kw>
<status status="PASS" starttime="20210208 10:40:17.705" endtime="20210208 10:40:25.764"></status>
</kw>
<kw name="Search for products" library="AmazonGUI">
<kw name="Load url" library="LandingPage">
<kw name="Go To" library="SeleniumLibrary">
<doc>Navigates the current browser window to the provided ``url``.</doc>
<arguments>
<arg>${URL}</arg>
</arguments>
<msg timestamp="20210208 10:40:25.765" level="INFO">Opening url 'http://www.amazon.com.au'</msg>
<status status="PASS" starttime="20210208 10:40:25.765" endtime="20210208 10:40:27.846"></status>
</kw>
<status status="PASS" starttime="20210208 10:40:25.764" endtime="20210208 10:40:27.846"></status>
</kw>
<kw name="Verify page loaded" library="LandingPage">
<kw name="Wait Until Page Contains" library="SeleniumLibrary">
<doc>Waits until ``text`` appears on the current page.</doc>
<arguments>
<arg>Amazon.com.au</arg>
</arguments>
<status status="PASS" starttime="20210208 10:40:27.846" endtime="20210208 10:40:27.898"></status>
</kw>
<status status="PASS" starttime="20210208 10:40:27.846" endtime="20210208 10:40:27.898"></status>
</kw>
<kw name="Search for product" library="HeaderNav">
<kw name="Enter Search Term" library="HeaderNav">
<kw name="Input Text" library="SeleniumLibrary">
<doc>Types the given ``text`` into the text field identified by ``locator``.</doc>
<arguments>
<arg>id=twotabsearchtextbox</arg>
<arg>${SEARCH_TERM}</arg>
</arguments>
<msg timestamp="20210208 10:40:27.899" level="INFO">Typing text 'tommy yacht jacket' into text field 'id=twotabsearchtextbox'.</msg>
<status status="PASS" starttime="20210208 10:40:27.899" endtime="20210208 10:40:28.029"></status>
</kw>
<status status="PASS" starttime="20210208 10:40:27.898" endtime="20210208 10:40:28.029"></status>
</kw>
<kw name="Submit Search" library="HeaderNav">
<kw name="Click Button" library="SeleniumLibrary">
<doc>Clicks the button identified by ``locator``.</doc>
<arguments>
<arg>css=#nav-search-submit-button</arg>
</arguments>
<msg timestamp="20210208 10:40:28.030" level="INFO">Clicking button 'css=#nav-search-submit-button'.</msg>
<status status="PASS" starttime="20210208 10:40:28.030" endtime="20210208 10:40:29.599"></status>
</kw>
<status status="PASS" starttime="20210208 10:40:28.029" endtime="20210208 10:40:29.599"></status>
</kw>
<status status="PASS" starttime="20210208 10:40:27.898" endtime="20210208 10:40:29.599"></status>
</kw>
<kw name="Verify search results display product" library="SearchResults">
<kw name="Wait Until Page Contains" library="SeleniumLibrary">
<doc>Waits until ``text`` appears on the current page.</doc>
<arguments>
<arg>results for "${SEARCH_TERM}"</arg>
</arguments>
<status status="PASS" starttime="20210208 10:40:29.600" endtime="20210208 10:40:29.635"></status>
</kw>
<status status="PASS" starttime="20210208 10:40:29.599" endtime="20210208 10:40:29.635"></status>
</kw>
<status status="PASS" starttime="20210208 10:40:25.764" endtime="20210208 10:40:29.635"></status>
</kw>
<kw name="Select product from search results" library="AmazonGUI">
<kw name="Select product from search results" library="SearchResults">
<doc>Click on the first product in the search results</doc>
<kw name="Click Link" library="SeleniumLibrary">
<doc>Clicks a link identified by ``locator``.</doc>
<arguments>
<arg>css=#search &gt; div.s-desktop-width-max.s-desktop-content.sg-row &gt; div.sg-col-16-of-20.sg-col.sg-col-8-of-12.sg-col-12-of-16 &gt; div &gt; span:nth-child(4) &gt; div.s-main-slot.s-result-list.s-search-results.sg-row &gt; div:nth-child(2) &gt; div &gt; span &gt; div &gt; div &gt; div:nth-child(4) &gt; h2 &gt; a</arg>
</arguments>
<msg timestamp="20210208 10:40:29.636" level="INFO">Clicking link 'css=#search &gt; div.s-desktop-width-max.s-desktop-content.sg-row &gt; div.sg-col-16-of-20.sg-col.sg-col-8-of-12.sg-col-12-of-16 &gt; div &gt; span:nth-child(4) &gt; div.s-main-slot.s-result-list.s-search-results.sg-row &gt; div:nth-child(2) &gt; div &gt; span &gt; div &gt; div &gt; div:nth-child(4) &gt; h2 &gt; a'.</msg>
<status status="PASS" starttime="20210208 10:40:29.636" endtime="20210208 10:40:31.384"></status>
</kw>
<status status="PASS" starttime="20210208 10:40:29.636" endtime="20210208 10:40:31.384"></status>
</kw>
<kw name="Verify product page loaded" library="Product">
<kw name="Wait Until Page Contains" library="SeleniumLibrary">
<doc>Waits until ``text`` appears on the current page.</doc>
<arguments>
<arg>Back to results</arg>
</arguments>
<status status="PASS" starttime="20210208 10:40:31.385" endtime="20210208 10:40:31.412"></status>
</kw>
<status status="PASS" starttime="20210208 10:40:31.385" endtime="20210208 10:40:31.412"></status>
</kw>
<status status="PASS" starttime="20210208 10:40:29.636" endtime="20210208 10:40:31.412"></status>
</kw>
<kw name="Add product to cart" library="AmazonGUI">
<kw name="Choose product size" library="Product">
<kw name="Select From List By Label" library="SeleniumLibrary">
<doc>Selects options from selection list ``locator`` by ``labels``.</doc>
<arguments>
<arg>css=#native_dropdown_selected_size_name</arg>
<arg>${PRODUCT_SIZE}</arg>
</arguments>
<msg timestamp="20210208 10:40:31.413" level="INFO">Selecting options from selection list 'css=#native_dropdown_selected_size_name' by label Large.</msg>
<status status="PASS" starttime="20210208 10:40:31.413" endtime="20210208 10:40:31.492"></status>
</kw>
<kw name="Sleep" library="BuiltIn">
<doc>Pauses the test executed for the given time.</doc>
<arguments>
<arg>3s</arg>
</arguments>
<msg timestamp="20210208 10:40:34.493" level="INFO">Slept 3 seconds</msg>
<status status="PASS" starttime="20210208 10:40:31.492" endtime="20210208 10:40:34.494"></status>
</kw>
<status status="PASS" starttime="20210208 10:40:31.413" endtime="20210208 10:40:34.494"></status>
</kw>
<kw name="Add product to cart" library="Product">
<kw name="Click Button" library="SeleniumLibrary">
<doc>Clicks the button identified by ``locator``.</doc>
<arguments>
<arg>id=add-to-cart-button</arg>
</arguments>
<msg timestamp="20210208 10:40:34.497" level="INFO">Clicking button 'id=add-to-cart-button'.</msg>
<status status="PASS" starttime="20210208 10:40:34.496" endtime="20210208 10:40:34.672"></status>
</kw>
<kw name="Sleep" library="BuiltIn">
<doc>Pauses the test executed for the given time.</doc>
<arguments>
<arg>3s</arg>
</arguments>
<msg timestamp="20210208 10:40:37.673" level="INFO">Slept 3 seconds</msg>
<status status="PASS" starttime="20210208 10:40:34.672" endtime="20210208 10:40:37.673"></status>
</kw>
<status status="PASS" starttime="20210208 10:40:34.495" endtime="20210208 10:40:37.673"></status>
</kw>
<kw name="Verify product was added to cart" library="Product">
<kw name="Wait Until Page Contains" library="SeleniumLibrary">
<doc>Waits until ``text`` appears on the current page.</doc>
<arguments>
<arg>Added to Cart</arg>
</arguments>
<status status="PASS" starttime="20210208 10:40:37.675" endtime="20210208 10:40:37.705"></status>
</kw>
<status status="PASS" starttime="20210208 10:40:37.674" endtime="20210208 10:40:37.705"></status>
</kw>
<status status="PASS" starttime="20210208 10:40:31.413" endtime="20210208 10:40:37.705"></status>
</kw>
<kw name="Begin checkout" library="AmazonGUI">
<kw name="Click proceed to checkout" library="SignIn">
<kw name="Click Link" library="SeleniumLibrary">
<doc>Clicks a link identified by ``locator``.</doc>
<arguments>
<arg>Proceed to checkout (1 item)</arg>
</arguments>
<msg timestamp="20210208 10:40:37.706" level="INFO">Clicking link 'Proceed to checkout (1 item)'.</msg>
<status status="PASS" starttime="20210208 10:40:37.706" endtime="20210208 10:40:38.744"></status>
</kw>
<status status="PASS" starttime="20210208 10:40:37.706" endtime="20210208 10:40:38.744"></status>
</kw>
<kw name="Verify sign in page loaded" library="SignIn">
<kw name="Page Should Contain" library="SeleniumLibrary">
<doc>Verifies that current page contains ``text``.</doc>
<arguments>
<arg>Sign-In</arg>
</arguments>
<msg timestamp="20210208 10:40:38.760" level="INFO">Current page contains text 'Sign-In'.</msg>
<status status="PASS" starttime="20210208 10:40:38.744" endtime="20210208 10:40:38.760"></status>
</kw>
<kw name="Page Should Contain" library="SeleniumLibrary">
<doc>Verifies that current page contains ``text``.</doc>
<arguments>
<arg>Email or mobile phone number</arg>
</arguments>
<msg timestamp="20210208 10:40:38.771" level="INFO">Current page contains text 'Email or mobile phone number'.</msg>
<status status="PASS" starttime="20210208 10:40:38.760" endtime="20210208 10:40:38.771"></status>
</kw>
<status status="PASS" starttime="20210208 10:40:38.744" endtime="20210208 10:40:38.772"></status>
</kw>
<status status="PASS" starttime="20210208 10:40:37.705" endtime="20210208 10:40:38.772"></status>
</kw>
<kw name="End web test" library="Common" type="teardown">
<kw name="Close Browser" library="SeleniumLibrary">
<doc>Closes the current browser.</doc>
<status status="PASS" starttime="20210208 10:40:38.773" endtime="20210208 10:40:40.882"></status>
</kw>
<status status="PASS" starttime="20210208 10:40:38.772" endtime="20210208 10:40:40.882"></status>
</kw>
<tags>
<tag>Smoke</tag>
</tags>
<status status="PASS" starttime="20210208 10:40:17.705" endtime="20210208 10:40:40.883" critical="yes"></status>
</test>
<kw name="Cleanup testing data" library="Common" type="teardown">
<kw name="Log" library="BuiltIn">
<doc>Logs the given message with the given level.</doc>
<arguments>
<arg>Cleaning up test data</arg>
</arguments>
<msg timestamp="20210208 10:40:40.886" level="INFO">Cleaning up test data</msg>
<status status="PASS" starttime="20210208 10:40:40.886" endtime="20210208 10:40:40.886"></status>
</kw>
<kw name="Custom Keyword 3" library="Common">
<kw name="Log" library="BuiltIn">
<doc>Logs the given message with the given level.</doc>
<arguments>
<arg>Executing keyword 3</arg>
</arguments>
<msg timestamp="20210208 10:40:40.887" level="INFO">Executing keyword 3</msg>
<status status="PASS" starttime="20210208 10:40:40.886" endtime="20210208 10:40:40.887"></status>
</kw>
<status status="PASS" starttime="20210208 10:40:40.886" endtime="20210208 10:40:40.887"></status>
</kw>
<kw name="Custom Keyword 4" library="Common">
<kw name="Log" library="BuiltIn">
<doc>Logs the given message with the given level.</doc>
<arguments>
<arg>Executing keyword 4</arg>
</arguments>
<msg timestamp="20210208 10:40:40.887" level="INFO">Executing keyword 4</msg>
<status status="PASS" starttime="20210208 10:40:40.887" endtime="20210208 10:40:40.887"></status>
</kw>
<status status="PASS" starttime="20210208 10:40:40.887" endtime="20210208 10:40:40.887"></status>
</kw>
<status status="PASS" starttime="20210208 10:40:40.886" endtime="20210208 10:40:40.888"></status>
</kw>
<doc>Testing Amazon</doc>
<status status="PASS" starttime="20210208 10:39:25.854" endtime="20210208 10:40:40.888"></status>
</suite>
<statistics>
<total>
<stat pass="4" fail="0">Critical Tests</stat>
<stat pass="4" fail="0">All Tests</stat>
</total>
<tag>
<stat pass="4" fail="0">Smoke</stat>
</tag>
<suite>
<stat pass="4" fail="0" id="s1" name="Amazon">Amazon</stat>
</suite>
</statistics>
<errors>
<msg timestamp="20210208 10:39:25.998" level="ERROR">Error in file 'C:\development\robot-scripts\TestSuite\Resources\PO\Cart.robot' on line 4: Resource file '..\Resources\Common.robot' does not exist.</msg>
<msg timestamp="20210208 10:39:26.000" level="ERROR">Error in file 'C:\development\robot-scripts\TestSuite\Resources\PO\HeaderNav.robot' on line 4: Resource file '..\Resources\Common.robot' does not exist.</msg>
<msg timestamp="20210208 10:39:26.003" level="ERROR">Error in file 'C:\development\robot-scripts\TestSuite\Resources\PO\LandingPage.robot' on line 4: Resource file '..\Resources\Common.robot' does not exist.</msg>
<msg timestamp="20210208 10:39:26.006" level="ERROR">Error in file 'C:\development\robot-scripts\TestSuite\Resources\PO\Product.robot' on line 4: Resource file '..\Resources\Common.robot' does not exist.</msg>
<msg timestamp="20210208 10:39:26.009" level="ERROR">Error in file 'C:\development\robot-scripts\TestSuite\Resources\PO\SearchResults.robot' on line 4: Resource file '..\Resources\Common.robot' does not exist.</msg>
<msg timestamp="20210208 10:39:26.012" level="ERROR">Error in file 'C:\development\robot-scripts\TestSuite\Resources\PO\SignIn.robot' on line 4: Resource file '..\Resources\Common.robot' does not exist.</msg>
</errors>
</robot>
