<?xml version="1.0" encoding="UTF-8"?>
<robot generator="Robot 3.2.2 (Python 3.9.1 on win32)" generated="20210205 09:51:58.872" rpa="false">
<suite id="s1" name="Amazon" source="C:\development\robot-scripts\TestSuite\tests\amazon.robot">
<kw name="Insert testing data" library="Common" type="setup">
<kw name="Log" library="BuiltIn">
<doc>Logs the given message with the given level.</doc>
<arguments>
<arg>Setting up test data for suite</arg>
</arguments>
<msg timestamp="20210205 09:51:59.247" level="INFO">Setting up test data for suite</msg>
<status status="PASS" starttime="20210205 09:51:59.245" endtime="20210205 09:51:59.247"></status>
</kw>
<kw name="Custom Keyword 1" library="Common">
<kw name="Log" library="BuiltIn">
<doc>Logs the given message with the given level.</doc>
<arguments>
<arg>Executing keyword 1</arg>
</arguments>
<msg timestamp="20210205 09:51:59.248" level="INFO">Executing keyword 1</msg>
<status status="PASS" starttime="20210205 09:51:59.248" endtime="20210205 09:51:59.248"></status>
</kw>
<status status="PASS" starttime="20210205 09:51:59.247" endtime="20210205 09:51:59.248"></status>
</kw>
<kw name="Custom Keyword 2" library="Common">
<kw name="Log" library="BuiltIn">
<doc>Logs the given message with the given level.</doc>
<arguments>
<arg>Executing keyword 2</arg>
</arguments>
<msg timestamp="20210205 09:51:59.249" level="INFO">Executing keyword 2</msg>
<status status="PASS" starttime="20210205 09:51:59.249" endtime="20210205 09:51:59.250"></status>
</kw>
<status status="PASS" starttime="20210205 09:51:59.249" endtime="20210205 09:51:59.250"></status>
</kw>
<status status="PASS" starttime="20210205 09:51:59.244" endtime="20210205 09:51:59.250"></status>
</kw>
<test id="s1-t1" name="User searches for products">
<kw name="Begin web test" library="Common" type="setup">
<kw name="Open Browser" library="SeleniumLibrary">
<doc>Opens a new browser instance to the optional ``url``.</doc>
<arguments>
<arg>about:blank</arg>
<arg>${BROWSER}</arg>
</arguments>
<msg timestamp="20210205 09:51:59.252" level="INFO">Opening browser 'chrome' to base url 'about:blank'.</msg>
<status status="PASS" starttime="20210205 09:51:59.252" endtime="20210205 09:52:02.784"></status>
</kw>
<kw name="Maximize Browser Window" library="SeleniumLibrary">
<doc>Maximizes current browser window.</doc>
<status status="PASS" starttime="20210205 09:52:02.785" endtime="20210205 09:52:04.929"></status>
</kw>
<status status="PASS" starttime="20210205 09:51:59.252" endtime="20210205 09:52:04.930"></status>
</kw>
<kw name="Search for products" library="AmazonGUI">
<kw name="Load url" library="LandingPage">
<kw name="Go To" library="SeleniumLibrary">
<doc>Navigates the current browser window to the provided ``url``.</doc>
<arguments>
<arg>${URL}</arg>
</arguments>
<msg timestamp="20210205 09:52:04.933" level="INFO">Opening url 'http://www.amazon.com.au'</msg>
<status status="PASS" starttime="20210205 09:52:04.933" endtime="20210205 09:52:08.861"></status>
</kw>
<status status="PASS" starttime="20210205 09:52:04.932" endtime="20210205 09:52:08.862"></status>
</kw>
<kw name="Verify page loaded" library="LandingPage">
<kw name="Wait Until Page Contains" library="SeleniumLibrary">
<doc>Waits until ``text`` appears on the current page.</doc>
<arguments>
<arg>Amazon.com.au</arg>
</arguments>
<status status="PASS" starttime="20210205 09:52:08.865" endtime="20210205 09:52:09.208"></status>
</kw>
<status status="PASS" starttime="20210205 09:52:08.863" endtime="20210205 09:52:09.209"></status>
</kw>
<kw name="Search for product" library="HeaderNav">
<kw name="Enter Search Term" library="HeaderNav">
<kw name="Input Text" library="SeleniumLibrary">
<doc>Types the given ``text`` into the text field identified by ``locator``.</doc>
<arguments>
<arg>id=twotabsearchtextbox</arg>
<arg>${SEARCH_TERM}</arg>
</arguments>
<msg timestamp="20210205 09:52:09.211" level="INFO">Typing text 'Tommy yacht jacket' into text field 'id=twotabsearchtextbox'.</msg>
<status status="PASS" starttime="20210205 09:52:09.210" endtime="20210205 09:52:09.452"></status>
</kw>
<status status="PASS" starttime="20210205 09:52:09.209" endtime="20210205 09:52:09.452"></status>
</kw>
<kw name="Submit Search" library="HeaderNav">
<kw name="Click Button" library="SeleniumLibrary">
<doc>Clicks the button identified by ``locator``.</doc>
<arguments>
<arg>css=#nav-search-submit-button</arg>
</arguments>
<msg timestamp="20210205 09:52:09.453" level="INFO">Clicking button 'css=#nav-search-submit-button'.</msg>
<status status="PASS" starttime="20210205 09:52:09.453" endtime="20210205 09:52:11.399"></status>
</kw>
<status status="PASS" starttime="20210205 09:52:09.453" endtime="20210205 09:52:11.399"></status>
</kw>
<status status="PASS" starttime="20210205 09:52:09.209" endtime="20210205 09:52:11.399"></status>
</kw>
<kw name="Verify search results display product" library="SearchResults">
<kw name="Wait Until Page Contains" library="SeleniumLibrary">
<doc>Waits until ``text`` appears on the current page.</doc>
<arguments>
<arg>results for "${SEARCH_TERM}"</arg>
</arguments>
<status status="PASS" starttime="20210205 09:52:11.404" endtime="20210205 09:52:11.552"></status>
</kw>
<status status="PASS" starttime="20210205 09:52:11.399" endtime="20210205 09:52:11.553"></status>
</kw>
<status status="PASS" starttime="20210205 09:52:04.931" endtime="20210205 09:52:11.553"></status>
</kw>
<kw name="End web test" library="Common" type="teardown">
<kw name="Close Browser" library="SeleniumLibrary">
<doc>Closes the current browser.</doc>
<status status="PASS" starttime="20210205 09:52:11.558" endtime="20210205 09:52:13.867"></status>
</kw>
<status status="PASS" starttime="20210205 09:52:11.556" endtime="20210205 09:52:13.868"></status>
</kw>
<doc>Basic test info</doc>
<tags>
<tag>Smoke</tag>
</tags>
<status status="PASS" starttime="20210205 09:51:59.250" endtime="20210205 09:52:13.869" critical="yes"></status>
</test>
<test id="s1-t2" name="User must sign in to check out">
<kw name="Begin web test" library="Common" type="setup">
<kw name="Open Browser" library="SeleniumLibrary">
<doc>Opens a new browser instance to the optional ``url``.</doc>
<arguments>
<arg>about:blank</arg>
<arg>${BROWSER}</arg>
</arguments>
<msg timestamp="20210205 09:52:13.876" level="INFO">Opening browser 'chrome' to base url 'about:blank'.</msg>
<status status="PASS" starttime="20210205 09:52:13.876" endtime="20210205 09:52:17.605"></status>
</kw>
<kw name="Maximize Browser Window" library="SeleniumLibrary">
<doc>Maximizes current browser window.</doc>
<status status="PASS" starttime="20210205 09:52:17.605" endtime="20210205 09:52:19.784"></status>
</kw>
<status status="PASS" starttime="20210205 09:52:13.875" endtime="20210205 09:52:19.784"></status>
</kw>
<kw name="Search for products" library="AmazonGUI">
<kw name="Load url" library="LandingPage">
<kw name="Go To" library="SeleniumLibrary">
<doc>Navigates the current browser window to the provided ``url``.</doc>
<arguments>
<arg>${URL}</arg>
</arguments>
<msg timestamp="20210205 09:52:19.784" level="INFO">Opening url 'http://www.amazon.com.au'</msg>
<status status="PASS" starttime="20210205 09:52:19.784" endtime="20210205 09:52:22.237"></status>
</kw>
<status status="PASS" starttime="20210205 09:52:19.784" endtime="20210205 09:52:22.237"></status>
</kw>
<kw name="Verify page loaded" library="LandingPage">
<kw name="Wait Until Page Contains" library="SeleniumLibrary">
<doc>Waits until ``text`` appears on the current page.</doc>
<arguments>
<arg>Amazon.com.au</arg>
</arguments>
<status status="PASS" starttime="20210205 09:52:22.239" endtime="20210205 09:52:22.962"></status>
</kw>
<status status="PASS" starttime="20210205 09:52:22.238" endtime="20210205 09:52:22.962"></status>
</kw>
<kw name="Search for product" library="HeaderNav">
<kw name="Enter Search Term" library="HeaderNav">
<kw name="Input Text" library="SeleniumLibrary">
<doc>Types the given ``text`` into the text field identified by ``locator``.</doc>
<arguments>
<arg>id=twotabsearchtextbox</arg>
<arg>${SEARCH_TERM}</arg>
</arguments>
<msg timestamp="20210205 09:52:22.966" level="INFO">Typing text 'Tommy yacht jacket' into text field 'id=twotabsearchtextbox'.</msg>
<status status="PASS" starttime="20210205 09:52:22.965" endtime="20210205 09:52:23.695"></status>
</kw>
<status status="PASS" starttime="20210205 09:52:22.964" endtime="20210205 09:52:23.696"></status>
</kw>
<kw name="Submit Search" library="HeaderNav">
<kw name="Click Button" library="SeleniumLibrary">
<doc>Clicks the button identified by ``locator``.</doc>
<arguments>
<arg>css=#nav-search-submit-button</arg>
</arguments>
<msg timestamp="20210205 09:52:23.697" level="INFO">Clicking button 'css=#nav-search-submit-button'.</msg>
<status status="PASS" starttime="20210205 09:52:23.697" endtime="20210205 09:52:25.931"></status>
</kw>
<status status="PASS" starttime="20210205 09:52:23.696" endtime="20210205 09:52:25.932"></status>
</kw>
<status status="PASS" starttime="20210205 09:52:22.962" endtime="20210205 09:52:25.932"></status>
</kw>
<kw name="Verify search results display product" library="SearchResults">
<kw name="Wait Until Page Contains" library="SeleniumLibrary">
<doc>Waits until ``text`` appears on the current page.</doc>
<arguments>
<arg>results for "${SEARCH_TERM}"</arg>
</arguments>
<status status="PASS" starttime="20210205 09:52:25.932" endtime="20210205 09:52:26.009"></status>
</kw>
<status status="PASS" starttime="20210205 09:52:25.932" endtime="20210205 09:52:26.010"></status>
</kw>
<status status="PASS" starttime="20210205 09:52:19.784" endtime="20210205 09:52:26.010"></status>
</kw>
<kw name="Select product from search results" library="AmazonGUI">
<kw name="Select product from search results" library="SearchResults">
<doc>Click on the first product in the search results</doc>
<kw name="Click Link" library="SeleniumLibrary">
<doc>Clicks a link identified by ``locator``.</doc>
<arguments>
<arg>css=#search &gt; div.s-desktop-width-max.s-desktop-content.sg-row &gt; div.sg-col-16-of-20.sg-col.sg-col-8-of-12.sg-col-12-of-16 &gt; div &gt; span:nth-child(4) &gt; div.s-main-slot.s-result-list.s-search-results.sg-row &gt; div:nth-child(2) &gt; div &gt; span &gt; div &gt; div &gt; div:nth-child(4) &gt; h2 &gt; a</arg>
</arguments>
<msg timestamp="20210205 09:52:26.013" level="INFO">Clicking link 'css=#search &gt; div.s-desktop-width-max.s-desktop-content.sg-row &gt; div.sg-col-16-of-20.sg-col.sg-col-8-of-12.sg-col-12-of-16 &gt; div &gt; span:nth-child(4) &gt; div.s-main-slot.s-result-list.s-search-results.sg-row &gt; div:nth-child(2) &gt; div &gt; span &gt; div &gt; div &gt; div:nth-child(4) &gt; h2 &gt; a'.</msg>
<status status="PASS" starttime="20210205 09:52:26.012" endtime="20210205 09:52:28.650"></status>
</kw>
<status status="PASS" starttime="20210205 09:52:26.012" endtime="20210205 09:52:28.651"></status>
</kw>
<kw name="Verify product page loaded" library="Product">
<kw name="Wait Until Page Contains" library="SeleniumLibrary">
<doc>Waits until ``text`` appears on the current page.</doc>
<arguments>
<arg>Back to results</arg>
</arguments>
<status status="PASS" starttime="20210205 09:52:28.652" endtime="20210205 09:52:28.731"></status>
</kw>
<status status="PASS" starttime="20210205 09:52:28.651" endtime="20210205 09:52:28.732"></status>
</kw>
<status status="PASS" starttime="20210205 09:52:26.011" endtime="20210205 09:52:28.732"></status>
</kw>
<kw name="Add product to cart" library="AmazonGUI">
<kw name="Choose product size" library="Product">
<kw name="Select From List By Label" library="SeleniumLibrary">
<doc>Selects options from selection list ``locator`` by ``labels``.</doc>
<arguments>
<arg>css=#native_dropdown_selected_size_name</arg>
<arg>${PRODUCT_SIZE}</arg>
</arguments>
<msg timestamp="20210205 09:52:28.732" level="INFO">Selecting options from selection list 'css=#native_dropdown_selected_size_name' by label Large.</msg>
<status status="PASS" starttime="20210205 09:52:28.732" endtime="20210205 09:52:29.206"></status>
</kw>
<kw name="Sleep" library="BuiltIn">
<doc>Pauses the test executed for the given time.</doc>
<arguments>
<arg>3s</arg>
</arguments>
<msg timestamp="20210205 09:52:32.212" level="INFO">Slept 3 seconds</msg>
<status status="PASS" starttime="20210205 09:52:29.207" endtime="20210205 09:52:32.212"></status>
</kw>
<status status="PASS" starttime="20210205 09:52:28.732" endtime="20210205 09:52:32.213"></status>
</kw>
<kw name="Add product to cart" library="Product">
<kw name="Click Button" library="SeleniumLibrary">
<doc>Clicks the button identified by ``locator``.</doc>
<arguments>
<arg>id=add-to-cart-button</arg>
</arguments>
<msg timestamp="20210205 09:52:32.214" level="INFO">Clicking button 'id=add-to-cart-button'.</msg>
<status status="PASS" starttime="20210205 09:52:32.214" endtime="20210205 09:52:32.517"></status>
</kw>
<kw name="Sleep" library="BuiltIn">
<doc>Pauses the test executed for the given time.</doc>
<arguments>
<arg>3s</arg>
</arguments>
<msg timestamp="20210205 09:52:35.522" level="INFO">Slept 3 seconds</msg>
<status status="PASS" starttime="20210205 09:52:32.517" endtime="20210205 09:52:35.522"></status>
</kw>
<status status="PASS" starttime="20210205 09:52:32.213" endtime="20210205 09:52:35.523"></status>
</kw>
<kw name="Verify product was added to cart" library="Product">
<kw name="Wait Until Page Contains" library="SeleniumLibrary">
<doc>Waits until ``text`` appears on the current page.</doc>
<arguments>
<arg>Added to Cart</arg>
</arguments>
<status status="PASS" starttime="20210205 09:52:35.524" endtime="20210205 09:52:35.583"></status>
</kw>
<status status="PASS" starttime="20210205 09:52:35.523" endtime="20210205 09:52:35.583"></status>
</kw>
<status status="PASS" starttime="20210205 09:52:28.732" endtime="20210205 09:52:35.584"></status>
</kw>
<kw name="Begin checkout" library="AmazonGUI">
<kw name="Click proceed to checkout" library="SignIn">
<kw name="Click Link" library="SeleniumLibrary">
<doc>Clicks a link identified by ``locator``.</doc>
<arguments>
<arg>Proceed to checkout (1 item)</arg>
</arguments>
<msg timestamp="20210205 09:52:35.588" level="INFO">Clicking link 'Proceed to checkout (1 item)'.</msg>
<status status="PASS" starttime="20210205 09:52:35.587" endtime="20210205 09:52:36.990"></status>
</kw>
<status status="PASS" starttime="20210205 09:52:35.586" endtime="20210205 09:52:36.990"></status>
</kw>
<kw name="Verify sign in page loaded" library="SignIn">
<kw name="Page Should Contain" library="SeleniumLibrary">
<doc>Verifies that current page contains ``text``.</doc>
<arguments>
<arg>Sign-In</arg>
</arguments>
<msg timestamp="20210205 09:52:37.030" level="INFO">Current page contains text 'Sign-In'.</msg>
<status status="PASS" starttime="20210205 09:52:36.991" endtime="20210205 09:52:37.030"></status>
</kw>
<kw name="Page Should Contain" library="SeleniumLibrary">
<doc>Verifies that current page contains ``text``.</doc>
<arguments>
<arg>Email or mobile phone number</arg>
</arguments>
<msg timestamp="20210205 09:52:37.066" level="INFO">Current page contains text 'Email or mobile phone number'.</msg>
<status status="PASS" starttime="20210205 09:52:37.031" endtime="20210205 09:52:37.066"></status>
</kw>
<status status="PASS" starttime="20210205 09:52:36.990" endtime="20210205 09:52:37.066"></status>
</kw>
<status status="PASS" starttime="20210205 09:52:35.585" endtime="20210205 09:52:37.066"></status>
</kw>
<kw name="End web test" library="Common" type="teardown">
<kw name="Close Browser" library="SeleniumLibrary">
<doc>Closes the current browser.</doc>
<status status="PASS" starttime="20210205 09:52:37.070" endtime="20210205 09:52:39.543"></status>
</kw>
<status status="PASS" starttime="20210205 09:52:37.066" endtime="20210205 09:52:39.544"></status>
</kw>
<doc>Basic test info</doc>
<tags>
<tag>Smoke</tag>
</tags>
<status status="PASS" starttime="20210205 09:52:13.873" endtime="20210205 09:52:39.546" critical="yes"></status>
</test>
<kw name="Cleanup testing data" library="Common" type="teardown">
<kw name="Log" library="BuiltIn">
<doc>Logs the given message with the given level.</doc>
<arguments>
<arg>Cleaning up test data</arg>
</arguments>
<msg timestamp="20210205 09:52:39.551" level="INFO">Cleaning up test data</msg>
<status status="PASS" starttime="20210205 09:52:39.551" endtime="20210205 09:52:39.551"></status>
</kw>
<kw name="Custom Keyword 3" library="Common">
<kw name="Log" library="BuiltIn">
<doc>Logs the given message with the given level.</doc>
<arguments>
<arg>Executing keyword 3</arg>
</arguments>
<msg timestamp="20210205 09:52:39.551" level="INFO">Executing keyword 3</msg>
<status status="PASS" starttime="20210205 09:52:39.551" endtime="20210205 09:52:39.551"></status>
</kw>
<status status="PASS" starttime="20210205 09:52:39.551" endtime="20210205 09:52:39.551"></status>
</kw>
<kw name="Custom Keyword 4" library="Common">
<kw name="Log" library="BuiltIn">
<doc>Logs the given message with the given level.</doc>
<arguments>
<arg>Executing keyword 4</arg>
</arguments>
<msg timestamp="20210205 09:52:39.551" level="INFO">Executing keyword 4</msg>
<status status="PASS" starttime="20210205 09:52:39.551" endtime="20210205 09:52:39.551"></status>
</kw>
<status status="PASS" starttime="20210205 09:52:39.551" endtime="20210205 09:52:39.551"></status>
</kw>
<status status="PASS" starttime="20210205 09:52:39.551" endtime="20210205 09:52:39.551"></status>
</kw>
<doc>Testing Amazon</doc>
<status status="PASS" starttime="20210205 09:51:58.879" endtime="20210205 09:52:39.551"></status>
</suite>
<statistics>
<total>
<stat pass="2" fail="0">Critical Tests</stat>
<stat pass="2" fail="0">All Tests</stat>
</total>
<tag>
<stat pass="2" fail="0">Smoke</stat>
</tag>
<suite>
<stat pass="2" fail="0" id="s1" name="Amazon">Amazon</stat>
</suite>
</statistics>
<errors>
<msg timestamp="20210205 09:51:59.200" level="ERROR">Error in file 'C:\development\robot-scripts\TestSuite\Resources\PO\Cart.robot' on line 4: Resource file '..\Resources\Common.robot' does not exist.</msg>
<msg timestamp="20210205 09:51:59.204" level="ERROR">Error in file 'C:\development\robot-scripts\TestSuite\Resources\PO\HeaderNav.robot' on line 4: Resource file '..\Resources\Common.robot' does not exist.</msg>
<msg timestamp="20210205 09:51:59.214" level="ERROR">Error in file 'C:\development\robot-scripts\TestSuite\Resources\PO\LandingPage.robot' on line 4: Resource file '..\Resources\Common.robot' does not exist.</msg>
<msg timestamp="20210205 09:51:59.224" level="ERROR">Error in file 'C:\development\robot-scripts\TestSuite\Resources\PO\Product.robot' on line 4: Resource file '..\Resources\Common.robot' does not exist.</msg>
<msg timestamp="20210205 09:51:59.227" level="ERROR">Error in file 'C:\development\robot-scripts\TestSuite\Resources\PO\SearchResults.robot' on line 4: Resource file '..\Resources\Common.robot' does not exist.</msg>
<msg timestamp="20210205 09:51:59.235" level="ERROR">Error in file 'C:\development\robot-scripts\TestSuite\Resources\PO\SignIn.robot' on line 4: Resource file '..\Resources\Common.robot' does not exist.</msg>
</errors>
</robot>
