<?xml version="1.0" encoding="UTF-8"?>
<robot generator="Robot 3.2.2 (Python 3.9.1 on win32)" generated="20210204 08:43:04.857" rpa="false">
<suite id="s1" name="Dune" source="c:\development\robot-scripts\TestSuite\tests\dune.robot">
<test id="s1-t1" name="Naivgate to Amazon, search for Dune and click on the link">
<kw name="Open Browser" library="SeleniumLibrary">
<doc>Opens a new browser instance to the optional ``url``.</doc>
<arguments>
<arg>http://www.amazon.com.au</arg>
<arg>chrome</arg>
</arguments>
<msg timestamp="20210204 08:43:05.117" level="INFO">Opening browser 'chrome' to base url 'http://www.amazon.com.au'.</msg>
<status status="PASS" starttime="20210204 08:43:05.117" endtime="20210204 08:43:11.124"></status>
</kw>
<kw name="Sleep" library="BuiltIn">
<doc>Pauses the test executed for the given time.</doc>
<arguments>
<arg>3s</arg>
</arguments>
<msg timestamp="20210204 08:43:14.127" level="INFO">Slept 3 seconds</msg>
<status status="PASS" starttime="20210204 08:43:11.125" endtime="20210204 08:43:14.127"></status>
</kw>
<kw name="Input Text" library="SeleniumLibrary">
<doc>Types the given ``text`` into the text field identified by ``locator``.</doc>
<arguments>
<arg>id=twotabsearchtextbox</arg>
<arg>dune</arg>
</arguments>
<msg timestamp="20210204 08:43:14.127" level="INFO">Typing text 'dune' into text field 'id=twotabsearchtextbox'.</msg>
<status status="PASS" starttime="20210204 08:43:14.127" endtime="20210204 08:43:14.214"></status>
</kw>
<kw name="Sleep" library="BuiltIn">
<doc>Pauses the test executed for the given time.</doc>
<arguments>
<arg>3s</arg>
</arguments>
<msg timestamp="20210204 08:43:17.216" level="INFO">Slept 3 seconds</msg>
<status status="PASS" starttime="20210204 08:43:14.214" endtime="20210204 08:43:17.216"></status>
</kw>
<kw name="Click Button" library="SeleniumLibrary">
<doc>Clicks the button identified by ``locator``.</doc>
<arguments>
<arg>css=#nav-search-submit-button</arg>
</arguments>
<msg timestamp="20210204 08:43:17.217" level="INFO">Clicking button 'css=#nav-search-submit-button'.</msg>
<status status="PASS" starttime="20210204 08:43:17.217" endtime="20210204 08:43:18.695"></status>
</kw>
<kw name="Click Link" library="SeleniumLibrary">
<doc>Clicks a link identified by ``locator``.</doc>
<arguments>
<arg>css=#search &gt; div.s-desktop-width-max.s-desktop-content.sg-row &gt; div.sg-col-16-of-20.sg-col.sg-col-8-of-12.sg-col-12-of-16 &gt; div &gt; span:nth-child(4) &gt; div.s-main-slot.s-result-list.s-search-results.sg-row &gt; div:nth-child(3) &gt; div &gt; span &gt; div &gt; div &gt; div:nth-child(2) &gt; div.sg-col-4-of-12.sg-col-8-of-16.sg-col-12-of-20.sg-col &gt; div &gt; div:nth-child(1) &gt; div &gt; div &gt; div:nth-child(1) &gt; h2 &gt; a</arg>
</arguments>
<msg timestamp="20210204 08:43:18.697" level="INFO">Clicking link 'css=#search &gt; div.s-desktop-width-max.s-desktop-content.sg-row &gt; div.sg-col-16-of-20.sg-col.sg-col-8-of-12.sg-col-12-of-16 &gt; div &gt; span:nth-child(4) &gt; div.s-main-slot.s-result-list.s-search-results.sg-row &gt; div:nth-child(3) &gt; div &gt; span &gt; div &gt; div &gt; div:nth-child(2) &gt; div.sg-col-4-of-12.sg-col-8-of-16.sg-col-12-of-20.sg-col &gt; div &gt; div:nth-child(1) &gt; div &gt; div &gt; div:nth-child(1) &gt; h2 &gt; a'.</msg>
<status status="PASS" starttime="20210204 08:43:18.696" endtime="20210204 08:43:22.474"></status>
</kw>
<kw name="Close Browser" library="SeleniumLibrary">
<doc>Closes the current browser.</doc>
<status status="PASS" starttime="20210204 08:43:22.474" endtime="20210204 08:43:24.597"></status>
</kw>
<doc>Test whether I can open Amazon</doc>
<tags>
<tag>Smoke Chrome</tag>
</tags>
<status status="PASS" starttime="20210204 08:43:05.116" endtime="20210204 08:43:24.599" critical="yes"></status>
</test>
<doc>Testing Amazon</doc>
<status status="PASS" starttime="20210204 08:43:04.859" endtime="20210204 08:43:24.604"></status>
</suite>
<statistics>
<total>
<stat pass="1" fail="0">Critical Tests</stat>
<stat pass="1" fail="0">All Tests</stat>
</total>
<tag>
<stat pass="1" fail="0">Smoke Chrome</stat>
</tag>
<suite>
<stat pass="1" fail="0" id="s1" name="Dune">Dune</stat>
</suite>
</statistics>
<errors>
</errors>
</robot>
