<?xml version="1.0" encoding="UTF-8"?>
<robot generator="Robot 3.2.2 (Python 3.9.1 on win32)" generated="20210204 14:29:35.986" rpa="false">
<suite id="s1" name="Amazon" source="C:\development\robot-scripts\TestSuite\tests\Amazon.robot">
<test id="s1-t1" name="Naivgate to Amazon, search for Dune and click on the link">
<kw name="Begin web test" library="Common" type="setup">
<kw name="Open Browser" library="SeleniumLibrary">
<doc>Opens a new browser instance to the optional ``url``.</doc>
<arguments>
<arg>${URL}</arg>
<arg>${BROWSER}</arg>
</arguments>
<msg timestamp="20210204 14:29:36.334" level="INFO">Opening browser 'chrome' to base url 'about:blank'.</msg>
<status status="PASS" starttime="20210204 14:29:36.333" endtime="20210204 14:29:39.429"></status>
</kw>
<kw name="Maximize Browser Window" library="SeleniumLibrary">
<doc>Maximizes current browser window.</doc>
<status status="PASS" starttime="20210204 14:29:39.429" endtime="20210204 14:29:41.566"></status>
</kw>
<status status="PASS" starttime="20210204 14:29:36.332" endtime="20210204 14:29:41.567"></status>
</kw>
<kw name="Begin web test" library="Common">
<kw name="Open Browser" library="SeleniumLibrary">
<doc>Opens a new browser instance to the optional ``url``.</doc>
<arguments>
<arg>${URL}</arg>
<arg>${BROWSER}</arg>
</arguments>
<msg timestamp="20210204 14:29:41.571" level="INFO">Opening browser 'chrome' to base url 'about:blank'.</msg>
<status status="PASS" starttime="20210204 14:29:41.570" endtime="20210204 14:29:44.666"></status>
</kw>
<kw name="Maximize Browser Window" library="SeleniumLibrary">
<doc>Maximizes current browser window.</doc>
<status status="PASS" starttime="20210204 14:29:44.666" endtime="20210204 14:29:46.835"></status>
</kw>
<status status="PASS" starttime="20210204 14:29:41.569" endtime="20210204 14:29:46.835"></status>
</kw>
<kw name="Search for products" library="AmazonGUI">
<kw name="Go To" library="SeleniumLibrary">
<doc>Navigates the current browser window to the provided ``url``.</doc>
<arguments>
<arg>http://www.amazon.com.au</arg>
</arguments>
<msg timestamp="20210204 14:29:46.835" level="INFO">Opening url 'http://www.amazon.com.au'</msg>
<status status="PASS" starttime="20210204 14:29:46.835" endtime="20210204 14:29:49.895"></status>
</kw>
<kw name="Wait Until Page Contains" library="SeleniumLibrary">
<doc>Waits until ``text`` appears on the current page.</doc>
<arguments>
<arg>Amazon.com.au</arg>
</arguments>
<status status="PASS" starttime="20210204 14:29:49.895" endtime="20210204 14:29:50.004"></status>
</kw>
<kw name="Sleep" library="BuiltIn">
<doc>Pauses the test executed for the given time.</doc>
<arguments>
<arg>3s</arg>
</arguments>
<msg timestamp="20210204 14:29:53.005" level="INFO">Slept 3 seconds</msg>
<status status="PASS" starttime="20210204 14:29:50.004" endtime="20210204 14:29:53.005"></status>
</kw>
<kw name="Input Text" library="SeleniumLibrary">
<doc>Types the given ``text`` into the text field identified by ``locator``.</doc>
<arguments>
<arg>id=twotabsearchtextbox</arg>
<arg>dune</arg>
</arguments>
<msg timestamp="20210204 14:29:53.006" level="INFO">Typing text 'dune' into text field 'id=twotabsearchtextbox'.</msg>
<status status="PASS" starttime="20210204 14:29:53.005" endtime="20210204 14:29:53.152"></status>
</kw>
<kw name="Click Button" library="SeleniumLibrary">
<doc>Clicks the button identified by ``locator``.</doc>
<arguments>
<arg>css=#nav-search-submit-button</arg>
</arguments>
<msg timestamp="20210204 14:29:53.152" level="INFO">Clicking button 'css=#nav-search-submit-button'.</msg>
<status status="PASS" starttime="20210204 14:29:53.152" endtime="20210204 14:29:55.112"></status>
</kw>
<kw name="Wait Until Page Contains" library="SeleniumLibrary">
<doc>Waits until ``text`` appears on the current page.</doc>
<arguments>
<arg>results for "dune"</arg>
</arguments>
<status status="PASS" starttime="20210204 14:29:55.113" endtime="20210204 14:29:55.139"></status>
</kw>
<status status="PASS" starttime="20210204 14:29:46.835" endtime="20210204 14:29:55.139"></status>
</kw>
<kw name="Select product from search results" library="AmazonGUI">
<kw name="Click Link" library="SeleniumLibrary">
<doc>Clicks a link identified by ``locator``.</doc>
<arguments>
<arg>css=#search &gt; div.s-desktop-width-max.s-desktop-content.sg-row &gt; div.sg-col-16-of-20.sg-col.sg-col-8-of-12.sg-col-12-of-16 &gt; div &gt; span:nth-child(4) &gt; div.s-main-slot.s-result-list.s-search-results.sg-row &gt; div:nth-child(3) &gt; div &gt; span &gt; div &gt; div &gt; div:nth-child(2) &gt; div.sg-col-4-of-12.sg-col-8-of-16.sg-col-12-of-20.sg-col &gt; div &gt; div:nth-child(1) &gt; div &gt; div &gt; div:nth-child(1) &gt; h2 &gt; a</arg>
</arguments>
<msg timestamp="20210204 14:29:55.140" level="INFO">Clicking link 'css=#search &gt; div.s-desktop-width-max.s-desktop-content.sg-row &gt; div.sg-col-16-of-20.sg-col.sg-col-8-of-12.sg-col-12-of-16 &gt; div &gt; span:nth-child(4) &gt; div.s-main-slot.s-result-list.s-search-results.sg-row &gt; div:nth-child(3) &gt; div &gt; span &gt; div &gt; div &gt; div:nth-child(2) &gt; div.sg-col-4-of-12.sg-col-8-of-16.sg-col-12-of-20.sg-col &gt; div &gt; div:nth-child(1) &gt; div &gt; div &gt; div:nth-child(1) &gt; h2 &gt; a'.</msg>
<status status="PASS" starttime="20210204 14:29:55.140" endtime="20210204 14:29:58.256"></status>
</kw>
<kw name="Wait Until Page Contains" library="SeleniumLibrary">
<doc>Waits until ``text`` appears on the current page.</doc>
<arguments>
<arg>Back to results</arg>
</arguments>
<status status="PASS" starttime="20210204 14:29:58.256" endtime="20210204 14:29:58.301"></status>
</kw>
<status status="PASS" starttime="20210204 14:29:55.140" endtime="20210204 14:29:58.301"></status>
</kw>
<kw name="Add product to cart" library="AmazonGUI">
<kw name="Click Button" library="SeleniumLibrary">
<doc>Clicks the button identified by ``locator``.</doc>
<arguments>
<arg>css=#submit\.add-to-cart &gt; span &gt; i</arg>
</arguments>
<msg timestamp="20210204 14:29:58.302" level="INFO">Clicking button 'css=#submit.add-to-cart &gt; span &gt; i'.</msg>
<kw name="Capture Page Screenshot" library="SeleniumLibrary">
<doc>Takes a screenshot of the current page and embeds it into a log file.</doc>
<msg timestamp="20210204 14:29:58.755" level="INFO" html="yes">&lt;/td&gt;&lt;/tr&gt;&lt;tr&gt;&lt;td colspan="3"&gt;&lt;a href="selenium-screenshot-9.png"&gt;&lt;img src="selenium-screenshot-9.png" width="800px"&gt;&lt;/a&gt;</msg>
<status status="PASS" starttime="20210204 14:29:58.315" endtime="20210204 14:29:58.756"></status>
</kw>
<msg timestamp="20210204 14:29:58.758" level="FAIL">Button with locator 'css=#submit.add-to-cart &gt; span &gt; i' not found.</msg>
<status status="FAIL" starttime="20210204 14:29:58.302" endtime="20210204 14:29:58.758"></status>
</kw>
<status status="FAIL" starttime="20210204 14:29:58.301" endtime="20210204 14:29:58.758"></status>
</kw>
<kw name="End Web Test" type="teardown">
<msg timestamp="20210204 14:29:58.759" level="FAIL">Multiple keywords with name 'End Web Test' found. Give the full name of the keyword you want to use:
    AmazonGUI.End web test
    Common.End web test</msg>
<status status="FAIL" starttime="20210204 14:29:58.758" endtime="20210204 14:29:58.759">Multiple keywords with name 'End Web Test' found. Give the full name of the keyword you want to use:
    AmazonGUI.End web test
    Common.End web test</status>
</kw>
<doc>Basic test info</doc>
<tags>
<tag>Smoke</tag>
</tags>
<status status="FAIL" starttime="20210204 14:29:36.330" endtime="20210204 14:29:58.759" critical="yes">Button with locator 'css=#submit.add-to-cart &gt; span &gt; i' not found.

Also teardown failed:
Multiple keywords with name 'End Web Test' found. Give the full name of the keyword you want to use:
    AmazonGUI.End web test
    Common.End web test</status>
</test>
<doc>Testing Amazon</doc>
<status status="FAIL" starttime="20210204 14:29:35.988" endtime="20210204 14:29:58.760"></status>
</suite>
<statistics>
<total>
<stat pass="0" fail="1">Critical Tests</stat>
<stat pass="0" fail="1">All Tests</stat>
</total>
<tag>
<stat pass="0" fail="1">Smoke</stat>
</tag>
<suite>
<stat pass="0" fail="1" id="s1" name="Amazon">Amazon</stat>
</suite>
</statistics>
<errors>
</errors>
</robot>
