<?xml version="1.0" encoding="UTF-8"?>
<robot generator="Robot 3.2.2 (Python 3.9.1 on win32)" generated="20210204 10:00:55.806" rpa="false">
<suite id="s1" name="Infocus" source="C:\development\robot-scripts\TestSuite\tests\infocus.robot">
<test id="s1-t1" name="Naivgate to Infocusworkshops, click on Courses Link">
<kw name="Open Browser" library="SeleniumLibrary">
<doc>Opens a new browser instance to the optional ``url``.</doc>
<arguments>
<arg>http://www.infocusworkshops.com</arg>
<arg>chrome</arg>
</arguments>
<msg timestamp="20210204 10:00:56.060" level="INFO">Opening browser 'chrome' to base url 'http://www.infocusworkshops.com'.</msg>
<status status="PASS" starttime="20210204 10:00:56.060" endtime="20210204 10:01:00.569"></status>
</kw>
<kw name="Sleep" library="BuiltIn">
<doc>Pauses the test executed for the given time.</doc>
<arguments>
<arg>3s</arg>
</arguments>
<msg timestamp="20210204 10:01:03.571" level="INFO">Slept 3 seconds</msg>
<status status="PASS" starttime="20210204 10:01:00.569" endtime="20210204 10:01:03.571"></status>
</kw>
<kw name="Click Link" library="SeleniumLibrary">
<doc>Clicks a link identified by ``locator``.</doc>
<arguments>
<arg>css=#comp-js57ymor1 &gt; a</arg>
</arguments>
<msg timestamp="20210204 10:01:03.573" level="INFO">Clicking link 'css=#comp-js57ymor1 &gt; a'.</msg>
<status status="PASS" starttime="20210204 10:01:03.572" endtime="20210204 10:01:03.748"></status>
</kw>
<kw name="Sleep" library="BuiltIn">
<doc>Pauses the test executed for the given time.</doc>
<arguments>
<arg>3s</arg>
</arguments>
<msg timestamp="20210204 10:01:06.764" level="INFO">Slept 3 seconds</msg>
<status status="PASS" starttime="20210204 10:01:03.748" endtime="20210204 10:01:06.764"></status>
</kw>
<kw name="Close Browser" library="SeleniumLibrary">
<doc>Closes the current browser.</doc>
<status status="PASS" starttime="20210204 10:01:06.764" endtime="20210204 10:01:08.876"></status>
</kw>
<doc>Test whether I can open Infocus Workshops</doc>
<tags>
<tag>Smoke Chrome</tag>
</tags>
<status status="PASS" starttime="20210204 10:00:56.058" endtime="20210204 10:01:08.876" critical="yes"></status>
</test>
<doc>Testing Infocus Workshops</doc>
<status status="PASS" starttime="20210204 10:00:55.806" endtime="20210204 10:01:08.876"></status>
</suite>
<statistics>
<total>
<stat pass="1" fail="0">Critical Tests</stat>
<stat pass="1" fail="0">All Tests</stat>
</total>
<tag>
<stat pass="1" fail="0">Smoke Chrome</stat>
</tag>
<suite>
<stat pass="1" fail="0" id="s1" name="Infocus">Infocus</stat>
</suite>
</statistics>
<errors>
</errors>
</robot>
