<?xml version="1.0" encoding="UTF-8"?>
<robot generator="Robot 3.2.2 (Python 3.9.1 on win32)" generated="20210208 08:15:12.057" rpa="false">
<suite id="s1" name="Amazon" source="C:\development\robot-scripts\TestSuite\tests\amazon.robot">
<kw name="Insert testing data" library="Common" type="setup">
<kw name="Log" library="BuiltIn">
<doc>Logs the given message with the given level.</doc>
<arguments>
<arg>Setting up test data for suite</arg>
</arguments>
<msg timestamp="20210208 08:15:12.233" level="INFO">Setting up test data for suite</msg>
<status status="PASS" starttime="20210208 08:15:12.233" endtime="20210208 08:15:12.233"></status>
</kw>
<kw name="Custom Keyword 1" library="Common">
<kw name="Log" library="BuiltIn">
<doc>Logs the given message with the given level.</doc>
<arguments>
<arg>Executing keyword 1</arg>
</arguments>
<msg timestamp="20210208 08:15:12.233" level="INFO">Executing keyword 1</msg>
<status status="PASS" starttime="20210208 08:15:12.233" endtime="20210208 08:15:12.233"></status>
</kw>
<status status="PASS" starttime="20210208 08:15:12.233" endtime="20210208 08:15:12.233"></status>
</kw>
<kw name="Custom Keyword 2" library="Common">
<kw name="Log" library="BuiltIn">
<doc>Logs the given message with the given level.</doc>
<arguments>
<arg>Executing keyword 2</arg>
</arguments>
<msg timestamp="20210208 08:15:12.234" level="INFO">Executing keyword 2</msg>
<status status="PASS" starttime="20210208 08:15:12.234" endtime="20210208 08:15:12.234"></status>
</kw>
<status status="PASS" starttime="20210208 08:15:12.233" endtime="20210208 08:15:12.234"></status>
</kw>
<status status="PASS" starttime="20210208 08:15:12.232" endtime="20210208 08:15:12.234"></status>
</kw>
<test id="s1-t1" name="User searches for products">
<kw name="Begin web test" library="Common" type="setup">
<kw name="Open Browser" library="SeleniumLibrary">
<doc>Opens a new browser instance to the optional ``url``.</doc>
<arguments>
<arg>about:blank</arg>
<arg>${BROWSER}</arg>
</arguments>
<msg timestamp="20210208 08:15:12.235" level="INFO">Opening browser 'chrome' to base url 'about:blank'.</msg>
<status status="PASS" starttime="20210208 08:15:12.235" endtime="20210208 08:15:15.792"></status>
</kw>
<kw name="Maximize Browser Window" library="SeleniumLibrary">
<doc>Maximizes current browser window.</doc>
<status status="PASS" starttime="20210208 08:15:15.792" endtime="20210208 08:15:17.929"></status>
</kw>
<status status="PASS" starttime="20210208 08:15:12.234" endtime="20210208 08:15:17.930"></status>
</kw>
<kw name="Search for products" library="AmazonGUI">
<kw name="Load url" library="LandingPage">
<kw name="Go To" library="SeleniumLibrary">
<doc>Navigates the current browser window to the provided ``url``.</doc>
<arguments>
<arg>${URL}</arg>
</arguments>
<msg timestamp="20210208 08:15:17.934" level="INFO">Opening url 'http://www.amazon.com.au'</msg>
<status status="PASS" starttime="20210208 08:15:17.933" endtime="20210208 08:15:20.183"></status>
</kw>
<status status="PASS" starttime="20210208 08:15:17.932" endtime="20210208 08:15:20.183"></status>
</kw>
<kw name="Verify page loaded" library="LandingPage">
<kw name="Wait Until Page Contains" library="SeleniumLibrary">
<doc>Waits until ``text`` appears on the current page.</doc>
<arguments>
<arg>Amazon.com.au</arg>
</arguments>
<status status="PASS" starttime="20210208 08:15:20.184" endtime="20210208 08:15:20.227"></status>
</kw>
<status status="PASS" starttime="20210208 08:15:20.183" endtime="20210208 08:15:20.227"></status>
</kw>
<kw name="Search for product" library="HeaderNav">
<kw name="Enter Search Term" library="HeaderNav">
<kw name="Input Text" library="SeleniumLibrary">
<doc>Types the given ``text`` into the text field identified by ``locator``.</doc>
<arguments>
<arg>id=twotabsearchtextbox</arg>
<arg>${SEARCH_TERM}</arg>
</arguments>
<msg timestamp="20210208 08:15:20.228" level="INFO">Typing text 'Tommy yacht jacket' into text field 'id=twotabsearchtextbox'.</msg>
<status status="PASS" starttime="20210208 08:15:20.228" endtime="20210208 08:15:20.401"></status>
</kw>
<status status="PASS" starttime="20210208 08:15:20.228" endtime="20210208 08:15:20.401"></status>
</kw>
<kw name="Submit Search" library="HeaderNav">
<kw name="Click Button" library="SeleniumLibrary">
<doc>Clicks the button identified by ``locator``.</doc>
<arguments>
<arg>css=#nav-search-submit-button</arg>
</arguments>
<msg timestamp="20210208 08:15:20.402" level="INFO">Clicking button 'css=#nav-search-submit-button'.</msg>
<status status="PASS" starttime="20210208 08:15:20.402" endtime="20210208 08:15:22.966"></status>
</kw>
<status status="PASS" starttime="20210208 08:15:20.401" endtime="20210208 08:15:22.966"></status>
</kw>
<status status="PASS" starttime="20210208 08:15:20.228" endtime="20210208 08:15:22.966"></status>
</kw>
<kw name="Verify search results display product" library="SearchResults">
<kw name="Wait Until Page Contains" library="SeleniumLibrary">
<doc>Waits until ``text`` appears on the current page.</doc>
<arguments>
<arg>results for "${SEARCH_TERM}"</arg>
</arguments>
<status status="PASS" starttime="20210208 08:15:22.967" endtime="20210208 08:15:22.983"></status>
</kw>
<status status="PASS" starttime="20210208 08:15:22.967" endtime="20210208 08:15:22.984"></status>
</kw>
<status status="PASS" starttime="20210208 08:15:17.931" endtime="20210208 08:15:22.984"></status>
</kw>
<kw name="End web test" library="Common" type="teardown">
<kw name="Close Browser" library="SeleniumLibrary">
<doc>Closes the current browser.</doc>
<status status="PASS" starttime="20210208 08:15:22.984" endtime="20210208 08:15:26.188"></status>
</kw>
<status status="PASS" starttime="20210208 08:15:22.984" endtime="20210208 08:15:26.188"></status>
</kw>
<doc>Basic test info</doc>
<tags>
<tag>Smoke</tag>
</tags>
<status status="PASS" starttime="20210208 08:15:12.234" endtime="20210208 08:15:26.189" critical="yes"></status>
</test>
<test id="s1-t2" name="User must sign in to check out">
<kw name="Begin web test" library="Common" type="setup">
<kw name="Open Browser" library="SeleniumLibrary">
<doc>Opens a new browser instance to the optional ``url``.</doc>
<arguments>
<arg>about:blank</arg>
<arg>${BROWSER}</arg>
</arguments>
<msg timestamp="20210208 08:15:26.199" level="INFO">Opening browser 'chrome' to base url 'about:blank'.</msg>
<status status="PASS" starttime="20210208 08:15:26.198" endtime="20210208 08:15:29.323"></status>
</kw>
<kw name="Maximize Browser Window" library="SeleniumLibrary">
<doc>Maximizes current browser window.</doc>
<status status="PASS" starttime="20210208 08:15:29.323" endtime="20210208 08:15:31.450"></status>
</kw>
<status status="PASS" starttime="20210208 08:15:26.197" endtime="20210208 08:15:31.451"></status>
</kw>
<kw name="Search for products" library="AmazonGUI">
<kw name="Load url" library="LandingPage">
<kw name="Go To" library="SeleniumLibrary">
<doc>Navigates the current browser window to the provided ``url``.</doc>
<arguments>
<arg>${URL}</arg>
</arguments>
<msg timestamp="20210208 08:15:31.455" level="INFO">Opening url 'http://www.amazon.com.au'</msg>
<status status="PASS" starttime="20210208 08:15:31.454" endtime="20210208 08:15:34.016"></status>
</kw>
<status status="PASS" starttime="20210208 08:15:31.453" endtime="20210208 08:15:34.016"></status>
</kw>
<kw name="Verify page loaded" library="LandingPage">
<kw name="Wait Until Page Contains" library="SeleniumLibrary">
<doc>Waits until ``text`` appears on the current page.</doc>
<arguments>
<arg>Amazon.com.au</arg>
</arguments>
<status status="PASS" starttime="20210208 08:15:34.016" endtime="20210208 08:15:34.066"></status>
</kw>
<status status="PASS" starttime="20210208 08:15:34.016" endtime="20210208 08:15:34.066"></status>
</kw>
<kw name="Search for product" library="HeaderNav">
<kw name="Enter Search Term" library="HeaderNav">
<kw name="Input Text" library="SeleniumLibrary">
<doc>Types the given ``text`` into the text field identified by ``locator``.</doc>
<arguments>
<arg>id=twotabsearchtextbox</arg>
<arg>${SEARCH_TERM}</arg>
</arguments>
<msg timestamp="20210208 08:15:34.067" level="INFO">Typing text 'Tommy yacht jacket' into text field 'id=twotabsearchtextbox'.</msg>
<status status="PASS" starttime="20210208 08:15:34.067" endtime="20210208 08:15:34.258"></status>
</kw>
<status status="PASS" starttime="20210208 08:15:34.067" endtime="20210208 08:15:34.259"></status>
</kw>
<kw name="Submit Search" library="HeaderNav">
<kw name="Click Button" library="SeleniumLibrary">
<doc>Clicks the button identified by ``locator``.</doc>
<arguments>
<arg>css=#nav-search-submit-button</arg>
</arguments>
<msg timestamp="20210208 08:15:34.259" level="INFO">Clicking button 'css=#nav-search-submit-button'.</msg>
<status status="PASS" starttime="20210208 08:15:34.259" endtime="20210208 08:15:35.960"></status>
</kw>
<status status="PASS" starttime="20210208 08:15:34.259" endtime="20210208 08:15:35.960"></status>
</kw>
<status status="PASS" starttime="20210208 08:15:34.066" endtime="20210208 08:15:35.961"></status>
</kw>
<kw name="Verify search results display product" library="SearchResults">
<kw name="Wait Until Page Contains" library="SeleniumLibrary">
<doc>Waits until ``text`` appears on the current page.</doc>
<arguments>
<arg>results for "${SEARCH_TERM}"</arg>
</arguments>
<status status="PASS" starttime="20210208 08:15:35.961" endtime="20210208 08:15:35.990"></status>
</kw>
<status status="PASS" starttime="20210208 08:15:35.961" endtime="20210208 08:15:35.991"></status>
</kw>
<status status="PASS" starttime="20210208 08:15:31.452" endtime="20210208 08:15:35.991"></status>
</kw>
<kw name="Select product from search results" library="AmazonGUI">
<kw name="Select product from search results" library="SearchResults">
<doc>Click on the first product in the search results</doc>
<kw name="Click Link" library="SeleniumLibrary">
<doc>Clicks a link identified by ``locator``.</doc>
<arguments>
<arg>css=#search &gt; div.s-desktop-width-max.s-desktop-content.sg-row &gt; div.sg-col-16-of-20.sg-col.sg-col-8-of-12.sg-col-12-of-16 &gt; div &gt; span:nth-child(4) &gt; div.s-main-slot.s-result-list.s-search-results.sg-row &gt; div:nth-child(2) &gt; div &gt; span &gt; div &gt; div &gt; div:nth-child(4) &gt; h2 &gt; a</arg>
</arguments>
<msg timestamp="20210208 08:15:35.992" level="INFO">Clicking link 'css=#search &gt; div.s-desktop-width-max.s-desktop-content.sg-row &gt; div.sg-col-16-of-20.sg-col.sg-col-8-of-12.sg-col-12-of-16 &gt; div &gt; span:nth-child(4) &gt; div.s-main-slot.s-result-list.s-search-results.sg-row &gt; div:nth-child(2) &gt; div &gt; span &gt; div &gt; div &gt; div:nth-child(4) &gt; h2 &gt; a'.</msg>
<status status="PASS" starttime="20210208 08:15:35.992" endtime="20210208 08:15:37.954"></status>
</kw>
<status status="PASS" starttime="20210208 08:15:35.992" endtime="20210208 08:15:37.954"></status>
</kw>
<kw name="Verify product page loaded" library="Product">
<kw name="Wait Until Page Contains" library="SeleniumLibrary">
<doc>Waits until ``text`` appears on the current page.</doc>
<arguments>
<arg>Back to results</arg>
</arguments>
<status status="PASS" starttime="20210208 08:15:37.955" endtime="20210208 08:15:37.992"></status>
</kw>
<status status="PASS" starttime="20210208 08:15:37.955" endtime="20210208 08:15:37.992"></status>
</kw>
<status status="PASS" starttime="20210208 08:15:35.991" endtime="20210208 08:15:37.992"></status>
</kw>
<kw name="Add product to cart" library="AmazonGUI">
<kw name="Choose product size" library="Product">
<kw name="Select From List By Label" library="SeleniumLibrary">
<doc>Selects options from selection list ``locator`` by ``labels``.</doc>
<arguments>
<arg>css=#native_dropdown_selected_size_name</arg>
<arg>${PRODUCT_SIZE}</arg>
</arguments>
<msg timestamp="20210208 08:15:37.993" level="INFO">Selecting options from selection list 'css=#native_dropdown_selected_size_name' by label Large.</msg>
<status status="PASS" starttime="20210208 08:15:37.993" endtime="20210208 08:15:38.065"></status>
</kw>
<kw name="Sleep" library="BuiltIn">
<doc>Pauses the test executed for the given time.</doc>
<arguments>
<arg>3s</arg>
</arguments>
<msg timestamp="20210208 08:15:41.068" level="INFO">Slept 3 seconds</msg>
<status status="PASS" starttime="20210208 08:15:38.065" endtime="20210208 08:15:41.068"></status>
</kw>
<status status="PASS" starttime="20210208 08:15:37.993" endtime="20210208 08:15:41.068"></status>
</kw>
<kw name="Add product to cart" library="Product">
<kw name="Click Button" library="SeleniumLibrary">
<doc>Clicks the button identified by ``locator``.</doc>
<arguments>
<arg>id=add-to-cart-button</arg>
</arguments>
<msg timestamp="20210208 08:15:41.068" level="INFO">Clicking button 'id=add-to-cart-button'.</msg>
<status status="PASS" starttime="20210208 08:15:41.068" endtime="20210208 08:15:41.166"></status>
</kw>
<kw name="Sleep" library="BuiltIn">
<doc>Pauses the test executed for the given time.</doc>
<arguments>
<arg>3s</arg>
</arguments>
<msg timestamp="20210208 08:15:44.167" level="INFO">Slept 3 seconds</msg>
<status status="PASS" starttime="20210208 08:15:41.166" endtime="20210208 08:15:44.167"></status>
</kw>
<status status="PASS" starttime="20210208 08:15:41.068" endtime="20210208 08:15:44.168"></status>
</kw>
<kw name="Verify product was added to cart" library="Product">
<kw name="Wait Until Page Contains" library="SeleniumLibrary">
<doc>Waits until ``text`` appears on the current page.</doc>
<arguments>
<arg>Added to Cart</arg>
</arguments>
<status status="PASS" starttime="20210208 08:15:44.170" endtime="20210208 08:15:44.235"></status>
</kw>
<status status="PASS" starttime="20210208 08:15:44.169" endtime="20210208 08:15:44.235"></status>
</kw>
<status status="PASS" starttime="20210208 08:15:37.993" endtime="20210208 08:15:44.235"></status>
</kw>
<kw name="Begin checkout" library="AmazonGUI">
<kw name="Click proceed to checkout" library="SignIn">
<kw name="Click Link" library="SeleniumLibrary">
<doc>Clicks a link identified by ``locator``.</doc>
<arguments>
<arg>Proceed to checkout (1 item)</arg>
</arguments>
<msg timestamp="20210208 08:15:44.238" level="INFO">Clicking link 'Proceed to checkout (1 item)'.</msg>
<status status="PASS" starttime="20210208 08:15:44.238" endtime="20210208 08:15:45.287"></status>
</kw>
<status status="PASS" starttime="20210208 08:15:44.237" endtime="20210208 08:15:45.287"></status>
</kw>
<kw name="Verify sign in page loaded" library="SignIn">
<kw name="Page Should Contain" library="SeleniumLibrary">
<doc>Verifies that current page contains ``text``.</doc>
<arguments>
<arg>Sign-In</arg>
</arguments>
<msg timestamp="20210208 08:15:45.301" level="INFO">Current page contains text 'Sign-In'.</msg>
<status status="PASS" starttime="20210208 08:15:45.288" endtime="20210208 08:15:45.301"></status>
</kw>
<kw name="Page Should Contain" library="SeleniumLibrary">
<doc>Verifies that current page contains ``text``.</doc>
<arguments>
<arg>Email or mobile phone number</arg>
</arguments>
<msg timestamp="20210208 08:15:45.312" level="INFO">Current page contains text 'Email or mobile phone number'.</msg>
<status status="PASS" starttime="20210208 08:15:45.302" endtime="20210208 08:15:45.312"></status>
</kw>
<status status="PASS" starttime="20210208 08:15:45.288" endtime="20210208 08:15:45.312"></status>
</kw>
<status status="PASS" starttime="20210208 08:15:44.236" endtime="20210208 08:15:45.312"></status>
</kw>
<kw name="End web test" library="Common" type="teardown">
<kw name="Close Browser" library="SeleniumLibrary">
<doc>Closes the current browser.</doc>
<status status="PASS" starttime="20210208 08:15:45.313" endtime="20210208 08:15:47.426"></status>
</kw>
<status status="PASS" starttime="20210208 08:15:45.313" endtime="20210208 08:15:47.427"></status>
</kw>
<doc>Basic test info</doc>
<tags>
<tag>Smoke</tag>
</tags>
<status status="PASS" starttime="20210208 08:15:26.193" endtime="20210208 08:15:47.428" critical="yes"></status>
</test>
<test id="s1-t3" name="Set a variable in the test case">
<kw name="Begin web test" library="Common" type="setup">
<kw name="Open Browser" library="SeleniumLibrary">
<doc>Opens a new browser instance to the optional ``url``.</doc>
<arguments>
<arg>about:blank</arg>
<arg>${BROWSER}</arg>
</arguments>
<msg timestamp="20210208 08:15:47.437" level="INFO">Opening browser 'chrome' to base url 'about:blank'.</msg>
<status status="PASS" starttime="20210208 08:15:47.436" endtime="20210208 08:15:50.495"></status>
</kw>
<kw name="Maximize Browser Window" library="SeleniumLibrary">
<doc>Maximizes current browser window.</doc>
<status status="PASS" starttime="20210208 08:15:50.495" endtime="20210208 08:15:52.615"></status>
</kw>
<status status="PASS" starttime="20210208 08:15:47.434" endtime="20210208 08:15:52.615"></status>
</kw>
<kw name="Set Variable" library="BuiltIn">
<doc>Returns the given values which can then be assigned to a variables.</doc>
<arguments>
<arg>My new variable</arg>
</arguments>
<assign>
<var>${myNewVariable}</var>
</assign>
<msg timestamp="20210208 08:15:52.617" level="INFO">${myNewVariable} = My new variable</msg>
<status status="PASS" starttime="20210208 08:15:52.616" endtime="20210208 08:15:52.617"></status>
</kw>
<kw name="Log" library="BuiltIn">
<doc>Logs the given message with the given level.</doc>
<arguments>
<arg>${myNewVariable}</arg>
</arguments>
<msg timestamp="20210208 08:15:52.619" level="INFO">My new variable</msg>
<status status="PASS" starttime="20210208 08:15:52.618" endtime="20210208 08:15:52.619"></status>
</kw>
<kw name="End web test" library="Common" type="teardown">
<kw name="Close Browser" library="SeleniumLibrary">
<doc>Closes the current browser.</doc>
<status status="PASS" starttime="20210208 08:15:52.620" endtime="20210208 08:15:54.688"></status>
</kw>
<status status="PASS" starttime="20210208 08:15:52.619" endtime="20210208 08:15:54.688"></status>
</kw>
<doc>This is a fake test to show how you can log a variable at runtime</doc>
<tags>
<tag>Current</tag>
</tags>
<status status="PASS" starttime="20210208 08:15:47.432" endtime="20210208 08:15:54.690" critical="yes"></status>
</test>
<test id="s1-t4" name="Variable Demonstration">
<kw name="Begin web test" library="Common" type="setup">
<kw name="Open Browser" library="SeleniumLibrary">
<doc>Opens a new browser instance to the optional ``url``.</doc>
<arguments>
<arg>about:blank</arg>
<arg>${BROWSER}</arg>
</arguments>
<msg timestamp="20210208 08:15:54.698" level="INFO">Opening browser 'chrome' to base url 'about:blank'.</msg>
<status status="PASS" starttime="20210208 08:15:54.697" endtime="20210208 08:15:57.851"></status>
</kw>
<kw name="Maximize Browser Window" library="SeleniumLibrary">
<doc>Maximizes current browser window.</doc>
<status status="PASS" starttime="20210208 08:15:57.851" endtime="20210208 08:15:59.978"></status>
</kw>
<status status="PASS" starttime="20210208 08:15:54.696" endtime="20210208 08:15:59.978"></status>
</kw>
<kw name="Log" library="BuiltIn">
<doc>Logs the given message with the given level.</doc>
<arguments>
<arg>${MY_VARIABLE}</arg>
</arguments>
<msg timestamp="20210208 08:15:59.981" level="INFO">Mein variable</msg>
<status status="PASS" starttime="20210208 08:15:59.980" endtime="20210208 08:15:59.981"></status>
</kw>
<kw name="End web test" library="Common" type="teardown">
<kw name="Close Browser" library="SeleniumLibrary">
<doc>Closes the current browser.</doc>
<status status="PASS" starttime="20210208 08:15:59.983" endtime="20210208 08:16:02.067"></status>
</kw>
<status status="PASS" starttime="20210208 08:15:59.982" endtime="20210208 08:16:02.068"></status>
</kw>
<status status="PASS" starttime="20210208 08:15:54.694" endtime="20210208 08:16:02.069" critical="yes"></status>
</test>
<kw name="Cleanup testing data" library="Common" type="teardown">
<kw name="Log" library="BuiltIn">
<doc>Logs the given message with the given level.</doc>
<arguments>
<arg>Cleaning up test data</arg>
</arguments>
<msg timestamp="20210208 08:16:02.079" level="INFO">Cleaning up test data</msg>
<status status="PASS" starttime="20210208 08:16:02.078" endtime="20210208 08:16:02.079"></status>
</kw>
<kw name="Custom Keyword 3" library="Common">
<kw name="Log" library="BuiltIn">
<doc>Logs the given message with the given level.</doc>
<arguments>
<arg>Executing keyword 3</arg>
</arguments>
<msg timestamp="20210208 08:16:02.081" level="INFO">Executing keyword 3</msg>
<status status="PASS" starttime="20210208 08:16:02.080" endtime="20210208 08:16:02.081"></status>
</kw>
<status status="PASS" starttime="20210208 08:16:02.080" endtime="20210208 08:16:02.081"></status>
</kw>
<kw name="Custom Keyword 4" library="Common">
<kw name="Log" library="BuiltIn">
<doc>Logs the given message with the given level.</doc>
<arguments>
<arg>Executing keyword 4</arg>
</arguments>
<msg timestamp="20210208 08:16:02.082" level="INFO">Executing keyword 4</msg>
<status status="PASS" starttime="20210208 08:16:02.082" endtime="20210208 08:16:02.082"></status>
</kw>
<status status="PASS" starttime="20210208 08:16:02.081" endtime="20210208 08:16:02.083"></status>
</kw>
<status status="PASS" starttime="20210208 08:16:02.078" endtime="20210208 08:16:02.083"></status>
</kw>
<doc>Testing Amazon</doc>
<status status="PASS" starttime="20210208 08:15:12.058" endtime="20210208 08:16:02.083"></status>
</suite>
<statistics>
<total>
<stat pass="4" fail="0">Critical Tests</stat>
<stat pass="4" fail="0">All Tests</stat>
</total>
<tag>
<stat pass="1" fail="0">Current</stat>
<stat pass="2" fail="0">Smoke</stat>
</tag>
<suite>
<stat pass="4" fail="0" id="s1" name="Amazon">Amazon</stat>
</suite>
</statistics>
<errors>
<msg timestamp="20210208 08:15:12.218" level="ERROR">Error in file 'C:\development\robot-scripts\TestSuite\Resources\PO\Cart.robot' on line 4: Resource file '..\Resources\Common.robot' does not exist.</msg>
<msg timestamp="20210208 08:15:12.221" level="ERROR">Error in file 'C:\development\robot-scripts\TestSuite\Resources\PO\HeaderNav.robot' on line 4: Resource file '..\Resources\Common.robot' does not exist.</msg>
<msg timestamp="20210208 08:15:12.223" level="ERROR">Error in file 'C:\development\robot-scripts\TestSuite\Resources\PO\LandingPage.robot' on line 4: Resource file '..\Resources\Common.robot' does not exist.</msg>
<msg timestamp="20210208 08:15:12.226" level="ERROR">Error in file 'C:\development\robot-scripts\TestSuite\Resources\PO\Product.robot' on line 4: Resource file '..\Resources\Common.robot' does not exist.</msg>
<msg timestamp="20210208 08:15:12.229" level="ERROR">Error in file 'C:\development\robot-scripts\TestSuite\Resources\PO\SearchResults.robot' on line 4: Resource file '..\Resources\Common.robot' does not exist.</msg>
<msg timestamp="20210208 08:15:12.231" level="ERROR">Error in file 'C:\development\robot-scripts\TestSuite\Resources\PO\SignIn.robot' on line 4: Resource file '..\Resources\Common.robot' does not exist.</msg>
</errors>
</robot>
