<?xml version="1.0" encoding="UTF-8"?>
<robot generator="Robot 3.2.2 (Python 3.9.1 on win32)" generated="20210204 09:14:14.868" rpa="false">
<suite id="s1" name="Infocus" source="c:\development\robot-scripts\TestSuite\tests\infocus.robot">
<test id="s1-t1" name="Naivgate to Amazon, search for Dune and click on the link">
<kw name="Open Browser" library="SeleniumLibrary">
<doc>Opens a new browser instance to the optional ``url``.</doc>
<arguments>
<arg>http://www.infocusworkshops.com</arg>
<arg>chrome</arg>
</arguments>
<msg timestamp="20210204 09:14:15.163" level="INFO">Opening browser 'chrome' to base url 'http://www.infocusworkshops.com'.</msg>
<status status="PASS" starttime="20210204 09:14:15.163" endtime="20210204 09:14:19.274"></status>
</kw>
<kw name="Sleep" library="BuiltIn">
<doc>Pauses the test executed for the given time.</doc>
<arguments>
<arg>3s</arg>
</arguments>
<status status="FAIL" starttime="20210204 09:14:19.274" endtime="20210204 09:14:22.098"></status>
</kw>
<doc>Test whether I can open Infocus Workshops</doc>
<tags>
<tag>Smoke Chrome</tag>
</tags>
<status status="FAIL" starttime="20210204 09:14:15.161" endtime="20210204 09:14:22.102" critical="yes">Execution terminated by signal</status>
</test>
<doc>Testing Infocus Workshops</doc>
<status status="FAIL" starttime="20210204 09:14:14.869" endtime="20210204 09:14:22.105"></status>
</suite>
<statistics>
<total>
<stat pass="0" fail="1">Critical Tests</stat>
<stat pass="0" fail="1">All Tests</stat>
</total>
<tag>
<stat pass="0" fail="1">Smoke Chrome</stat>
</tag>
<suite>
<stat pass="0" fail="1" id="s1" name="Infocus">Infocus</stat>
</suite>
</statistics>
<errors>
</errors>
</robot>
