<?xml version="1.0" encoding="UTF-8"?>
<robot generator="Robot 3.2.2 (Python 3.9.1 on win32)" generated="20210208 09:36:38.816" rpa="false">
<suite id="s1" name="Amazon" source="C:\development\robot-scripts\TestSuite\tests\amazon.robot">
<kw name="Insert testing data" library="Common" type="setup">
<kw name="Log" library="BuiltIn">
<doc>Logs the given message with the given level.</doc>
<arguments>
<arg>Setting up test data for suite</arg>
</arguments>
<msg timestamp="20210208 09:36:39.030" level="INFO">Setting up test data for suite</msg>
<status status="PASS" starttime="20210208 09:36:39.030" endtime="20210208 09:36:39.030"></status>
</kw>
<kw name="Custom Keyword 1" library="Common">
<kw name="Log" library="BuiltIn">
<doc>Logs the given message with the given level.</doc>
<arguments>
<arg>Executing keyword 1</arg>
</arguments>
<msg timestamp="20210208 09:36:39.030" level="INFO">Executing keyword 1</msg>
<status status="PASS" starttime="20210208 09:36:39.030" endtime="20210208 09:36:39.030"></status>
</kw>
<status status="PASS" starttime="20210208 09:36:39.030" endtime="20210208 09:36:39.031"></status>
</kw>
<kw name="Custom Keyword 2" library="Common">
<kw name="Log" library="BuiltIn">
<doc>Logs the given message with the given level.</doc>
<arguments>
<arg>Executing keyword 2</arg>
</arguments>
<msg timestamp="20210208 09:36:39.032" level="INFO">Executing keyword 2</msg>
<status status="PASS" starttime="20210208 09:36:39.031" endtime="20210208 09:36:39.033"></status>
</kw>
<status status="PASS" starttime="20210208 09:36:39.031" endtime="20210208 09:36:39.033"></status>
</kw>
<status status="PASS" starttime="20210208 09:36:39.029" endtime="20210208 09:36:39.033"></status>
</kw>
<test id="s1-t1" name="User searches for products">
<kw name="Begin web test" library="Common" type="setup">
<msg timestamp="20210208 09:36:39.034" level="FAIL">Keyword 'Common.Begin web test' expected 2 arguments, got 0.</msg>
<status status="FAIL" starttime="20210208 09:36:39.034" endtime="20210208 09:36:39.034"></status>
</kw>
<kw name="End web test" library="Common" type="teardown">
<kw name="Close Browser" library="SeleniumLibrary">
<doc>Closes the current browser.</doc>
<status status="PASS" starttime="20210208 09:36:39.035" endtime="20210208 09:36:39.035"></status>
</kw>
<status status="PASS" starttime="20210208 09:36:39.034" endtime="20210208 09:36:39.035"></status>
</kw>
<doc>Basic test info</doc>
<tags>
<tag>Smoke</tag>
</tags>
<status status="FAIL" starttime="20210208 09:36:39.033" endtime="20210208 09:36:39.035" critical="yes">Setup failed:
Keyword 'Common.Begin web test' expected 2 arguments, got 0.</status>
</test>
<test id="s1-t2" name="User can view a product">
<kw name="Begin web test" library="Common" type="setup">
<msg timestamp="20210208 09:36:39.037" level="FAIL">Keyword 'Common.Begin web test' expected 2 arguments, got 0.</msg>
<status status="FAIL" starttime="20210208 09:36:39.037" endtime="20210208 09:36:39.037"></status>
</kw>
<kw name="End web test" library="Common" type="teardown">
<kw name="Close Browser" library="SeleniumLibrary">
<doc>Closes the current browser.</doc>
<status status="PASS" starttime="20210208 09:36:39.037" endtime="20210208 09:36:39.037"></status>
</kw>
<status status="PASS" starttime="20210208 09:36:39.037" endtime="20210208 09:36:39.038"></status>
</kw>
<tags>
<tag>Smoke</tag>
</tags>
<status status="FAIL" starttime="20210208 09:36:39.036" endtime="20210208 09:36:39.038" critical="yes">Setup failed:
Keyword 'Common.Begin web test' expected 2 arguments, got 0.</status>
</test>
<test id="s1-t3" name="User can add product to cart">
<kw name="Begin web test" library="Common" type="setup">
<msg timestamp="20210208 09:36:39.039" level="FAIL">Keyword 'Common.Begin web test' expected 2 arguments, got 0.</msg>
<status status="FAIL" starttime="20210208 09:36:39.039" endtime="20210208 09:36:39.039"></status>
</kw>
<kw name="End web test" library="Common" type="teardown">
<kw name="Close Browser" library="SeleniumLibrary">
<doc>Closes the current browser.</doc>
<status status="PASS" starttime="20210208 09:36:39.040" endtime="20210208 09:36:39.040"></status>
</kw>
<status status="PASS" starttime="20210208 09:36:39.040" endtime="20210208 09:36:39.040"></status>
</kw>
<tags>
<tag>Smoke</tag>
</tags>
<status status="FAIL" starttime="20210208 09:36:39.039" endtime="20210208 09:36:39.040" critical="yes">Setup failed:
Keyword 'Common.Begin web test' expected 2 arguments, got 0.</status>
</test>
<test id="s1-t4" name="User must sign in to check out">
<kw name="Begin web test" library="Common" type="setup">
<msg timestamp="20210208 09:36:39.042" level="FAIL">Keyword 'Common.Begin web test' expected 2 arguments, got 0.</msg>
<status status="FAIL" starttime="20210208 09:36:39.042" endtime="20210208 09:36:39.042"></status>
</kw>
<kw name="End web test" library="Common" type="teardown">
<kw name="Close Browser" library="SeleniumLibrary">
<doc>Closes the current browser.</doc>
<status status="PASS" starttime="20210208 09:36:39.043" endtime="20210208 09:36:39.043"></status>
</kw>
<status status="PASS" starttime="20210208 09:36:39.043" endtime="20210208 09:36:39.043"></status>
</kw>
<tags>
<tag>Smoke</tag>
</tags>
<status status="FAIL" starttime="20210208 09:36:39.041" endtime="20210208 09:36:39.043" critical="yes">Setup failed:
Keyword 'Common.Begin web test' expected 2 arguments, got 0.</status>
</test>
<kw name="Cleanup testing data" library="Common" type="teardown">
<kw name="Log" library="BuiltIn">
<doc>Logs the given message with the given level.</doc>
<arguments>
<arg>Cleaning up test data</arg>
</arguments>
<msg timestamp="20210208 09:36:39.045" level="INFO">Cleaning up test data</msg>
<status status="PASS" starttime="20210208 09:36:39.045" endtime="20210208 09:36:39.045"></status>
</kw>
<kw name="Custom Keyword 3" library="Common">
<kw name="Log" library="BuiltIn">
<doc>Logs the given message with the given level.</doc>
<arguments>
<arg>Executing keyword 3</arg>
</arguments>
<msg timestamp="20210208 09:36:39.045" level="INFO">Executing keyword 3</msg>
<status status="PASS" starttime="20210208 09:36:39.045" endtime="20210208 09:36:39.045"></status>
</kw>
<status status="PASS" starttime="20210208 09:36:39.045" endtime="20210208 09:36:39.046"></status>
</kw>
<kw name="Custom Keyword 4" library="Common">
<kw name="Log" library="BuiltIn">
<doc>Logs the given message with the given level.</doc>
<arguments>
<arg>Executing keyword 4</arg>
</arguments>
<msg timestamp="20210208 09:36:39.046" level="INFO">Executing keyword 4</msg>
<status status="PASS" starttime="20210208 09:36:39.046" endtime="20210208 09:36:39.046"></status>
</kw>
<status status="PASS" starttime="20210208 09:36:39.046" endtime="20210208 09:36:39.046"></status>
</kw>
<status status="PASS" starttime="20210208 09:36:39.045" endtime="20210208 09:36:39.046"></status>
</kw>
<doc>Testing Amazon</doc>
<status status="FAIL" starttime="20210208 09:36:38.818" endtime="20210208 09:36:39.046"></status>
</suite>
<statistics>
<total>
<stat pass="0" fail="4">Critical Tests</stat>
<stat pass="0" fail="4">All Tests</stat>
</total>
<tag>
<stat pass="0" fail="4">Smoke</stat>
</tag>
<suite>
<stat pass="0" fail="4" id="s1" name="Amazon">Amazon</stat>
</suite>
</statistics>
<errors>
<msg timestamp="20210208 09:36:39.006" level="ERROR">Error in file 'C:\development\robot-scripts\TestSuite\Resources\PO\Cart.robot' on line 4: Resource file '..\Resources\Common.robot' does not exist.</msg>
<msg timestamp="20210208 09:36:39.009" level="ERROR">Error in file 'C:\development\robot-scripts\TestSuite\Resources\PO\HeaderNav.robot' on line 4: Resource file '..\Resources\Common.robot' does not exist.</msg>
<msg timestamp="20210208 09:36:39.010" level="ERROR">Error in file 'C:\development\robot-scripts\TestSuite\Resources\PO\HeaderNav.robot' on line 5: Resource file '..\Tests\Amazon.robot' does not exist.</msg>
<msg timestamp="20210208 09:36:39.014" level="ERROR">Error in file 'C:\development\robot-scripts\TestSuite\Resources\PO\LandingPage.robot' on line 4: Resource file '..\Resources\Common.robot' does not exist.</msg>
<msg timestamp="20210208 09:36:39.015" level="ERROR">Error in file 'C:\development\robot-scripts\TestSuite\Resources\PO\LandingPage.robot' on line 5: Resource file '..\Tests\Amazon.robot' does not exist.</msg>
<msg timestamp="20210208 09:36:39.018" level="ERROR">Error in file 'C:\development\robot-scripts\TestSuite\Resources\PO\Product.robot' on line 4: Resource file '..\Resources\Common.robot' does not exist.</msg>
<msg timestamp="20210208 09:36:39.019" level="ERROR">Error in file 'C:\development\robot-scripts\TestSuite\Resources\PO\Product.robot' on line 5: Resource file '..\Tests\Amazon.robot' does not exist.</msg>
<msg timestamp="20210208 09:36:39.022" level="ERROR">Error in file 'C:\development\robot-scripts\TestSuite\Resources\PO\SearchResults.robot' on line 4: Resource file '..\Resources\Common.robot' does not exist.</msg>
<msg timestamp="20210208 09:36:39.024" level="ERROR">Error in file 'C:\development\robot-scripts\TestSuite\Resources\PO\SearchResults.robot' on line 5: Resource file '..\Tests\Amazon.robot' does not exist.</msg>
<msg timestamp="20210208 09:36:39.027" level="ERROR">Error in file 'C:\development\robot-scripts\TestSuite\Resources\PO\SignIn.robot' on line 4: Resource file '..\Resources\Common.robot' does not exist.</msg>
<msg timestamp="20210208 09:36:39.028" level="ERROR">Error in file 'C:\development\robot-scripts\TestSuite\Resources\PO\SignIn.robot' on line 5: Resource file '..\Tests\Amazon.robot' does not exist.</msg>
</errors>
</robot>
