<?xml version="1.0" encoding="UTF-8"?>
<robot generator="Robot 3.2.2 (Python 3.9.1 on win32)" generated="20210205 14:40:55.348" rpa="false">
<suite id="s1" name="Tests" source="C:\development\robot-scripts\TestSuite\tests">
<suite id="s1-s1" name="Amazon" source="C:\development\robot-scripts\TestSuite\tests\Amazon.robot">
<kw name="Insert testing data" library="Common" type="setup">
<kw name="Log" library="BuiltIn">
<doc>Logs the given message with the given level.</doc>
<arguments>
<arg>Setting up test data for suite</arg>
</arguments>
<msg timestamp="20210205 14:40:55.738" level="INFO">Setting up test data for suite</msg>
<status status="PASS" starttime="20210205 14:40:55.738" endtime="20210205 14:40:55.738"></status>
</kw>
<kw name="Custom Keyword 1" library="Common">
<kw name="Log" library="BuiltIn">
<doc>Logs the given message with the given level.</doc>
<arguments>
<arg>Executing keyword 1</arg>
</arguments>
<msg timestamp="20210205 14:40:55.739" level="INFO">Executing keyword 1</msg>
<status status="PASS" starttime="20210205 14:40:55.738" endtime="20210205 14:40:55.739"></status>
</kw>
<status status="PASS" starttime="20210205 14:40:55.738" endtime="20210205 14:40:55.739"></status>
</kw>
<kw name="Custom Keyword 2" library="Common">
<kw name="Log" library="BuiltIn">
<doc>Logs the given message with the given level.</doc>
<arguments>
<arg>Executing keyword 2</arg>
</arguments>
<msg timestamp="20210205 14:40:55.739" level="INFO">Executing keyword 2</msg>
<status status="PASS" starttime="20210205 14:40:55.739" endtime="20210205 14:40:55.739"></status>
</kw>
<status status="PASS" starttime="20210205 14:40:55.739" endtime="20210205 14:40:55.739"></status>
</kw>
<status status="PASS" starttime="20210205 14:40:55.737" endtime="20210205 14:40:55.739"></status>
</kw>
<test id="s1-s1-t1" name="Set a variable in the test case">
<kw name="Begin web test" library="Common" type="setup">
<kw name="Open Browser" library="SeleniumLibrary">
<doc>Opens a new browser instance to the optional ``url``.</doc>
<arguments>
<arg>about:blank</arg>
<arg>${BROWSER}</arg>
</arguments>
<msg timestamp="20210205 14:40:55.739" level="INFO">Opening browser 'chrome' to base url 'about:blank'.</msg>
<status status="PASS" starttime="20210205 14:40:55.739" endtime="20210205 14:40:59.580"></status>
</kw>
<kw name="Maximize Browser Window" library="SeleniumLibrary">
<doc>Maximizes current browser window.</doc>
<status status="PASS" starttime="20210205 14:40:59.580" endtime="20210205 14:41:01.769"></status>
</kw>
<status status="PASS" starttime="20210205 14:40:55.739" endtime="20210205 14:41:01.769"></status>
</kw>
<kw name="Set Variable" library="BuiltIn">
<doc>Returns the given values which can then be assigned to a variables.</doc>
<arguments>
<arg>My new variable</arg>
</arguments>
<assign>
<var>${myNewVariable}</var>
</assign>
<msg timestamp="20210205 14:41:01.769" level="INFO">${myNewVariable} = My new variable</msg>
<status status="PASS" starttime="20210205 14:41:01.769" endtime="20210205 14:41:01.769"></status>
</kw>
<kw name="Log" library="BuiltIn">
<doc>Logs the given message with the given level.</doc>
<arguments>
<arg>${myNewVariable}</arg>
</arguments>
<msg timestamp="20210205 14:41:01.773" level="INFO">My new variable</msg>
<status status="PASS" starttime="20210205 14:41:01.769" endtime="20210205 14:41:01.773"></status>
</kw>
<kw name="End web test" library="Common" type="teardown">
<kw name="Close Browser" library="SeleniumLibrary">
<doc>Closes the current browser.</doc>
<status status="PASS" starttime="20210205 14:41:01.773" endtime="20210205 14:41:04.035"></status>
</kw>
<status status="PASS" starttime="20210205 14:41:01.773" endtime="20210205 14:41:04.036"></status>
</kw>
<doc>This is a fake test to show how you can log a variable at runtime</doc>
<tags>
<tag>Current</tag>
</tags>
<status status="PASS" starttime="20210205 14:40:55.739" endtime="20210205 14:41:04.037" critical="yes"></status>
</test>
<kw name="Cleanup testing data" library="Common" type="teardown">
<kw name="Log" library="BuiltIn">
<doc>Logs the given message with the given level.</doc>
<arguments>
<arg>Cleaning up test data</arg>
</arguments>
<msg timestamp="20210205 14:41:04.043" level="INFO">Cleaning up test data</msg>
<status status="PASS" starttime="20210205 14:41:04.043" endtime="20210205 14:41:04.043"></status>
</kw>
<kw name="Custom Keyword 3" library="Common">
<kw name="Log" library="BuiltIn">
<doc>Logs the given message with the given level.</doc>
<arguments>
<arg>Executing keyword 3</arg>
</arguments>
<msg timestamp="20210205 14:41:04.043" level="INFO">Executing keyword 3</msg>
<status status="PASS" starttime="20210205 14:41:04.043" endtime="20210205 14:41:04.043"></status>
</kw>
<status status="PASS" starttime="20210205 14:41:04.043" endtime="20210205 14:41:04.043"></status>
</kw>
<kw name="Custom Keyword 4" library="Common">
<kw name="Log" library="BuiltIn">
<doc>Logs the given message with the given level.</doc>
<arguments>
<arg>Executing keyword 4</arg>
</arguments>
<msg timestamp="20210205 14:41:04.043" level="INFO">Executing keyword 4</msg>
<status status="PASS" starttime="20210205 14:41:04.043" endtime="20210205 14:41:04.043"></status>
</kw>
<status status="PASS" starttime="20210205 14:41:04.043" endtime="20210205 14:41:04.043"></status>
</kw>
<status status="PASS" starttime="20210205 14:41:04.043" endtime="20210205 14:41:04.043"></status>
</kw>
<doc>Testing Amazon</doc>
<status status="PASS" starttime="20210205 14:40:55.398" endtime="20210205 14:41:04.043"></status>
</suite>
<status status="PASS" starttime="20210205 14:40:55.352" endtime="20210205 14:41:04.059"></status>
</suite>
<statistics>
<total>
<stat pass="1" fail="0">Critical Tests</stat>
<stat pass="1" fail="0">All Tests</stat>
</total>
<tag>
<stat pass="1" fail="0">Current</stat>
</tag>
<suite>
<stat pass="1" fail="0" id="s1" name="Tests">Tests</stat>
<stat pass="1" fail="0" id="s1-s1" name="Amazon">Tests.Amazon</stat>
</suite>
</statistics>
<errors>
<msg timestamp="20210205 14:40:55.710" level="ERROR">Error in file 'C:\development\robot-scripts\TestSuite\Resources\PO\Cart.robot' on line 4: Resource file '..\Resources\Common.robot' does not exist.</msg>
<msg timestamp="20210205 14:40:55.714" level="ERROR">Error in file 'C:\development\robot-scripts\TestSuite\Resources\PO\HeaderNav.robot' on line 4: Resource file '..\Resources\Common.robot' does not exist.</msg>
<msg timestamp="20210205 14:40:55.719" level="ERROR">Error in file 'C:\development\robot-scripts\TestSuite\Resources\PO\LandingPage.robot' on line 4: Resource file '..\Resources\Common.robot' does not exist.</msg>
<msg timestamp="20210205 14:40:55.722" level="ERROR">Error in file 'C:\development\robot-scripts\TestSuite\Resources\PO\Product.robot' on line 4: Resource file '..\Resources\Common.robot' does not exist.</msg>
<msg timestamp="20210205 14:40:55.729" level="ERROR">Error in file 'C:\development\robot-scripts\TestSuite\Resources\PO\SearchResults.robot' on line 4: Resource file '..\Resources\Common.robot' does not exist.</msg>
<msg timestamp="20210205 14:40:55.732" level="ERROR">Error in file 'C:\development\robot-scripts\TestSuite\Resources\PO\SignIn.robot' on line 4: Resource file '..\Resources\Common.robot' does not exist.</msg>
</errors>
</robot>
