<?xml version="1.0" encoding="UTF-8"?>
<robot generator="Robot 3.2.2 (Python 3.9.1 on win32)" generated="20210204 14:39:43.516" rpa="false">
<suite id="s1" name="Amazon" source="C:\development\robot-scripts\TestSuite\tests\Amazon.robot">
<test id="s1-t1" name="Navigate to Amazon, search for Dune and click on the link">
<kw name="Begin web test" library="Common" type="setup">
<kw name="Open Browser" library="SeleniumLibrary">
<doc>Opens a new browser instance to the optional ``url``.</doc>
<arguments>
<arg>about:blank</arg>
<arg>chrome</arg>
</arguments>
<msg timestamp="20210204 14:39:43.689" level="INFO">Opening browser 'chrome' to base url 'about:blank'.</msg>
<status status="PASS" starttime="20210204 14:39:43.689" endtime="20210204 14:39:46.870"></status>
</kw>
<kw name="Maximize Browser Window" library="SeleniumLibrary">
<doc>Maximizes current browser window.</doc>
<status status="PASS" starttime="20210204 14:39:46.870" endtime="20210204 14:39:48.995"></status>
</kw>
<status status="PASS" starttime="20210204 14:39:43.689" endtime="20210204 14:39:48.995"></status>
</kw>
<kw name="Begin web test" library="Common">
<kw name="Open Browser" library="SeleniumLibrary">
<doc>Opens a new browser instance to the optional ``url``.</doc>
<arguments>
<arg>about:blank</arg>
<arg>chrome</arg>
</arguments>
<msg timestamp="20210204 14:39:48.997" level="INFO">Opening browser 'chrome' to base url 'about:blank'.</msg>
<status status="PASS" starttime="20210204 14:39:48.996" endtime="20210204 14:39:52.193"></status>
</kw>
<kw name="Maximize Browser Window" library="SeleniumLibrary">
<doc>Maximizes current browser window.</doc>
<status status="PASS" starttime="20210204 14:39:52.193" endtime="20210204 14:39:54.335"></status>
</kw>
<status status="PASS" starttime="20210204 14:39:48.996" endtime="20210204 14:39:54.335"></status>
</kw>
<kw name="Search for products" library="AmazonGUI">
<kw name="Go To" library="SeleniumLibrary">
<doc>Navigates the current browser window to the provided ``url``.</doc>
<arguments>
<arg>http://www.amazon.com.au</arg>
</arguments>
<msg timestamp="20210204 14:39:54.336" level="INFO">Opening url 'http://www.amazon.com.au'</msg>
<status status="PASS" starttime="20210204 14:39:54.336" endtime="20210204 14:39:57.047"></status>
</kw>
<kw name="Wait Until Page Contains" library="SeleniumLibrary">
<doc>Waits until ``text`` appears on the current page.</doc>
<arguments>
<arg>Amazon.com.au</arg>
</arguments>
<status status="PASS" starttime="20210204 14:39:57.047" endtime="20210204 14:39:57.094"></status>
</kw>
<kw name="Sleep" library="BuiltIn">
<doc>Pauses the test executed for the given time.</doc>
<arguments>
<arg>3s</arg>
</arguments>
<msg timestamp="20210204 14:40:00.097" level="INFO">Slept 3 seconds</msg>
<status status="PASS" starttime="20210204 14:39:57.094" endtime="20210204 14:40:00.097"></status>
</kw>
<kw name="Input Text" library="SeleniumLibrary">
<doc>Types the given ``text`` into the text field identified by ``locator``.</doc>
<arguments>
<arg>id=twotabsearchtextbox</arg>
<arg>dune</arg>
</arguments>
<msg timestamp="20210204 14:40:00.097" level="INFO">Typing text 'dune' into text field 'id=twotabsearchtextbox'.</msg>
<status status="PASS" starttime="20210204 14:40:00.097" endtime="20210204 14:40:00.187"></status>
</kw>
<kw name="Click Button" library="SeleniumLibrary">
<doc>Clicks the button identified by ``locator``.</doc>
<arguments>
<arg>css=#nav-search-submit-button</arg>
</arguments>
<msg timestamp="20210204 14:40:00.187" level="INFO">Clicking button 'css=#nav-search-submit-button'.</msg>
<status status="PASS" starttime="20210204 14:40:00.187" endtime="20210204 14:40:02.035"></status>
</kw>
<kw name="Wait Until Page Contains" library="SeleniumLibrary">
<doc>Waits until ``text`` appears on the current page.</doc>
<arguments>
<arg>results for "dune"</arg>
</arguments>
<status status="PASS" starttime="20210204 14:40:02.035" endtime="20210204 14:40:02.120"></status>
</kw>
<status status="PASS" starttime="20210204 14:39:54.336" endtime="20210204 14:40:02.120"></status>
</kw>
<kw name="Select product from search results" library="AmazonGUI">
<kw name="Click Link" library="SeleniumLibrary">
<doc>Clicks a link identified by ``locator``.</doc>
<arguments>
<arg>css=#search &gt; div.s-desktop-width-max.s-desktop-content.sg-row &gt; div.sg-col-16-of-20.sg-col.sg-col-8-of-12.sg-col-12-of-16 &gt; div &gt; span:nth-child(4) &gt; div.s-main-slot.s-result-list.s-search-results.sg-row &gt; div:nth-child(3) &gt; div &gt; span &gt; div &gt; div &gt; div:nth-child(2) &gt; div.sg-col-4-of-12.sg-col-8-of-16.sg-col-12-of-20.sg-col &gt; div &gt; div:nth-child(1) &gt; div &gt; div &gt; div:nth-child(1) &gt; h2 &gt; a</arg>
</arguments>
<msg timestamp="20210204 14:40:02.122" level="INFO">Clicking link 'css=#search &gt; div.s-desktop-width-max.s-desktop-content.sg-row &gt; div.sg-col-16-of-20.sg-col.sg-col-8-of-12.sg-col-12-of-16 &gt; div &gt; span:nth-child(4) &gt; div.s-main-slot.s-result-list.s-search-results.sg-row &gt; div:nth-child(3) &gt; div &gt; span &gt; div &gt; div &gt; div:nth-child(2) &gt; div.sg-col-4-of-12.sg-col-8-of-16.sg-col-12-of-20.sg-col &gt; div &gt; div:nth-child(1) &gt; div &gt; div &gt; div:nth-child(1) &gt; h2 &gt; a'.</msg>
<status status="PASS" starttime="20210204 14:40:02.121" endtime="20210204 14:40:05.275"></status>
</kw>
<kw name="Wait Until Page Contains" library="SeleniumLibrary">
<doc>Waits until ``text`` appears on the current page.</doc>
<arguments>
<arg>Back to results</arg>
</arguments>
<status status="PASS" starttime="20210204 14:40:05.276" endtime="20210204 14:40:05.387"></status>
</kw>
<status status="PASS" starttime="20210204 14:40:02.121" endtime="20210204 14:40:05.388"></status>
</kw>
<kw name="Add product to cart" library="AmazonGUI">
<kw name="Click Button" library="SeleniumLibrary">
<doc>Clicks the button identified by ``locator``.</doc>
<arguments>
<arg>id=add-to-cart-button</arg>
</arguments>
<msg timestamp="20210204 14:40:05.390" level="INFO">Clicking button 'id=add-to-cart-button'.</msg>
<status status="PASS" starttime="20210204 14:40:05.389" endtime="20210204 14:40:06.710"></status>
</kw>
<kw name="Wait Until Page Contains" library="SeleniumLibrary">
<doc>Waits until ``text`` appears on the current page.</doc>
<arguments>
<arg>Added to Cart</arg>
</arguments>
<status status="PASS" starttime="20210204 14:40:06.710" endtime="20210204 14:40:06.734"></status>
</kw>
<status status="PASS" starttime="20210204 14:40:05.388" endtime="20210204 14:40:06.734"></status>
</kw>
<kw name="Begin checkout" library="AmazonGUI">
<kw name="Click Link" library="SeleniumLibrary">
<doc>Clicks a link identified by ``locator``.</doc>
<arguments>
<arg>Proceed to Checkout</arg>
</arguments>
<msg timestamp="20210204 14:40:06.735" level="INFO">Clicking link 'Proceed to Checkout'.</msg>
<kw name="Capture Page Screenshot" library="SeleniumLibrary">
<doc>Takes a screenshot of the current page and embeds it into a log file.</doc>
<msg timestamp="20210204 14:40:07.538" level="INFO" html="yes">&lt;/td&gt;&lt;/tr&gt;&lt;tr&gt;&lt;td colspan="3"&gt;&lt;a href="selenium-screenshot-12.png"&gt;&lt;img src="selenium-screenshot-12.png" width="800px"&gt;&lt;/a&gt;</msg>
<status status="PASS" starttime="20210204 14:40:06.764" endtime="20210204 14:40:07.538"></status>
</kw>
<msg timestamp="20210204 14:40:07.541" level="FAIL">Link with locator 'Proceed to Checkout' not found.</msg>
<status status="FAIL" starttime="20210204 14:40:06.735" endtime="20210204 14:40:07.541"></status>
</kw>
<status status="FAIL" starttime="20210204 14:40:06.735" endtime="20210204 14:40:07.541"></status>
</kw>
<kw name="End web test" library="Common" type="teardown">
<kw name="Close Browser" library="SeleniumLibrary">
<doc>Closes the current browser.</doc>
<status status="PASS" starttime="20210204 14:40:07.542" endtime="20210204 14:40:09.717"></status>
</kw>
<status status="PASS" starttime="20210204 14:40:07.542" endtime="20210204 14:40:09.718"></status>
</kw>
<doc>Basic test info</doc>
<tags>
<tag>Smoke</tag>
</tags>
<status status="FAIL" starttime="20210204 14:39:43.688" endtime="20210204 14:40:09.719" critical="yes">Link with locator 'Proceed to Checkout' not found.</status>
</test>
<doc>Testing Amazon</doc>
<status status="FAIL" starttime="20210204 14:39:43.518" endtime="20210204 14:40:09.725"></status>
</suite>
<statistics>
<total>
<stat pass="0" fail="1">Critical Tests</stat>
<stat pass="0" fail="1">All Tests</stat>
</total>
<tag>
<stat pass="0" fail="1">Smoke</stat>
</tag>
<suite>
<stat pass="0" fail="1" id="s1" name="Amazon">Amazon</stat>
</suite>
</statistics>
<errors>
</errors>
</robot>
