<?xml version="1.0" encoding="UTF-8"?>
<robot generator="Robot 3.2.2 (Python 3.9.1 on win32)" generated="20210205 09:04:13.774" rpa="false">
<suite id="s1" name="Amazon" source="C:\development\robot-scripts\TestSuite\tests\amazon.robot">
<kw name="Insert testing data" library="Common" type="setup">
<kw name="Log" library="BuiltIn">
<doc>Logs the given message with the given level.</doc>
<arguments>
<arg>Setting up test data for suite</arg>
</arguments>
<msg timestamp="20210205 09:04:14.316" level="INFO">Setting up test data for suite</msg>
<status status="PASS" starttime="20210205 09:04:14.316" endtime="20210205 09:04:14.316"></status>
</kw>
<kw name="Custom Keyword 1" library="Common">
<kw name="Log" library="BuiltIn">
<doc>Logs the given message with the given level.</doc>
<arguments>
<arg>Executing keyword 1</arg>
</arguments>
<msg timestamp="20210205 09:04:14.317" level="INFO">Executing keyword 1</msg>
<status status="PASS" starttime="20210205 09:04:14.317" endtime="20210205 09:04:14.317"></status>
</kw>
<status status="PASS" starttime="20210205 09:04:14.317" endtime="20210205 09:04:14.318"></status>
</kw>
<kw name="Custom Keyword 2" library="Common">
<kw name="Log" library="BuiltIn">
<doc>Logs the given message with the given level.</doc>
<arguments>
<arg>Executing keyword 2</arg>
</arguments>
<msg timestamp="20210205 09:04:14.319" level="INFO">Executing keyword 2</msg>
<status status="PASS" starttime="20210205 09:04:14.318" endtime="20210205 09:04:14.319"></status>
</kw>
<status status="PASS" starttime="20210205 09:04:14.318" endtime="20210205 09:04:14.319"></status>
</kw>
<status status="PASS" starttime="20210205 09:04:14.316" endtime="20210205 09:04:14.320"></status>
</kw>
<test id="s1-t1" name="User searches for products">
<kw name="Begin web test" library="Common" type="setup">
<kw name="Open Browser" library="SeleniumLibrary">
<doc>Opens a new browser instance to the optional ``url``.</doc>
<arguments>
<arg>about:blank</arg>
<arg>chrome</arg>
</arguments>
<msg timestamp="20210205 09:04:14.320" level="INFO">Opening browser 'chrome' to base url 'about:blank'.</msg>
<status status="PASS" starttime="20210205 09:04:14.320" endtime="20210205 09:04:18.063"></status>
</kw>
<kw name="Maximize Browser Window" library="SeleniumLibrary">
<doc>Maximizes current browser window.</doc>
<status status="PASS" starttime="20210205 09:04:18.064" endtime="20210205 09:04:20.268"></status>
</kw>
<status status="PASS" starttime="20210205 09:04:14.320" endtime="20210205 09:04:20.268"></status>
</kw>
<kw name="Search for products" library="AmazonGUI">
<kw name="Load url" library="LandingPage">
<kw name="Go To" library="SeleniumLibrary">
<doc>Navigates the current browser window to the provided ``url``.</doc>
<arguments>
<arg>http://www.amazon.com.au</arg>
</arguments>
<msg timestamp="20210205 09:04:20.268" level="INFO">Opening url 'http://www.amazon.com.au'</msg>
<status status="PASS" starttime="20210205 09:04:20.268" endtime="20210205 09:04:23.320"></status>
</kw>
<status status="PASS" starttime="20210205 09:04:20.268" endtime="20210205 09:04:23.321"></status>
</kw>
<kw name="Verify page loaded" library="LandingPage">
<kw name="Wait Until Page Contains" library="SeleniumLibrary">
<doc>Waits until ``text`` appears on the current page.</doc>
<arguments>
<arg>Amazon.com.au</arg>
</arguments>
<status status="PASS" starttime="20210205 09:04:23.322" endtime="20210205 09:04:23.992"></status>
</kw>
<status status="PASS" starttime="20210205 09:04:23.321" endtime="20210205 09:04:23.993"></status>
</kw>
<kw name="Search for product" library="HeaderNav">
<kw name="Enter Search Term" library="HeaderNav">
<kw name="Input Text" library="SeleniumLibrary">
<doc>Types the given ``text`` into the text field identified by ``locator``.</doc>
<arguments>
<arg>id=twotabsearchtextbox</arg>
<arg>Tommy yacht jacket</arg>
</arguments>
<msg timestamp="20210205 09:04:23.995" level="INFO">Typing text 'Tommy yacht jacket' into text field 'id=twotabsearchtextbox'.</msg>
<status status="PASS" starttime="20210205 09:04:23.995" endtime="20210205 09:04:24.881"></status>
</kw>
<status status="PASS" starttime="20210205 09:04:23.994" endtime="20210205 09:04:24.882"></status>
</kw>
<kw name="Submit Search" library="HeaderNav">
<kw name="Click Button" library="SeleniumLibrary">
<doc>Clicks the button identified by ``locator``.</doc>
<arguments>
<arg>css=#nav-search-submit-button</arg>
</arguments>
<msg timestamp="20210205 09:04:24.885" level="INFO">Clicking button 'css=#nav-search-submit-button'.</msg>
<status status="PASS" starttime="20210205 09:04:24.884" endtime="20210205 09:04:27.027"></status>
</kw>
<status status="PASS" starttime="20210205 09:04:24.883" endtime="20210205 09:04:27.028"></status>
</kw>
<status status="PASS" starttime="20210205 09:04:23.993" endtime="20210205 09:04:27.028"></status>
</kw>
<kw name="Verify search results display product" library="SearchResults">
<kw name="Wait Until Page Contains" library="SeleniumLibrary">
<doc>Waits until ``text`` appears on the current page.</doc>
<arguments>
<arg>results for "Tommy yacht jacket"</arg>
</arguments>
<status status="PASS" starttime="20210205 09:04:27.029" endtime="20210205 09:04:27.113"></status>
</kw>
<status status="PASS" starttime="20210205 09:04:27.028" endtime="20210205 09:04:27.113"></status>
</kw>
<status status="PASS" starttime="20210205 09:04:20.268" endtime="20210205 09:04:27.113"></status>
</kw>
<kw name="End web test" library="Common" type="teardown">
<kw name="Close Browser" library="SeleniumLibrary">
<doc>Closes the current browser.</doc>
<status status="PASS" starttime="20210205 09:04:27.115" endtime="20210205 09:04:31.204"></status>
</kw>
<status status="PASS" starttime="20210205 09:04:27.113" endtime="20210205 09:04:31.204"></status>
</kw>
<doc>Basic test info</doc>
<tags>
<tag>Smoke</tag>
</tags>
<status status="PASS" starttime="20210205 09:04:14.320" endtime="20210205 09:04:31.205" critical="yes"></status>
</test>
<test id="s1-t2" name="User must sign in to check out">
<kw name="Begin web test" library="Common" type="setup">
<kw name="Open Browser" library="SeleniumLibrary">
<doc>Opens a new browser instance to the optional ``url``.</doc>
<arguments>
<arg>about:blank</arg>
<arg>chrome</arg>
</arguments>
<msg timestamp="20210205 09:04:31.208" level="INFO">Opening browser 'chrome' to base url 'about:blank'.</msg>
<status status="PASS" starttime="20210205 09:04:31.208" endtime="20210205 09:04:34.846"></status>
</kw>
<kw name="Maximize Browser Window" library="SeleniumLibrary">
<doc>Maximizes current browser window.</doc>
<status status="PASS" starttime="20210205 09:04:34.846" endtime="20210205 09:04:37.020"></status>
</kw>
<status status="PASS" starttime="20210205 09:04:31.208" endtime="20210205 09:04:37.020"></status>
</kw>
<kw name="Search for products" library="AmazonGUI">
<kw name="Load url" library="LandingPage">
<kw name="Go To" library="SeleniumLibrary">
<doc>Navigates the current browser window to the provided ``url``.</doc>
<arguments>
<arg>http://www.amazon.com.au</arg>
</arguments>
<msg timestamp="20210205 09:04:37.020" level="INFO">Opening url 'http://www.amazon.com.au'</msg>
<status status="PASS" starttime="20210205 09:04:37.020" endtime="20210205 09:04:39.243"></status>
</kw>
<status status="PASS" starttime="20210205 09:04:37.020" endtime="20210205 09:04:39.243"></status>
</kw>
<kw name="Verify page loaded" library="LandingPage">
<kw name="Wait Until Page Contains" library="SeleniumLibrary">
<doc>Waits until ``text`` appears on the current page.</doc>
<arguments>
<arg>Amazon.com.au</arg>
</arguments>
<status status="PASS" starttime="20210205 09:04:39.244" endtime="20210205 09:04:39.759"></status>
</kw>
<status status="PASS" starttime="20210205 09:04:39.243" endtime="20210205 09:04:39.761"></status>
</kw>
<kw name="Search for product" library="HeaderNav">
<kw name="Enter Search Term" library="HeaderNav">
<kw name="Input Text" library="SeleniumLibrary">
<doc>Types the given ``text`` into the text field identified by ``locator``.</doc>
<arguments>
<arg>id=twotabsearchtextbox</arg>
<arg>Tommy yacht jacket</arg>
</arguments>
<msg timestamp="20210205 09:04:39.768" level="INFO">Typing text 'Tommy yacht jacket' into text field 'id=twotabsearchtextbox'.</msg>
<status status="PASS" starttime="20210205 09:04:39.766" endtime="20210205 09:04:41.229"></status>
</kw>
<status status="PASS" starttime="20210205 09:04:39.764" endtime="20210205 09:04:41.229"></status>
</kw>
<kw name="Submit Search" library="HeaderNav">
<kw name="Click Button" library="SeleniumLibrary">
<doc>Clicks the button identified by ``locator``.</doc>
<arguments>
<arg>css=#nav-search-submit-button</arg>
</arguments>
<msg timestamp="20210205 09:04:41.230" level="INFO">Clicking button 'css=#nav-search-submit-button'.</msg>
<status status="PASS" starttime="20210205 09:04:41.230" endtime="20210205 09:04:43.114"></status>
</kw>
<status status="PASS" starttime="20210205 09:04:41.229" endtime="20210205 09:04:43.114"></status>
</kw>
<status status="PASS" starttime="20210205 09:04:39.762" endtime="20210205 09:04:43.115"></status>
</kw>
<kw name="Verify search results display product" library="SearchResults">
<kw name="Wait Until Page Contains" library="SeleniumLibrary">
<doc>Waits until ``text`` appears on the current page.</doc>
<arguments>
<arg>results for "Tommy yacht jacket"</arg>
</arguments>
<status status="PASS" starttime="20210205 09:04:43.116" endtime="20210205 09:04:43.257"></status>
</kw>
<status status="PASS" starttime="20210205 09:04:43.115" endtime="20210205 09:04:43.258"></status>
</kw>
<status status="PASS" starttime="20210205 09:04:37.020" endtime="20210205 09:04:43.258"></status>
</kw>
<kw name="Select product from search results" library="AmazonGUI">
<kw name="Select product from search results" library="SearchResults">
<doc>Click on the first product in the search results</doc>
<kw name="Click Link" library="SeleniumLibrary">
<doc>Clicks a link identified by ``locator``.</doc>
<arguments>
<arg>css=#search &gt; div.s-desktop-width-max.s-desktop-content.sg-row &gt; div.sg-col-16-of-20.sg-col.sg-col-8-of-12.sg-col-12-of-16 &gt; div &gt; span:nth-child(4) &gt; div.s-main-slot.s-result-list.s-search-results.sg-row &gt; div:nth-child(2) &gt; div &gt; span &gt; div &gt; div &gt; div:nth-child(4) &gt; h2 &gt; a</arg>
</arguments>
<msg timestamp="20210205 09:04:43.258" level="INFO">Clicking link 'css=#search &gt; div.s-desktop-width-max.s-desktop-content.sg-row &gt; div.sg-col-16-of-20.sg-col.sg-col-8-of-12.sg-col-12-of-16 &gt; div &gt; span:nth-child(4) &gt; div.s-main-slot.s-result-list.s-search-results.sg-row &gt; div:nth-child(2) &gt; div &gt; span &gt; div &gt; div &gt; div:nth-child(4) &gt; h2 &gt; a'.</msg>
<status status="PASS" starttime="20210205 09:04:43.258" endtime="20210205 09:04:46.012"></status>
</kw>
<status status="PASS" starttime="20210205 09:04:43.258" endtime="20210205 09:04:46.013"></status>
</kw>
<kw name="Verify product page loaded" library="Product">
<kw name="Wait Until Page Contains" library="SeleniumLibrary">
<doc>Waits until ``text`` appears on the current page.</doc>
<arguments>
<arg>Back to results</arg>
</arguments>
<status status="PASS" starttime="20210205 09:04:46.015" endtime="20210205 09:04:46.132"></status>
</kw>
<status status="PASS" starttime="20210205 09:04:46.014" endtime="20210205 09:04:46.133"></status>
</kw>
<status status="PASS" starttime="20210205 09:04:43.258" endtime="20210205 09:04:46.133"></status>
</kw>
<kw name="Add product to cart" library="AmazonGUI">
<kw name="Choose product size" library="Product">
<kw name="Select From List By Label" library="SeleniumLibrary">
<doc>Selects options from selection list ``locator`` by ``labels``.</doc>
<arguments>
<arg>css=#native_dropdown_selected_size_name</arg>
<arg>Large</arg>
</arguments>
<msg timestamp="20210205 09:04:46.135" level="INFO">Selecting options from selection list 'css=#native_dropdown_selected_size_name' by label Large.</msg>
<status status="PASS" starttime="20210205 09:04:46.135" endtime="20210205 09:04:46.368"></status>
</kw>
<kw name="Sleep" library="BuiltIn">
<doc>Pauses the test executed for the given time.</doc>
<arguments>
<arg>3s</arg>
</arguments>
<msg timestamp="20210205 09:04:49.371" level="INFO">Slept 3 seconds</msg>
<status status="PASS" starttime="20210205 09:04:46.369" endtime="20210205 09:04:49.371"></status>
</kw>
<status status="PASS" starttime="20210205 09:04:46.134" endtime="20210205 09:04:49.371"></status>
</kw>
<kw name="Add product to cart" library="Product">
<kw name="Click Button" library="SeleniumLibrary">
<doc>Clicks the button identified by ``locator``.</doc>
<arguments>
<arg>id=add-to-cart-button</arg>
</arguments>
<msg timestamp="20210205 09:04:49.372" level="INFO">Clicking button 'id=add-to-cart-button'.</msg>
<status status="PASS" starttime="20210205 09:04:49.372" endtime="20210205 09:04:49.892"></status>
</kw>
<kw name="Sleep" library="BuiltIn">
<doc>Pauses the test executed for the given time.</doc>
<arguments>
<arg>3s</arg>
</arguments>
<msg timestamp="20210205 09:04:52.898" level="INFO">Slept 3 seconds</msg>
<status status="PASS" starttime="20210205 09:04:49.893" endtime="20210205 09:04:52.899"></status>
</kw>
<status status="PASS" starttime="20210205 09:04:49.371" endtime="20210205 09:04:52.899"></status>
</kw>
<kw name="Verify product was added to cart" library="Product">
<kw name="Wait Until Page Contains" library="SeleniumLibrary">
<doc>Waits until ``text`` appears on the current page.</doc>
<arguments>
<arg>Added to Cart</arg>
</arguments>
<status status="PASS" starttime="20210205 09:04:52.900" endtime="20210205 09:04:52.990"></status>
</kw>
<status status="PASS" starttime="20210205 09:04:52.900" endtime="20210205 09:04:52.992"></status>
</kw>
<status status="PASS" starttime="20210205 09:04:46.134" endtime="20210205 09:04:52.993"></status>
</kw>
<kw name="Begin checkout" library="AmazonGUI">
<kw name="Click proceed to checkout" library="SignIn">
<kw name="Click Link" library="SeleniumLibrary">
<doc>Clicks a link identified by ``locator``.</doc>
<arguments>
<arg>Proceed to checkout (1 item)</arg>
</arguments>
<msg timestamp="20210205 09:04:53.000" level="INFO">Clicking link 'Proceed to checkout (1 item)'.</msg>
<status status="PASS" starttime="20210205 09:04:52.998" endtime="20210205 09:04:54.463"></status>
</kw>
<status status="PASS" starttime="20210205 09:04:52.996" endtime="20210205 09:04:54.464"></status>
</kw>
<kw name="Verify sign in page loaded" library="SignIn">
<kw name="Page Should Contain" library="SeleniumLibrary">
<doc>Verifies that current page contains ``text``.</doc>
<arguments>
<arg>Sign-In</arg>
</arguments>
<msg timestamp="20210205 09:04:54.514" level="INFO">Current page contains text 'Sign-In'.</msg>
<status status="PASS" starttime="20210205 09:04:54.465" endtime="20210205 09:04:54.514"></status>
</kw>
<kw name="Page Should Contain" library="SeleniumLibrary">
<doc>Verifies that current page contains ``text``.</doc>
<arguments>
<arg>Email or mobile phone number</arg>
</arguments>
<msg timestamp="20210205 09:04:54.557" level="INFO">Current page contains text 'Email or mobile phone number'.</msg>
<status status="PASS" starttime="20210205 09:04:54.514" endtime="20210205 09:04:54.557"></status>
</kw>
<status status="PASS" starttime="20210205 09:04:54.465" endtime="20210205 09:04:54.557"></status>
</kw>
<status status="PASS" starttime="20210205 09:04:52.995" endtime="20210205 09:04:54.557"></status>
</kw>
<kw name="End web test" library="Common" type="teardown">
<kw name="Close Browser" library="SeleniumLibrary">
<doc>Closes the current browser.</doc>
<status status="PASS" starttime="20210205 09:04:54.557" endtime="20210205 09:04:57.170"></status>
</kw>
<status status="PASS" starttime="20210205 09:04:54.557" endtime="20210205 09:04:57.170"></status>
</kw>
<doc>Basic test info</doc>
<tags>
<tag>Smoke</tag>
</tags>
<status status="PASS" starttime="20210205 09:04:31.207" endtime="20210205 09:04:57.170" critical="yes"></status>
</test>
<kw name="Cleanup testing data" library="Common" type="teardown">
<kw name="Log" library="BuiltIn">
<doc>Logs the given message with the given level.</doc>
<arguments>
<arg>Cleaning up test data</arg>
</arguments>
<msg timestamp="20210205 09:04:57.175" level="INFO">Cleaning up test data</msg>
<status status="PASS" starttime="20210205 09:04:57.175" endtime="20210205 09:04:57.175"></status>
</kw>
<kw name="Custom Keyword 3" library="Common">
<kw name="Log" library="BuiltIn">
<doc>Logs the given message with the given level.</doc>
<arguments>
<arg>Executing keyword 3</arg>
</arguments>
<msg timestamp="20210205 09:04:57.175" level="INFO">Executing keyword 3</msg>
<status status="PASS" starttime="20210205 09:04:57.175" endtime="20210205 09:04:57.175"></status>
</kw>
<status status="PASS" starttime="20210205 09:04:57.175" endtime="20210205 09:04:57.175"></status>
</kw>
<kw name="Custom Keyword 4" library="Common">
<kw name="Log" library="BuiltIn">
<doc>Logs the given message with the given level.</doc>
<arguments>
<arg>Executing keyword 4</arg>
</arguments>
<msg timestamp="20210205 09:04:57.175" level="INFO">Executing keyword 4</msg>
<status status="PASS" starttime="20210205 09:04:57.175" endtime="20210205 09:04:57.175"></status>
</kw>
<status status="PASS" starttime="20210205 09:04:57.175" endtime="20210205 09:04:57.175"></status>
</kw>
<status status="PASS" starttime="20210205 09:04:57.175" endtime="20210205 09:04:57.175"></status>
</kw>
<doc>Testing Amazon</doc>
<status status="PASS" starttime="20210205 09:04:13.776" endtime="20210205 09:04:57.175"></status>
</suite>
<statistics>
<total>
<stat pass="2" fail="0">Critical Tests</stat>
<stat pass="2" fail="0">All Tests</stat>
</total>
<tag>
<stat pass="2" fail="0">Smoke</stat>
</tag>
<suite>
<stat pass="2" fail="0" id="s1" name="Amazon">Amazon</stat>
</suite>
</statistics>
<errors>
</errors>
</robot>
