<?xml version="1.0" encoding="UTF-8"?>
<robot generator="Robot 3.2.2 (Python 3.9.1 on win32)" generated="20210215 07:51:13.106" rpa="false">
<suite id="s1" name="Amazon" source="C:\development\robot-scripts\Amazon_Test_Suite\tests\amazon.robot">
<kw name="Insert testing data" library="Common" type="setup">
<kw name="Log" library="BuiltIn">
<doc>Logs the given message with the given level.</doc>
<arguments>
<arg>Setting up test data for suite</arg>
</arguments>
<msg timestamp="20210215 07:51:16.970" level="INFO">Setting up test data for suite</msg>
<status status="PASS" starttime="20210215 07:51:16.969" endtime="20210215 07:51:16.970"></status>
</kw>
<kw name="Custom Keyword 1" library="Common">
<kw name="Log" library="BuiltIn">
<doc>Logs the given message with the given level.</doc>
<arguments>
<arg>Executing keyword 1</arg>
</arguments>
<msg timestamp="20210215 07:51:16.971" level="INFO">Executing keyword 1</msg>
<status status="PASS" starttime="20210215 07:51:16.971" endtime="20210215 07:51:16.971"></status>
</kw>
<status status="PASS" starttime="20210215 07:51:16.970" endtime="20210215 07:51:16.973"></status>
</kw>
<kw name="Custom Keyword 2" library="Common">
<kw name="Log" library="BuiltIn">
<doc>Logs the given message with the given level.</doc>
<arguments>
<arg>Executing keyword 2</arg>
</arguments>
<msg timestamp="20210215 07:51:16.974" level="INFO">Executing keyword 2</msg>
<status status="PASS" starttime="20210215 07:51:16.974" endtime="20210215 07:51:16.974"></status>
</kw>
<status status="PASS" starttime="20210215 07:51:16.973" endtime="20210215 07:51:16.975"></status>
</kw>
<status status="PASS" starttime="20210215 07:51:16.968" endtime="20210215 07:51:16.975"></status>
</kw>
<test id="s1-t1" name="User can Login">
<kw name="Begin web test" library="Common" type="setup">
<kw name="Open Browser" library="SeleniumLibrary">
<doc>Opens a new browser instance to the optional ``url``.</doc>
<arguments>
<arg>${URL}</arg>
<arg>${BROWSER}</arg>
</arguments>
<msg timestamp="20210215 07:51:16.977" level="INFO">Opening browser 'chrome' to base url 'http://www.amazon.com.au'.</msg>
<status status="PASS" starttime="20210215 07:51:16.977" endtime="20210215 07:51:27.536"></status>
</kw>
<kw name="Maximize Browser Window" library="SeleniumLibrary">
<doc>Maximizes current browser window.</doc>
<status status="PASS" starttime="20210215 07:51:27.537" endtime="20210215 07:51:30.042"></status>
</kw>
<status status="PASS" starttime="20210215 07:51:16.976" endtime="20210215 07:51:30.042"></status>
</kw>
<kw name="Login" library="AmazonGUI">
<arguments>
<arg>${LOGIN_EMAIL}</arg>
<arg>${LOGIN_PASSWORD}</arg>
</arguments>
<kw name="Login with valid credentials" library="SignIn">
<arguments>
<arg>${LOGIN_EMAIL}</arg>
<arg>${LOGIN_PASSWORD}</arg>
</arguments>
<kw name="Fill email field" library="SignIn">
<msg timestamp="20210215 07:51:30.045" level="FAIL">Keyword 'SignIn.Fill email field' expected 1 argument, got 0.</msg>
<status status="FAIL" starttime="20210215 07:51:30.044" endtime="20210215 07:51:30.045"></status>
</kw>
<status status="FAIL" starttime="20210215 07:51:30.044" endtime="20210215 07:51:30.045"></status>
</kw>
<status status="FAIL" starttime="20210215 07:51:30.043" endtime="20210215 07:51:30.045"></status>
</kw>
<kw name="End web test" library="Common" type="teardown">
<kw name="Close Browser" library="SeleniumLibrary">
<doc>Closes the current browser.</doc>
<status status="PASS" starttime="20210215 07:51:30.047" endtime="20210215 07:51:34.062"></status>
</kw>
<status status="PASS" starttime="20210215 07:51:30.046" endtime="20210215 07:51:34.063"></status>
</kw>
<status status="FAIL" starttime="20210215 07:51:16.975" endtime="20210215 07:51:34.064" critical="yes">Keyword 'SignIn.Fill email field' expected 1 argument, got 0.</status>
</test>
<test id="s1-t2" name="Logged out user can search for product">
<kw name="Begin web test" library="Common" type="setup">
<kw name="Open Browser" library="SeleniumLibrary">
<doc>Opens a new browser instance to the optional ``url``.</doc>
<arguments>
<arg>${URL}</arg>
<arg>${BROWSER}</arg>
</arguments>
<msg timestamp="20210215 07:51:34.073" level="INFO">Opening browser 'chrome' to base url 'http://www.amazon.com.au'.</msg>
<status status="PASS" starttime="20210215 07:51:34.072" endtime="20210215 07:51:40.627"></status>
</kw>
<kw name="Maximize Browser Window" library="SeleniumLibrary">
<doc>Maximizes current browser window.</doc>
<status status="PASS" starttime="20210215 07:51:40.627" endtime="20210215 07:51:42.841"></status>
</kw>
<status status="PASS" starttime="20210215 07:51:34.071" endtime="20210215 07:51:42.841"></status>
</kw>
<kw name="Search for products" library="AmazonGUI">
<kw name="Load url" library="LandingPage">
<kw name="Go To" library="SeleniumLibrary">
<doc>Navigates the current browser window to the provided ``url``.</doc>
<arguments>
<arg>${URL}</arg>
</arguments>
<msg timestamp="20210215 07:51:42.843" level="INFO">Opening url 'http://www.amazon.com.au'</msg>
<status status="PASS" starttime="20210215 07:51:42.843" endtime="20210215 07:51:45.690"></status>
</kw>
<status status="PASS" starttime="20210215 07:51:42.843" endtime="20210215 07:51:45.691"></status>
</kw>
<kw name="Verify page loaded" library="LandingPage">
<kw name="Wait Until Page Contains" library="SeleniumLibrary">
<doc>Waits until ``text`` appears on the current page.</doc>
<arguments>
<arg>Amazon.com.au</arg>
</arguments>
<status status="PASS" starttime="20210215 07:51:45.694" endtime="20210215 07:51:45.783"></status>
</kw>
<status status="PASS" starttime="20210215 07:51:45.692" endtime="20210215 07:51:45.783"></status>
</kw>
<kw name="Search for product" library="HeaderNav">
<kw name="Enter Search Term" library="HeaderNav">
<kw name="Input Text" library="SeleniumLibrary">
<doc>Types the given ``text`` into the text field identified by ``locator``.</doc>
<arguments>
<arg>${HEADER_SEARCH_BAR}</arg>
<arg>${SEARCH_TERM}</arg>
</arguments>
<msg timestamp="20210215 07:51:45.784" level="INFO">Typing text 'Tommy yacht jacket' into text field 'id=twotabsearchtextbox'.</msg>
<status status="PASS" starttime="20210215 07:51:45.784" endtime="20210215 07:51:46.304"></status>
</kw>
<status status="PASS" starttime="20210215 07:51:45.784" endtime="20210215 07:51:46.305"></status>
</kw>
<kw name="Submit Search" library="HeaderNav">
<kw name="Click Button" library="SeleniumLibrary">
<doc>Clicks the button identified by ``locator``.</doc>
<arguments>
<arg>${SUBMIT_SEARCH_BUTTON}</arg>
</arguments>
<msg timestamp="20210215 07:51:46.306" level="INFO">Clicking button 'css=#nav-search-submit-button'.</msg>
<status status="PASS" starttime="20210215 07:51:46.306" endtime="20210215 07:51:50.026"></status>
</kw>
<status status="PASS" starttime="20210215 07:51:46.305" endtime="20210215 07:51:50.026"></status>
</kw>
<status status="PASS" starttime="20210215 07:51:45.783" endtime="20210215 07:51:50.026"></status>
</kw>
<kw name="Verify search results display product" library="SearchResults">
<kw name="Wait Until Page Contains" library="SeleniumLibrary">
<doc>Waits until ``text`` appears on the current page.</doc>
<arguments>
<arg>results for "${SEARCH_TERM}"</arg>
</arguments>
<status status="PASS" starttime="20210215 07:51:50.026" endtime="20210215 07:51:50.152"></status>
</kw>
<status status="PASS" starttime="20210215 07:51:50.026" endtime="20210215 07:51:50.152"></status>
</kw>
<status status="PASS" starttime="20210215 07:51:42.842" endtime="20210215 07:51:50.152"></status>
</kw>
<kw name="End web test" library="Common" type="teardown">
<kw name="Close Browser" library="SeleniumLibrary">
<doc>Closes the current browser.</doc>
<status status="PASS" starttime="20210215 07:51:50.156" endtime="20210215 07:51:52.586"></status>
</kw>
<status status="PASS" starttime="20210215 07:51:50.152" endtime="20210215 07:51:52.587"></status>
</kw>
<doc>Basic test info</doc>
<tags>
<tag>Smoke</tag>
</tags>
<status status="PASS" starttime="20210215 07:51:34.069" endtime="20210215 07:51:52.592" critical="yes"></status>
</test>
<test id="s1-t3" name="Logged out user can view a product">
<kw name="Begin web test" library="Common" type="setup">
<kw name="Open Browser" library="SeleniumLibrary">
<doc>Opens a new browser instance to the optional ``url``.</doc>
<arguments>
<arg>${URL}</arg>
<arg>${BROWSER}</arg>
</arguments>
<msg timestamp="20210215 07:51:52.600" level="INFO">Opening browser 'chrome' to base url 'http://www.amazon.com.au'.</msg>
<status status="PASS" starttime="20210215 07:51:52.600" endtime="20210215 07:51:58.589"></status>
</kw>
<kw name="Maximize Browser Window" library="SeleniumLibrary">
<doc>Maximizes current browser window.</doc>
<status status="PASS" starttime="20210215 07:51:58.589" endtime="20210215 07:52:00.922"></status>
</kw>
<status status="PASS" starttime="20210215 07:51:52.600" endtime="20210215 07:52:00.922"></status>
</kw>
<kw name="Search for products" library="AmazonGUI">
<kw name="Load url" library="LandingPage">
<kw name="Go To" library="SeleniumLibrary">
<doc>Navigates the current browser window to the provided ``url``.</doc>
<arguments>
<arg>${URL}</arg>
</arguments>
<msg timestamp="20210215 07:52:00.925" level="INFO">Opening url 'http://www.amazon.com.au'</msg>
<status status="PASS" starttime="20210215 07:52:00.924" endtime="20210215 07:52:03.600"></status>
</kw>
<status status="PASS" starttime="20210215 07:52:00.923" endtime="20210215 07:52:03.602"></status>
</kw>
<kw name="Verify page loaded" library="LandingPage">
<kw name="Wait Until Page Contains" library="SeleniumLibrary">
<doc>Waits until ``text`` appears on the current page.</doc>
<arguments>
<arg>Amazon.com.au</arg>
</arguments>
<status status="PASS" starttime="20210215 07:52:03.603" endtime="20210215 07:52:03.767"></status>
</kw>
<status status="PASS" starttime="20210215 07:52:03.602" endtime="20210215 07:52:03.768"></status>
</kw>
<kw name="Search for product" library="HeaderNav">
<kw name="Enter Search Term" library="HeaderNav">
<kw name="Input Text" library="SeleniumLibrary">
<doc>Types the given ``text`` into the text field identified by ``locator``.</doc>
<arguments>
<arg>${HEADER_SEARCH_BAR}</arg>
<arg>${SEARCH_TERM}</arg>
</arguments>
<msg timestamp="20210215 07:52:03.772" level="INFO">Typing text 'Tommy yacht jacket' into text field 'id=twotabsearchtextbox'.</msg>
<status status="PASS" starttime="20210215 07:52:03.771" endtime="20210215 07:52:04.331"></status>
</kw>
<status status="PASS" starttime="20210215 07:52:03.770" endtime="20210215 07:52:04.331"></status>
</kw>
<kw name="Submit Search" library="HeaderNav">
<kw name="Click Button" library="SeleniumLibrary">
<doc>Clicks the button identified by ``locator``.</doc>
<arguments>
<arg>${SUBMIT_SEARCH_BUTTON}</arg>
</arguments>
<msg timestamp="20210215 07:52:04.336" level="INFO">Clicking button 'css=#nav-search-submit-button'.</msg>
<status status="PASS" starttime="20210215 07:52:04.335" endtime="20210215 07:52:06.420"></status>
</kw>
<status status="PASS" starttime="20210215 07:52:04.334" endtime="20210215 07:52:06.421"></status>
</kw>
<status status="PASS" starttime="20210215 07:52:03.769" endtime="20210215 07:52:06.421"></status>
</kw>
<kw name="Verify search results display product" library="SearchResults">
<kw name="Wait Until Page Contains" library="SeleniumLibrary">
<doc>Waits until ``text`` appears on the current page.</doc>
<arguments>
<arg>results for "${SEARCH_TERM}"</arg>
</arguments>
<status status="PASS" starttime="20210215 07:52:06.422" endtime="20210215 07:52:06.545"></status>
</kw>
<status status="PASS" starttime="20210215 07:52:06.422" endtime="20210215 07:52:06.545"></status>
</kw>
<status status="PASS" starttime="20210215 07:52:00.922" endtime="20210215 07:52:06.548"></status>
</kw>
<kw name="Select product from search results" library="AmazonGUI">
<kw name="Select product from search results" library="SearchResults">
<doc>Click on the first product in the search results</doc>
<kw name="Click Link" library="SeleniumLibrary">
<doc>Clicks a link identified by ``locator``.</doc>
<arguments>
<arg>css=#search &gt; div.s-desktop-width-max.s-desktop-content.sg-row &gt; div.sg-col-16-of-20.sg-col.sg-col-8-of-12.sg-col-12-of-16 &gt; div &gt; span:nth-child(4) &gt; div.s-main-slot.s-result-list.s-search-results.sg-row &gt; div:nth-child(2) &gt; div &gt; span &gt; div &gt; div &gt; div:nth-child(4) &gt; h2 &gt; a</arg>
</arguments>
<msg timestamp="20210215 07:52:06.552" level="INFO">Clicking link 'css=#search &gt; div.s-desktop-width-max.s-desktop-content.sg-row &gt; div.sg-col-16-of-20.sg-col.sg-col-8-of-12.sg-col-12-of-16 &gt; div &gt; span:nth-child(4) &gt; div.s-main-slot.s-result-list.s-search-results.sg-row &gt; div:nth-child(2) &gt; div &gt; span &gt; div &gt; div &gt; div:nth-child(4) &gt; h2 &gt; a'.</msg>
<status status="PASS" starttime="20210215 07:52:06.551" endtime="20210215 07:52:09.436"></status>
</kw>
<status status="PASS" starttime="20210215 07:52:06.550" endtime="20210215 07:52:09.437"></status>
</kw>
<kw name="Verify product page loaded" library="Product">
<kw name="Wait Until Page Contains" library="SeleniumLibrary">
<doc>Waits until ``text`` appears on the current page.</doc>
<arguments>
<arg>Back to results</arg>
</arguments>
<status status="PASS" starttime="20210215 07:52:09.439" endtime="20210215 07:52:09.700"></status>
</kw>
<status status="PASS" starttime="20210215 07:52:09.437" endtime="20210215 07:52:09.701"></status>
</kw>
<status status="PASS" starttime="20210215 07:52:06.549" endtime="20210215 07:52:09.702"></status>
</kw>
<kw name="End web test" library="Common" type="teardown">
<kw name="Close Browser" library="SeleniumLibrary">
<doc>Closes the current browser.</doc>
<status status="PASS" starttime="20210215 07:52:09.707" endtime="20210215 07:52:11.976"></status>
</kw>
<status status="PASS" starttime="20210215 07:52:09.705" endtime="20210215 07:52:11.976"></status>
</kw>
<tags>
<tag>Smoke</tag>
</tags>
<status status="PASS" starttime="20210215 07:51:52.597" endtime="20210215 07:52:11.978" critical="yes"></status>
</test>
<test id="s1-t4" name="Logged out user can add product to cart">
<kw name="Begin web test" library="Common" type="setup">
<kw name="Open Browser" library="SeleniumLibrary">
<doc>Opens a new browser instance to the optional ``url``.</doc>
<arguments>
<arg>${URL}</arg>
<arg>${BROWSER}</arg>
</arguments>
<msg timestamp="20210215 07:52:11.984" level="INFO">Opening browser 'chrome' to base url 'http://www.amazon.com.au'.</msg>
<status status="PASS" starttime="20210215 07:52:11.984" endtime="20210215 07:52:18.857"></status>
</kw>
<kw name="Maximize Browser Window" library="SeleniumLibrary">
<doc>Maximizes current browser window.</doc>
<status status="PASS" starttime="20210215 07:52:18.857" endtime="20210215 07:52:21.221"></status>
</kw>
<status status="PASS" starttime="20210215 07:52:11.983" endtime="20210215 07:52:21.221"></status>
</kw>
<kw name="Search for products" library="AmazonGUI">
<kw name="Load url" library="LandingPage">
<kw name="Go To" library="SeleniumLibrary">
<doc>Navigates the current browser window to the provided ``url``.</doc>
<arguments>
<arg>${URL}</arg>
</arguments>
<msg timestamp="20210215 07:52:21.224" level="INFO">Opening url 'http://www.amazon.com.au'</msg>
<status status="PASS" starttime="20210215 07:52:21.224" endtime="20210215 07:52:24.534"></status>
</kw>
<status status="PASS" starttime="20210215 07:52:21.223" endtime="20210215 07:52:24.534"></status>
</kw>
<kw name="Verify page loaded" library="LandingPage">
<kw name="Wait Until Page Contains" library="SeleniumLibrary">
<doc>Waits until ``text`` appears on the current page.</doc>
<arguments>
<arg>Amazon.com.au</arg>
</arguments>
<status status="PASS" starttime="20210215 07:52:24.535" endtime="20210215 07:52:24.596"></status>
</kw>
<status status="PASS" starttime="20210215 07:52:24.534" endtime="20210215 07:52:24.596"></status>
</kw>
<kw name="Search for product" library="HeaderNav">
<kw name="Enter Search Term" library="HeaderNav">
<kw name="Input Text" library="SeleniumLibrary">
<doc>Types the given ``text`` into the text field identified by ``locator``.</doc>
<arguments>
<arg>${HEADER_SEARCH_BAR}</arg>
<arg>${SEARCH_TERM}</arg>
</arguments>
<msg timestamp="20210215 07:52:24.598" level="INFO">Typing text 'Tommy yacht jacket' into text field 'id=twotabsearchtextbox'.</msg>
<status status="PASS" starttime="20210215 07:52:24.597" endtime="20210215 07:52:25.009"></status>
</kw>
<status status="PASS" starttime="20210215 07:52:24.597" endtime="20210215 07:52:25.010"></status>
</kw>
<kw name="Submit Search" library="HeaderNav">
<kw name="Click Button" library="SeleniumLibrary">
<doc>Clicks the button identified by ``locator``.</doc>
<arguments>
<arg>${SUBMIT_SEARCH_BUTTON}</arg>
</arguments>
<msg timestamp="20210215 07:52:25.013" level="INFO">Clicking button 'css=#nav-search-submit-button'.</msg>
<status status="PASS" starttime="20210215 07:52:25.012" endtime="20210215 07:52:27.862"></status>
</kw>
<status status="PASS" starttime="20210215 07:52:25.010" endtime="20210215 07:52:27.862"></status>
</kw>
<status status="PASS" starttime="20210215 07:52:24.596" endtime="20210215 07:52:27.863"></status>
</kw>
<kw name="Verify search results display product" library="SearchResults">
<kw name="Wait Until Page Contains" library="SeleniumLibrary">
<doc>Waits until ``text`` appears on the current page.</doc>
<arguments>
<arg>results for "${SEARCH_TERM}"</arg>
</arguments>
<status status="PASS" starttime="20210215 07:52:27.863" endtime="20210215 07:52:27.968"></status>
</kw>
<status status="PASS" starttime="20210215 07:52:27.863" endtime="20210215 07:52:27.968"></status>
</kw>
<status status="PASS" starttime="20210215 07:52:21.222" endtime="20210215 07:52:27.969"></status>
</kw>
<kw name="Select product from search results" library="AmazonGUI">
<kw name="Select product from search results" library="SearchResults">
<doc>Click on the first product in the search results</doc>
<kw name="Click Link" library="SeleniumLibrary">
<doc>Clicks a link identified by ``locator``.</doc>
<arguments>
<arg>css=#search &gt; div.s-desktop-width-max.s-desktop-content.sg-row &gt; div.sg-col-16-of-20.sg-col.sg-col-8-of-12.sg-col-12-of-16 &gt; div &gt; span:nth-child(4) &gt; div.s-main-slot.s-result-list.s-search-results.sg-row &gt; div:nth-child(2) &gt; div &gt; span &gt; div &gt; div &gt; div:nth-child(4) &gt; h2 &gt; a</arg>
</arguments>
<msg timestamp="20210215 07:52:27.972" level="INFO">Clicking link 'css=#search &gt; div.s-desktop-width-max.s-desktop-content.sg-row &gt; div.sg-col-16-of-20.sg-col.sg-col-8-of-12.sg-col-12-of-16 &gt; div &gt; span:nth-child(4) &gt; div.s-main-slot.s-result-list.s-search-results.sg-row &gt; div:nth-child(2) &gt; div &gt; span &gt; div &gt; div &gt; div:nth-child(4) &gt; h2 &gt; a'.</msg>
<status status="PASS" starttime="20210215 07:52:27.971" endtime="20210215 07:52:31.566"></status>
</kw>
<status status="PASS" starttime="20210215 07:52:27.970" endtime="20210215 07:52:31.567"></status>
</kw>
<kw name="Verify product page loaded" library="Product">
<kw name="Wait Until Page Contains" library="SeleniumLibrary">
<doc>Waits until ``text`` appears on the current page.</doc>
<arguments>
<arg>Back to results</arg>
</arguments>
<status status="PASS" starttime="20210215 07:52:31.568" endtime="20210215 07:52:31.677"></status>
</kw>
<status status="PASS" starttime="20210215 07:52:31.567" endtime="20210215 07:52:31.678"></status>
</kw>
<status status="PASS" starttime="20210215 07:52:27.970" endtime="20210215 07:52:31.679"></status>
</kw>
<kw name="Add product to cart" library="AmazonGUI">
<kw name="Choose product size" library="Product">
<kw name="Select From List By Label" library="SeleniumLibrary">
<doc>Selects options from selection list ``locator`` by ``labels``.</doc>
<arguments>
<arg>css=#native_dropdown_selected_size_name</arg>
<arg>${PRODUCT_SIZE}</arg>
</arguments>
<msg timestamp="20210215 07:52:31.681" level="INFO">Selecting options from selection list 'css=#native_dropdown_selected_size_name' by label Large.</msg>
<status status="PASS" starttime="20210215 07:52:31.681" endtime="20210215 07:52:32.290"></status>
</kw>
<kw name="Sleep" library="BuiltIn">
<doc>Pauses the test executed for the given time.</doc>
<arguments>
<arg>3s</arg>
</arguments>
<msg timestamp="20210215 07:52:35.299" level="INFO">Slept 3 seconds</msg>
<status status="PASS" starttime="20210215 07:52:32.292" endtime="20210215 07:52:35.300"></status>
</kw>
<status status="PASS" starttime="20210215 07:52:31.681" endtime="20210215 07:52:35.301"></status>
</kw>
<kw name="Add product to cart" library="Product">
<kw name="Click Button" library="SeleniumLibrary">
<doc>Clicks the button identified by ``locator``.</doc>
<arguments>
<arg>id=add-to-cart-button</arg>
</arguments>
<msg timestamp="20210215 07:52:35.304" level="INFO">Clicking button 'id=add-to-cart-button'.</msg>
<status status="PASS" starttime="20210215 07:52:35.302" endtime="20210215 07:52:36.042"></status>
</kw>
<kw name="Sleep" library="BuiltIn">
<doc>Pauses the test executed for the given time.</doc>
<arguments>
<arg>3s</arg>
</arguments>
<msg timestamp="20210215 07:52:39.043" level="INFO">Slept 3 seconds</msg>
<status status="PASS" starttime="20210215 07:52:36.042" endtime="20210215 07:52:39.044"></status>
</kw>
<status status="PASS" starttime="20210215 07:52:35.302" endtime="20210215 07:52:39.045"></status>
</kw>
<kw name="Verify product was added to cart" library="Product">
<kw name="Wait Until Page Contains" library="SeleniumLibrary">
<doc>Waits until ``text`` appears on the current page.</doc>
<arguments>
<arg>Added to Cart</arg>
</arguments>
<status status="PASS" starttime="20210215 07:52:39.048" endtime="20210215 07:52:39.128"></status>
</kw>
<status status="PASS" starttime="20210215 07:52:39.046" endtime="20210215 07:52:39.129"></status>
</kw>
<status status="PASS" starttime="20210215 07:52:31.680" endtime="20210215 07:52:39.130"></status>
</kw>
<kw name="End web test" library="Common" type="teardown">
<kw name="Close Browser" library="SeleniumLibrary">
<doc>Closes the current browser.</doc>
<status status="PASS" starttime="20210215 07:52:39.132" endtime="20210215 07:52:41.410"></status>
</kw>
<status status="PASS" starttime="20210215 07:52:39.132" endtime="20210215 07:52:41.411"></status>
</kw>
<tags>
<tag>Smoke</tag>
</tags>
<status status="PASS" starttime="20210215 07:52:11.981" endtime="20210215 07:52:41.411" critical="yes"></status>
</test>
<test id="s1-t5" name="Logged out user must sign in to check out">
<kw name="Begin web test" library="Common" type="setup">
<kw name="Open Browser" library="SeleniumLibrary">
<doc>Opens a new browser instance to the optional ``url``.</doc>
<arguments>
<arg>${URL}</arg>
<arg>${BROWSER}</arg>
</arguments>
<msg timestamp="20210215 07:52:41.421" level="INFO">Opening browser 'chrome' to base url 'http://www.amazon.com.au'.</msg>
<status status="PASS" starttime="20210215 07:52:41.420" endtime="20210215 07:52:48.826"></status>
</kw>
<kw name="Maximize Browser Window" library="SeleniumLibrary">
<doc>Maximizes current browser window.</doc>
<status status="PASS" starttime="20210215 07:52:48.827" endtime="20210215 07:52:51.362"></status>
</kw>
<status status="PASS" starttime="20210215 07:52:41.418" endtime="20210215 07:52:51.363"></status>
</kw>
<kw name="Search for products" library="AmazonGUI">
<kw name="Load url" library="LandingPage">
<kw name="Go To" library="SeleniumLibrary">
<doc>Navigates the current browser window to the provided ``url``.</doc>
<arguments>
<arg>${URL}</arg>
</arguments>
<msg timestamp="20210215 07:52:51.366" level="INFO">Opening url 'http://www.amazon.com.au'</msg>
<status status="PASS" starttime="20210215 07:52:51.365" endtime="20210215 07:52:54.209"></status>
</kw>
<status status="PASS" starttime="20210215 07:52:51.364" endtime="20210215 07:52:54.210"></status>
</kw>
<kw name="Verify page loaded" library="LandingPage">
<kw name="Wait Until Page Contains" library="SeleniumLibrary">
<doc>Waits until ``text`` appears on the current page.</doc>
<arguments>
<arg>Amazon.com.au</arg>
</arguments>
<status status="PASS" starttime="20210215 07:52:54.211" endtime="20210215 07:52:54.274"></status>
</kw>
<status status="PASS" starttime="20210215 07:52:54.210" endtime="20210215 07:52:54.274"></status>
</kw>
<kw name="Search for product" library="HeaderNav">
<kw name="Enter Search Term" library="HeaderNav">
<kw name="Input Text" library="SeleniumLibrary">
<doc>Types the given ``text`` into the text field identified by ``locator``.</doc>
<arguments>
<arg>${HEADER_SEARCH_BAR}</arg>
<arg>${SEARCH_TERM}</arg>
</arguments>
<msg timestamp="20210215 07:52:54.274" level="INFO">Typing text 'Tommy yacht jacket' into text field 'id=twotabsearchtextbox'.</msg>
<status status="PASS" starttime="20210215 07:52:54.274" endtime="20210215 07:52:54.650"></status>
</kw>
<status status="PASS" starttime="20210215 07:52:54.274" endtime="20210215 07:52:54.650"></status>
</kw>
<kw name="Submit Search" library="HeaderNav">
<kw name="Click Button" library="SeleniumLibrary">
<doc>Clicks the button identified by ``locator``.</doc>
<arguments>
<arg>${SUBMIT_SEARCH_BUTTON}</arg>
</arguments>
<msg timestamp="20210215 07:52:54.651" level="INFO">Clicking button 'css=#nav-search-submit-button'.</msg>
<status status="PASS" starttime="20210215 07:52:54.651" endtime="20210215 07:52:56.763"></status>
</kw>
<status status="PASS" starttime="20210215 07:52:54.650" endtime="20210215 07:52:56.763"></status>
</kw>
<status status="PASS" starttime="20210215 07:52:54.274" endtime="20210215 07:52:56.764"></status>
</kw>
<kw name="Verify search results display product" library="SearchResults">
<kw name="Wait Until Page Contains" library="SeleniumLibrary">
<doc>Waits until ``text`` appears on the current page.</doc>
<arguments>
<arg>results for "${SEARCH_TERM}"</arg>
</arguments>
<status status="PASS" starttime="20210215 07:52:56.764" endtime="20210215 07:52:56.796"></status>
</kw>
<status status="PASS" starttime="20210215 07:52:56.764" endtime="20210215 07:52:56.797"></status>
</kw>
<status status="PASS" starttime="20210215 07:52:51.363" endtime="20210215 07:52:56.797"></status>
</kw>
<kw name="Select product from search results" library="AmazonGUI">
<kw name="Select product from search results" library="SearchResults">
<doc>Click on the first product in the search results</doc>
<kw name="Click Link" library="SeleniumLibrary">
<doc>Clicks a link identified by ``locator``.</doc>
<arguments>
<arg>css=#search &gt; div.s-desktop-width-max.s-desktop-content.sg-row &gt; div.sg-col-16-of-20.sg-col.sg-col-8-of-12.sg-col-12-of-16 &gt; div &gt; span:nth-child(4) &gt; div.s-main-slot.s-result-list.s-search-results.sg-row &gt; div:nth-child(2) &gt; div &gt; span &gt; div &gt; div &gt; div:nth-child(4) &gt; h2 &gt; a</arg>
</arguments>
<msg timestamp="20210215 07:52:56.799" level="INFO">Clicking link 'css=#search &gt; div.s-desktop-width-max.s-desktop-content.sg-row &gt; div.sg-col-16-of-20.sg-col.sg-col-8-of-12.sg-col-12-of-16 &gt; div &gt; span:nth-child(4) &gt; div.s-main-slot.s-result-list.s-search-results.sg-row &gt; div:nth-child(2) &gt; div &gt; span &gt; div &gt; div &gt; div:nth-child(4) &gt; h2 &gt; a'.</msg>
<status status="PASS" starttime="20210215 07:52:56.799" endtime="20210215 07:53:00.089"></status>
</kw>
<status status="PASS" starttime="20210215 07:52:56.798" endtime="20210215 07:53:00.090"></status>
</kw>
<kw name="Verify product page loaded" library="Product">
<kw name="Wait Until Page Contains" library="SeleniumLibrary">
<doc>Waits until ``text`` appears on the current page.</doc>
<arguments>
<arg>Back to results</arg>
</arguments>
<status status="PASS" starttime="20210215 07:53:00.093" endtime="20210215 07:53:00.363"></status>
</kw>
<status status="PASS" starttime="20210215 07:53:00.090" endtime="20210215 07:53:00.363"></status>
</kw>
<status status="PASS" starttime="20210215 07:52:56.797" endtime="20210215 07:53:00.364"></status>
</kw>
<kw name="Add product to cart" library="AmazonGUI">
<kw name="Choose product size" library="Product">
<kw name="Select From List By Label" library="SeleniumLibrary">
<doc>Selects options from selection list ``locator`` by ``labels``.</doc>
<arguments>
<arg>css=#native_dropdown_selected_size_name</arg>
<arg>${PRODUCT_SIZE}</arg>
</arguments>
<msg timestamp="20210215 07:53:00.372" level="INFO">Selecting options from selection list 'css=#native_dropdown_selected_size_name' by label Large.</msg>
<status status="PASS" starttime="20210215 07:53:00.370" endtime="20210215 07:53:00.857"></status>
</kw>
<kw name="Sleep" library="BuiltIn">
<doc>Pauses the test executed for the given time.</doc>
<arguments>
<arg>3s</arg>
</arguments>
<msg timestamp="20210215 07:53:03.859" level="INFO">Slept 3 seconds</msg>
<status status="PASS" starttime="20210215 07:53:00.858" endtime="20210215 07:53:03.859"></status>
</kw>
<status status="PASS" starttime="20210215 07:53:00.368" endtime="20210215 07:53:03.859"></status>
</kw>
<kw name="Add product to cart" library="Product">
<kw name="Click Button" library="SeleniumLibrary">
<doc>Clicks the button identified by ``locator``.</doc>
<arguments>
<arg>id=add-to-cart-button</arg>
</arguments>
<msg timestamp="20210215 07:53:03.861" level="INFO">Clicking button 'id=add-to-cart-button'.</msg>
<status status="PASS" starttime="20210215 07:53:03.860" endtime="20210215 07:53:04.268"></status>
</kw>
<kw name="Sleep" library="BuiltIn">
<doc>Pauses the test executed for the given time.</doc>
<arguments>
<arg>3s</arg>
</arguments>
<msg timestamp="20210215 07:53:07.269" level="INFO">Slept 3 seconds</msg>
<status status="PASS" starttime="20210215 07:53:04.268" endtime="20210215 07:53:07.270"></status>
</kw>
<status status="PASS" starttime="20210215 07:53:03.860" endtime="20210215 07:53:07.271"></status>
</kw>
<kw name="Verify product was added to cart" library="Product">
<kw name="Wait Until Page Contains" library="SeleniumLibrary">
<doc>Waits until ``text`` appears on the current page.</doc>
<arguments>
<arg>Added to Cart</arg>
</arguments>
<status status="PASS" starttime="20210215 07:53:07.272" endtime="20210215 07:53:07.325"></status>
</kw>
<status status="PASS" starttime="20210215 07:53:07.271" endtime="20210215 07:53:07.325"></status>
</kw>
<status status="PASS" starttime="20210215 07:53:00.366" endtime="20210215 07:53:07.326"></status>
</kw>
<kw name="Begin checkout" library="AmazonGUI">
<kw name="Click proceed to checkout" library="SignIn">
<kw name="Click Link" library="SeleniumLibrary">
<doc>Clicks a link identified by ``locator``.</doc>
<arguments>
<arg>Proceed to checkout (1 item)</arg>
</arguments>
<msg timestamp="20210215 07:53:07.327" level="INFO">Clicking link 'Proceed to checkout (1 item)'.</msg>
<status status="PASS" starttime="20210215 07:53:07.327" endtime="20210215 07:53:08.903"></status>
</kw>
<status status="PASS" starttime="20210215 07:53:07.327" endtime="20210215 07:53:08.903"></status>
</kw>
<kw name="Verify sign in page loaded" library="SignIn">
<kw name="Page Should Contain" library="SeleniumLibrary">
<doc>Verifies that current page contains ``text``.</doc>
<arguments>
<arg>Sign-In</arg>
</arguments>
<msg timestamp="20210215 07:53:08.954" level="INFO">Current page contains text 'Sign-In'.</msg>
<status status="PASS" starttime="20210215 07:53:08.906" endtime="20210215 07:53:08.954"></status>
</kw>
<kw name="Page Should Contain" library="SeleniumLibrary">
<doc>Verifies that current page contains ``text``.</doc>
<arguments>
<arg>Email or mobile phone number</arg>
</arguments>
<msg timestamp="20210215 07:53:09.001" level="INFO">Current page contains text 'Email or mobile phone number'.</msg>
<status status="PASS" starttime="20210215 07:53:08.954" endtime="20210215 07:53:09.001"></status>
</kw>
<status status="PASS" starttime="20210215 07:53:08.905" endtime="20210215 07:53:09.001"></status>
</kw>
<status status="PASS" starttime="20210215 07:53:07.326" endtime="20210215 07:53:09.001"></status>
</kw>
<kw name="End web test" library="Common" type="teardown">
<kw name="Close Browser" library="SeleniumLibrary">
<doc>Closes the current browser.</doc>
<status status="PASS" starttime="20210215 07:53:09.001" endtime="20210215 07:53:11.400"></status>
</kw>
<status status="PASS" starttime="20210215 07:53:09.001" endtime="20210215 07:53:11.400"></status>
</kw>
<tags>
<tag>Smoke</tag>
</tags>
<status status="PASS" starttime="20210215 07:52:41.415" endtime="20210215 07:53:11.401" critical="yes"></status>
</test>
<kw name="Cleanup testing data" library="Common" type="teardown">
<kw name="Log" library="BuiltIn">
<doc>Logs the given message with the given level.</doc>
<arguments>
<arg>Cleaning up test data</arg>
</arguments>
<msg timestamp="20210215 07:53:11.407" level="INFO">Cleaning up test data</msg>
<status status="PASS" starttime="20210215 07:53:11.407" endtime="20210215 07:53:11.407"></status>
</kw>
<kw name="Custom Keyword 3" library="Common">
<kw name="Log" library="BuiltIn">
<doc>Logs the given message with the given level.</doc>
<arguments>
<arg>Executing keyword 3</arg>
</arguments>
<msg timestamp="20210215 07:53:11.412" level="INFO">Executing keyword 3</msg>
<status status="PASS" starttime="20210215 07:53:11.411" endtime="20210215 07:53:11.412"></status>
</kw>
<status status="PASS" starttime="20210215 07:53:11.407" endtime="20210215 07:53:11.412"></status>
</kw>
<kw name="Custom Keyword 4" library="Common">
<kw name="Log" library="BuiltIn">
<doc>Logs the given message with the given level.</doc>
<arguments>
<arg>Executing keyword 4</arg>
</arguments>
<msg timestamp="20210215 07:53:11.413" level="INFO">Executing keyword 4</msg>
<status status="PASS" starttime="20210215 07:53:11.413" endtime="20210215 07:53:11.413"></status>
</kw>
<status status="PASS" starttime="20210215 07:53:11.413" endtime="20210215 07:53:11.413"></status>
</kw>
<status status="PASS" starttime="20210215 07:53:11.407" endtime="20210215 07:53:11.413"></status>
</kw>
<doc>Testing Amazon</doc>
<status status="FAIL" starttime="20210215 07:51:13.110" endtime="20210215 07:53:11.413"></status>
</suite>
<statistics>
<total>
<stat pass="4" fail="1">Critical Tests</stat>
<stat pass="4" fail="1">All Tests</stat>
</total>
<tag>
<stat pass="4" fail="0">Smoke</stat>
</tag>
<suite>
<stat pass="4" fail="1" id="s1" name="Amazon">Amazon</stat>
</suite>
</statistics>
<errors>
<msg timestamp="20210215 07:51:16.807" level="ERROR">Error in file 'C:\development\robot-scripts\Amazon_Test_Suite\Resources\PO\HeaderNav.robot' on line 4: Resource file '..\Resources\AmazonGUI.robot' does not exist.</msg>
<msg timestamp="20210215 07:51:16.838" level="ERROR">Error in file 'C:\development\robot-scripts\Amazon_Test_Suite\Resources\PO\LandingPage.robot' on line 4: Resource file '..\Resources\AmazonGUI.robot' does not exist.</msg>
<msg timestamp="20210215 07:51:16.857" level="ERROR">Error in file 'C:\development\robot-scripts\Amazon_Test_Suite\Resources\PO\Product.robot' on line 4: Resource file '..\Resources\AmazonGUI.robot' does not exist.</msg>
<msg timestamp="20210215 07:51:16.934" level="ERROR">Error in file 'C:\development\robot-scripts\Amazon_Test_Suite\Resources\PO\SearchResults.robot' on line 4: Resource file '..\Resources\AmazonGUI.robot' does not exist.</msg>
<msg timestamp="20210215 07:51:16.961" level="ERROR">Error in file 'C:\development\robot-scripts\Amazon_Test_Suite\Resources\PO\SignIn.robot' on line 4: Resource file '..\Resources\AmazonGUI.robot' does not exist.</msg>
</errors>
</robot>
