<?xml version="1.0" encoding="UTF-8"?>
<robot generator="Robot 3.2.2 (Python 3.9.1 on win32)" generated="20210204 13:21:06.365" rpa="false">
<suite id="s1" name="Amazon" source="C:\development\robot-scripts\TestSuite\tests\Amazon.robot">
<test id="s1-t1" name="Naivgate to Amazon, search for Dune and click on the link">
<kw name="Begin web test" type="setup">
<kw name="Open Browser" library="SeleniumLibrary">
<doc>Opens a new browser instance to the optional ``url``.</doc>
<arguments>
<arg>about:blank</arg>
<arg>chrome</arg>
</arguments>
<msg timestamp="20210204 13:21:06.535" level="INFO">Opening browser 'chrome' to base url 'about:blank'.</msg>
<status status="PASS" starttime="20210204 13:21:06.535" endtime="20210204 13:21:09.704"></status>
</kw>
<kw name="Maximize Browser Window" library="SeleniumLibrary">
<doc>Maximizes current browser window.</doc>
<status status="PASS" starttime="20210204 13:21:09.704" endtime="20210204 13:21:11.859"></status>
</kw>
<status status="PASS" starttime="20210204 13:21:06.535" endtime="20210204 13:21:11.859"></status>
</kw>
<kw name="Begin web test">
<kw name="Open Browser" library="SeleniumLibrary">
<doc>Opens a new browser instance to the optional ``url``.</doc>
<arguments>
<arg>about:blank</arg>
<arg>chrome</arg>
</arguments>
<msg timestamp="20210204 13:21:11.859" level="INFO">Opening browser 'chrome' to base url 'about:blank'.</msg>
<status status="PASS" starttime="20210204 13:21:11.859" endtime="20210204 13:21:15.050"></status>
</kw>
<kw name="Maximize Browser Window" library="SeleniumLibrary">
<doc>Maximizes current browser window.</doc>
<status status="PASS" starttime="20210204 13:21:15.050" endtime="20210204 13:21:17.196"></status>
</kw>
<status status="PASS" starttime="20210204 13:21:11.859" endtime="20210204 13:21:17.196"></status>
</kw>
<kw name="Search for products">
<kw name="Go To" library="SeleniumLibrary">
<doc>Navigates the current browser window to the provided ``url``.</doc>
<arguments>
<arg>http://www.amazon.com.au</arg>
</arguments>
<msg timestamp="20210204 13:21:17.196" level="INFO">Opening url 'http://www.amazon.com.au'</msg>
<status status="PASS" starttime="20210204 13:21:17.196" endtime="20210204 13:21:19.758"></status>
</kw>
<kw name="Wait Until Page Contains" library="SeleniumLibrary">
<doc>Waits until ``text`` appears on the current page.</doc>
<arguments>
<arg>Your Amazon.com</arg>
</arguments>
<kw name="Capture Page Screenshot" library="SeleniumLibrary">
<doc>Takes a screenshot of the current page and embeds it into a log file.</doc>
<msg timestamp="20210204 13:21:25.816" level="INFO" html="yes">&lt;/td&gt;&lt;/tr&gt;&lt;tr&gt;&lt;td colspan="3"&gt;&lt;a href="selenium-screenshot-1.png"&gt;&lt;img src="selenium-screenshot-1.png" width="800px"&gt;&lt;/a&gt;</msg>
<status status="PASS" starttime="20210204 13:21:24.987" endtime="20210204 13:21:25.816"></status>
</kw>
<msg timestamp="20210204 13:21:25.843" level="FAIL">Text 'Your Amazon.com' did not appear in 5 seconds.</msg>
<status status="FAIL" starttime="20210204 13:21:19.758" endtime="20210204 13:21:25.843"></status>
</kw>
<status status="FAIL" starttime="20210204 13:21:17.196" endtime="20210204 13:21:25.843"></status>
</kw>
<kw name="End web test" type="teardown">
<kw name="Close Browser" library="SeleniumLibrary">
<doc>Closes the current browser.</doc>
<status status="PASS" starttime="20210204 13:21:25.844" endtime="20210204 13:21:27.961"></status>
</kw>
<status status="PASS" starttime="20210204 13:21:25.844" endtime="20210204 13:21:27.961"></status>
</kw>
<doc>Test whether I can open Amazon</doc>
<tags>
<tag>Smoke</tag>
</tags>
<status status="FAIL" starttime="20210204 13:21:06.534" endtime="20210204 13:21:27.962" critical="yes">Text 'Your Amazon.com' did not appear in 5 seconds.</status>
</test>
<doc>Testing Amazon</doc>
<status status="FAIL" starttime="20210204 13:21:06.368" endtime="20210204 13:21:27.963"></status>
</suite>
<statistics>
<total>
<stat pass="0" fail="1">Critical Tests</stat>
<stat pass="0" fail="1">All Tests</stat>
</total>
<tag>
<stat pass="0" fail="1">Smoke</stat>
</tag>
<suite>
<stat pass="0" fail="1" id="s1" name="Amazon">Amazon</stat>
</suite>
</statistics>
<errors>
</errors>
</robot>
