<?xml version="1.0" encoding="UTF-8"?>
<robot generator="Robot 3.2.2 (Python 3.9.1 on win32)" generated="20210204 15:09:45.203" rpa="false">
<suite id="s1" name="Amazon" source="C:\development\robot-scripts\TestSuite\tests\Amazon.robot">
<test id="s1-t1" name="Navigate to Amazon, search for Dune and click on the link">
<kw name="Begin web test" library="Common" type="setup">
<kw name="Open Browser" library="SeleniumLibrary">
<doc>Opens a new browser instance to the optional ``url``.</doc>
<arguments>
<arg>about:blank</arg>
<arg>chrome</arg>
</arguments>
<msg timestamp="20210204 15:09:45.518" level="INFO">Opening browser 'chrome' to base url 'about:blank'.</msg>
<status status="PASS" starttime="20210204 15:09:45.518" endtime="20210204 15:09:48.647"></status>
</kw>
<kw name="Maximize Browser Window" library="SeleniumLibrary">
<doc>Maximizes current browser window.</doc>
<status status="PASS" starttime="20210204 15:09:48.648" endtime="20210204 15:09:50.793"></status>
</kw>
<status status="PASS" starttime="20210204 15:09:45.517" endtime="20210204 15:09:50.793"></status>
</kw>
<kw name="Search for products" library="AmazonGUI">
<kw name="Go To" library="SeleniumLibrary">
<doc>Navigates the current browser window to the provided ``url``.</doc>
<arguments>
<arg>http://www.amazon.com.au</arg>
</arguments>
<msg timestamp="20210204 15:09:50.793" level="INFO">Opening url 'http://www.amazon.com.au'</msg>
<status status="PASS" starttime="20210204 15:09:50.793" endtime="20210204 15:09:53.575"></status>
</kw>
<kw name="Wait Until Page Contains" library="SeleniumLibrary">
<doc>Waits until ``text`` appears on the current page.</doc>
<arguments>
<arg>Amazon.com.au</arg>
</arguments>
<status status="PASS" starttime="20210204 15:09:53.575" endtime="20210204 15:09:53.666"></status>
</kw>
<kw name="Sleep" library="BuiltIn">
<doc>Pauses the test executed for the given time.</doc>
<arguments>
<arg>3s</arg>
</arguments>
<msg timestamp="20210204 15:09:56.667" level="INFO">Slept 3 seconds</msg>
<status status="PASS" starttime="20210204 15:09:53.666" endtime="20210204 15:09:56.667"></status>
</kw>
<kw name="Input Text" library="SeleniumLibrary">
<doc>Types the given ``text`` into the text field identified by ``locator``.</doc>
<arguments>
<arg>id=twotabsearchtextbox</arg>
<arg>Tommy yacht jacket</arg>
</arguments>
<msg timestamp="20210204 15:09:56.667" level="INFO">Typing text 'Tommy yacht jacket' into text field 'id=twotabsearchtextbox'.</msg>
<status status="PASS" starttime="20210204 15:09:56.667" endtime="20210204 15:09:56.795"></status>
</kw>
<kw name="Click Button" library="SeleniumLibrary">
<doc>Clicks the button identified by ``locator``.</doc>
<arguments>
<arg>css=#nav-search-submit-button</arg>
</arguments>
<msg timestamp="20210204 15:09:56.796" level="INFO">Clicking button 'css=#nav-search-submit-button'.</msg>
<status status="PASS" starttime="20210204 15:09:56.796" endtime="20210204 15:09:58.186"></status>
</kw>
<kw name="Wait Until Page Contains" library="SeleniumLibrary">
<doc>Waits until ``text`` appears on the current page.</doc>
<arguments>
<arg>results for "Tommy yacht jacket"</arg>
</arguments>
<status status="PASS" starttime="20210204 15:09:58.186" endtime="20210204 15:09:58.251"></status>
</kw>
<status status="PASS" starttime="20210204 15:09:50.793" endtime="20210204 15:09:58.251"></status>
</kw>
<kw name="Select product from search results" library="AmazonGUI">
<kw name="Click Link" library="SeleniumLibrary">
<doc>Clicks a link identified by ``locator``.</doc>
<arguments>
<arg>css=#search &gt; div.s-desktop-width-max.s-desktop-content.sg-row &gt; div.sg-col-16-of-20.sg-col.sg-col-8-of-12.sg-col-12-of-16 &gt; div &gt; span:nth-child(4) &gt; div.s-main-slot.s-result-list.s-search-results.sg-row &gt; div:nth-child(2) &gt; div &gt; span &gt; div &gt; div &gt; div:nth-child(4) &gt; h2 &gt; a</arg>
</arguments>
<msg timestamp="20210204 15:09:58.252" level="INFO">Clicking link 'css=#search &gt; div.s-desktop-width-max.s-desktop-content.sg-row &gt; div.sg-col-16-of-20.sg-col.sg-col-8-of-12.sg-col-12-of-16 &gt; div &gt; span:nth-child(4) &gt; div.s-main-slot.s-result-list.s-search-results.sg-row &gt; div:nth-child(2) &gt; div &gt; span &gt; div &gt; div &gt; div:nth-child(4) &gt; h2 &gt; a'.</msg>
<status status="PASS" starttime="20210204 15:09:58.252" endtime="20210204 15:10:00.146"></status>
</kw>
<kw name="Wait Until Page Contains" library="SeleniumLibrary">
<doc>Waits until ``text`` appears on the current page.</doc>
<arguments>
<arg>Back to results</arg>
</arguments>
<status status="PASS" starttime="20210204 15:10:00.146" endtime="20210204 15:10:00.217"></status>
</kw>
<status status="PASS" starttime="20210204 15:09:58.252" endtime="20210204 15:10:00.217"></status>
</kw>
<kw name="Add product to cart" library="AmazonGUI">
<kw name="Select From List By Label" library="SeleniumLibrary">
<doc>Selects options from selection list ``locator`` by ``labels``.</doc>
<arguments>
<arg>css=#native_dropdown_selected_size_name</arg>
<arg>Large</arg>
</arguments>
<msg timestamp="20210204 15:10:00.219" level="INFO">Selecting options from selection list 'css=#native_dropdown_selected_size_name' by label Large.</msg>
<status status="PASS" starttime="20210204 15:10:00.218" endtime="20210204 15:10:00.356"></status>
</kw>
<kw name="Sleep" library="BuiltIn">
<doc>Pauses the test executed for the given time.</doc>
<arguments>
<arg>3s</arg>
</arguments>
<msg timestamp="20210204 15:10:03.357" level="INFO">Slept 3 seconds</msg>
<status status="PASS" starttime="20210204 15:10:00.356" endtime="20210204 15:10:03.357"></status>
</kw>
<kw name="Click Button" library="SeleniumLibrary">
<doc>Clicks the button identified by ``locator``.</doc>
<arguments>
<arg>id=add-to-cart-button</arg>
</arguments>
<msg timestamp="20210204 15:10:03.358" level="INFO">Clicking button 'id=add-to-cart-button'.</msg>
<status status="PASS" starttime="20210204 15:10:03.357" endtime="20210204 15:10:03.495"></status>
</kw>
<kw name="Sleep" library="BuiltIn">
<doc>Pauses the test executed for the given time.</doc>
<arguments>
<arg>3s</arg>
</arguments>
<msg timestamp="20210204 15:10:06.497" level="INFO">Slept 3 seconds</msg>
<status status="PASS" starttime="20210204 15:10:03.495" endtime="20210204 15:10:06.497"></status>
</kw>
<kw name="Wait Until Page Contains" library="SeleniumLibrary">
<doc>Waits until ``text`` appears on the current page.</doc>
<arguments>
<arg>Added to Cart</arg>
</arguments>
<status status="PASS" starttime="20210204 15:10:06.497" endtime="20210204 15:10:06.532"></status>
</kw>
<status status="PASS" starttime="20210204 15:10:00.218" endtime="20210204 15:10:06.532"></status>
</kw>
<kw name="Begin checkout" library="AmazonGUI">
<kw name="Click Link" library="SeleniumLibrary">
<doc>Clicks a link identified by ``locator``.</doc>
<arguments>
<arg>Proceed to checkout (1 item)</arg>
</arguments>
<msg timestamp="20210204 15:10:06.534" level="INFO">Clicking link 'Proceed to checkout (1 item)'.</msg>
<status status="PASS" starttime="20210204 15:10:06.534" endtime="20210204 15:10:07.685"></status>
</kw>
<kw name="Page Should Contain" library="SeleniumLibrary">
<doc>Verifies that current page contains ``text``.</doc>
<arguments>
<arg>Sign-In</arg>
</arguments>
<msg timestamp="20210204 15:10:07.706" level="INFO">Current page contains text 'Sign-In'.</msg>
<status status="PASS" starttime="20210204 15:10:07.685" endtime="20210204 15:10:07.706"></status>
</kw>
<kw name="Page Should Contain" library="SeleniumLibrary">
<doc>Verifies that current page contains ``text``.</doc>
<arguments>
<arg>Email or mobile phone number</arg>
</arguments>
<msg timestamp="20210204 15:10:07.723" level="INFO">Current page contains text 'Email or mobile phone number'.</msg>
<status status="PASS" starttime="20210204 15:10:07.706" endtime="20210204 15:10:07.723"></status>
</kw>
<status status="PASS" starttime="20210204 15:10:06.533" endtime="20210204 15:10:07.723"></status>
</kw>
<kw name="End web test" library="Common" type="teardown">
<kw name="Close Browser" library="SeleniumLibrary">
<doc>Closes the current browser.</doc>
<status status="PASS" starttime="20210204 15:10:07.724" endtime="20210204 15:10:09.903"></status>
</kw>
<status status="PASS" starttime="20210204 15:10:07.724" endtime="20210204 15:10:09.904"></status>
</kw>
<doc>Basic test info</doc>
<tags>
<tag>Smoke</tag>
</tags>
<status status="PASS" starttime="20210204 15:09:45.517" endtime="20210204 15:10:09.905" critical="yes"></status>
</test>
<doc>Testing Amazon</doc>
<status status="PASS" starttime="20210204 15:09:45.205" endtime="20210204 15:10:09.909"></status>
</suite>
<statistics>
<total>
<stat pass="1" fail="0">Critical Tests</stat>
<stat pass="1" fail="0">All Tests</stat>
</total>
<tag>
<stat pass="1" fail="0">Smoke</stat>
</tag>
<suite>
<stat pass="1" fail="0" id="s1" name="Amazon">Amazon</stat>
</suite>
</statistics>
<errors>
</errors>
</robot>
