<?xml version="1.0" encoding="UTF-8"?>
<robot generator="Robot 3.2.2 (Python 3.9.1 on win32)" generated="20210204 13:24:03.320" rpa="false">
<suite id="s1" name="Amazon" source="C:\development\robot-scripts\TestSuite\tests\Amazon.robot">
<test id="s1-t1" name="Naivgate to Amazon, search for Dune and click on the link">
<kw name="Begin web test">
<kw name="Open Browser" library="SeleniumLibrary">
<doc>Opens a new browser instance to the optional ``url``.</doc>
<arguments>
<arg>about:blank</arg>
<arg>chrome</arg>
</arguments>
<msg timestamp="20210204 13:24:03.492" level="INFO">Opening browser 'chrome' to base url 'about:blank'.</msg>
<status status="PASS" starttime="20210204 13:24:03.492" endtime="20210204 13:24:06.677"></status>
</kw>
<kw name="Maximize Browser Window" library="SeleniumLibrary">
<doc>Maximizes current browser window.</doc>
<status status="PASS" starttime="20210204 13:24:06.678" endtime="20210204 13:24:08.800"></status>
</kw>
<status status="PASS" starttime="20210204 13:24:03.492" endtime="20210204 13:24:08.801"></status>
</kw>
<kw name="Search for products">
<kw name="Go To" library="SeleniumLibrary">
<doc>Navigates the current browser window to the provided ``url``.</doc>
<arguments>
<arg>http://www.amazon.com.au</arg>
</arguments>
<msg timestamp="20210204 13:24:08.804" level="INFO">Opening url 'http://www.amazon.com.au'</msg>
<status status="PASS" starttime="20210204 13:24:08.803" endtime="20210204 13:24:11.786"></status>
</kw>
<kw name="Wait Until Page Contains" library="SeleniumLibrary">
<doc>Waits until ``text`` appears on the current page.</doc>
<arguments>
<arg>Amazon.com.au</arg>
</arguments>
<status status="PASS" starttime="20210204 13:24:11.787" endtime="20210204 13:24:11.827"></status>
</kw>
<kw name="Sleep" library="BuiltIn">
<doc>Pauses the test executed for the given time.</doc>
<arguments>
<arg>3s</arg>
</arguments>
<msg timestamp="20210204 13:24:14.830" level="INFO">Slept 3 seconds</msg>
<status status="PASS" starttime="20210204 13:24:11.827" endtime="20210204 13:24:14.830"></status>
</kw>
<kw name="Input Text" library="SeleniumLibrary">
<doc>Types the given ``text`` into the text field identified by ``locator``.</doc>
<arguments>
<arg>id=twotabsearchtextbox</arg>
<arg>dune</arg>
</arguments>
<msg timestamp="20210204 13:24:14.830" level="INFO">Typing text 'dune' into text field 'id=twotabsearchtextbox'.</msg>
<status status="PASS" starttime="20210204 13:24:14.830" endtime="20210204 13:24:14.914"></status>
</kw>
<kw name="Click Button" library="SeleniumLibrary">
<doc>Clicks the button identified by ``locator``.</doc>
<arguments>
<arg>css=#nav-search-submit-button</arg>
</arguments>
<msg timestamp="20210204 13:24:14.915" level="INFO">Clicking button 'css=#nav-search-submit-button'.</msg>
<status status="PASS" starttime="20210204 13:24:14.914" endtime="20210204 13:24:16.675"></status>
</kw>
<kw name="Wait Until Page Contains" library="SeleniumLibrary">
<doc>Waits until ``text`` appears on the current page.</doc>
<arguments>
<arg>results for "dune"</arg>
</arguments>
<status status="PASS" starttime="20210204 13:24:16.675" endtime="20210204 13:24:16.726"></status>
</kw>
<status status="PASS" starttime="20210204 13:24:08.802" endtime="20210204 13:24:16.726"></status>
</kw>
<kw name="Select product from search results">
<kw name="Click Link" library="SeleniumLibrary">
<doc>Clicks a link identified by ``locator``.</doc>
<arguments>
<arg>css=#search &gt; div.s-desktop-width-max.s-desktop-content.sg-row &gt; div.sg-col-16-of-20.sg-col.sg-col-8-of-12.sg-col-12-of-16 &gt; div &gt; span:nth-child(4) &gt; div.s-main-slot.s-result-list.s-search-results.sg-row &gt; div:nth-child(3) &gt; div &gt; span &gt; div &gt; div &gt; div:nth-child(2) &gt; div.sg-col-4-of-12.sg-col-8-of-16.sg-col-12-of-20.sg-col &gt; div &gt; div:nth-child(1) &gt; div &gt; div &gt; div:nth-child(1) &gt; h2 &gt; a</arg>
</arguments>
<msg timestamp="20210204 13:24:16.727" level="INFO">Clicking link 'css=#search &gt; div.s-desktop-width-max.s-desktop-content.sg-row &gt; div.sg-col-16-of-20.sg-col.sg-col-8-of-12.sg-col-12-of-16 &gt; div &gt; span:nth-child(4) &gt; div.s-main-slot.s-result-list.s-search-results.sg-row &gt; div:nth-child(3) &gt; div &gt; span &gt; div &gt; div &gt; div:nth-child(2) &gt; div.sg-col-4-of-12.sg-col-8-of-16.sg-col-12-of-20.sg-col &gt; div &gt; div:nth-child(1) &gt; div &gt; div &gt; div:nth-child(1) &gt; h2 &gt; a'.</msg>
<status status="PASS" starttime="20210204 13:24:16.727" endtime="20210204 13:24:17.512"></status>
</kw>
<kw name="Wait Until Page Contains" library="SeleniumLibrary">
<doc>Waits until ``text`` appears on the current page.</doc>
<arguments>
<arg>Back to search results</arg>
</arguments>
<kw name="Capture Page Screenshot" library="SeleniumLibrary">
<doc>Takes a screenshot of the current page and embeds it into a log file.</doc>
<msg timestamp="20210204 13:24:23.747" level="INFO" html="yes">&lt;/td&gt;&lt;/tr&gt;&lt;tr&gt;&lt;td colspan="3"&gt;&lt;a href="selenium-screenshot-3.png"&gt;&lt;img src="selenium-screenshot-3.png" width="800px"&gt;&lt;/a&gt;</msg>
<status status="PASS" starttime="20210204 13:24:22.596" endtime="20210204 13:24:23.747"></status>
</kw>
<msg timestamp="20210204 13:24:23.752" level="FAIL">Text 'Back to search results' did not appear in 5 seconds.</msg>
<status status="FAIL" starttime="20210204 13:24:17.512" endtime="20210204 13:24:23.753"></status>
</kw>
<status status="FAIL" starttime="20210204 13:24:16.726" endtime="20210204 13:24:23.753"></status>
</kw>
<doc>Test whether I can open Amazon</doc>
<tags>
<tag>Smoke</tag>
</tags>
<status status="FAIL" starttime="20210204 13:24:03.492" endtime="20210204 13:24:23.755" critical="yes">Text 'Back to search results' did not appear in 5 seconds.</status>
</test>
<doc>Testing Amazon</doc>
<status status="FAIL" starttime="20210204 13:24:03.321" endtime="20210204 13:24:23.759"></status>
</suite>
<statistics>
<total>
<stat pass="0" fail="1">Critical Tests</stat>
<stat pass="0" fail="1">All Tests</stat>
</total>
<tag>
<stat pass="0" fail="1">Smoke</stat>
</tag>
<suite>
<stat pass="0" fail="1" id="s1" name="Amazon">Amazon</stat>
</suite>
</statistics>
<errors>
</errors>
</robot>
