<?xml version="1.0" encoding="UTF-8"?>
<robot generator="Robot 3.2.2 (Python 3.9.1 on win32)" generated="20210208 09:20:04.395" rpa="false">
<suite id="s1" name="Amazon" source="C:\development\robot-scripts\TestSuite\tests\amazon.robot">
<kw name="Insert testing data" library="Common" type="setup">
<kw name="Log" library="BuiltIn">
<doc>Logs the given message with the given level.</doc>
<arguments>
<arg>Setting up test data for suite</arg>
</arguments>
<msg timestamp="20210208 09:20:04.558" level="INFO">Setting up test data for suite</msg>
<status status="PASS" starttime="20210208 09:20:04.558" endtime="20210208 09:20:04.558"></status>
</kw>
<kw name="Custom Keyword 1" library="Common">
<kw name="Log" library="BuiltIn">
<doc>Logs the given message with the given level.</doc>
<arguments>
<arg>Executing keyword 1</arg>
</arguments>
<msg timestamp="20210208 09:20:04.558" level="INFO">Executing keyword 1</msg>
<status status="PASS" starttime="20210208 09:20:04.558" endtime="20210208 09:20:04.558"></status>
</kw>
<status status="PASS" starttime="20210208 09:20:04.558" endtime="20210208 09:20:04.558"></status>
</kw>
<kw name="Custom Keyword 2" library="Common">
<kw name="Log" library="BuiltIn">
<doc>Logs the given message with the given level.</doc>
<arguments>
<arg>Executing keyword 2</arg>
</arguments>
<msg timestamp="20210208 09:20:04.558" level="INFO">Executing keyword 2</msg>
<status status="PASS" starttime="20210208 09:20:04.558" endtime="20210208 09:20:04.558"></status>
</kw>
<status status="PASS" starttime="20210208 09:20:04.558" endtime="20210208 09:20:04.558"></status>
</kw>
<status status="PASS" starttime="20210208 09:20:04.558" endtime="20210208 09:20:04.558"></status>
</kw>
<test id="s1-t1" name="User searches for products">
<kw name="Begin web test" library="Common" type="setup">
<arguments>
<arg>http://www.amazon.com.au</arg>
<arg>chrome</arg>
</arguments>
<kw name="Open Browser" library="SeleniumLibrary">
<doc>Opens a new browser instance to the optional ``url``.</doc>
<arguments>
<arg>${url}</arg>
<arg>${browser}</arg>
</arguments>
<msg timestamp="20210208 09:20:04.558" level="INFO">Opening browser 'chrome' to base url 'http://www.amazon.com.au'.</msg>
<status status="PASS" starttime="20210208 09:20:04.558" endtime="20210208 09:20:10.391"></status>
</kw>
<kw name="Maximize Browser Window" library="SeleniumLibrary">
<doc>Maximizes current browser window.</doc>
<status status="PASS" starttime="20210208 09:20:10.391" endtime="20210208 09:20:12.572"></status>
</kw>
<status status="PASS" starttime="20210208 09:20:04.558" endtime="20210208 09:20:12.572"></status>
</kw>
<kw name="Search for products" library="AmazonGUI">
<kw name="Load url" library="LandingPage">
<kw name="Go To" library="SeleniumLibrary">
<doc>Navigates the current browser window to the provided ``url``.</doc>
<arguments>
<arg>${URL}</arg>
</arguments>
<msg timestamp="20210208 09:20:12.573" level="INFO">Opening url 'http://www.amazon.com.au'</msg>
<status status="PASS" starttime="20210208 09:20:12.573" endtime="20210208 09:20:14.716"></status>
</kw>
<status status="PASS" starttime="20210208 09:20:12.573" endtime="20210208 09:20:14.716"></status>
</kw>
<kw name="Verify page loaded" library="LandingPage">
<kw name="Wait Until Page Contains" library="SeleniumLibrary">
<doc>Waits until ``text`` appears on the current page.</doc>
<arguments>
<arg>Amazon.com.au</arg>
</arguments>
<status status="PASS" starttime="20210208 09:20:14.716" endtime="20210208 09:20:14.732"></status>
</kw>
<status status="PASS" starttime="20210208 09:20:14.716" endtime="20210208 09:20:14.732"></status>
</kw>
<kw name="Search for product" library="HeaderNav">
<kw name="Enter Search Term" library="HeaderNav">
<kw name="Input Text" library="SeleniumLibrary">
<doc>Types the given ``text`` into the text field identified by ``locator``.</doc>
<arguments>
<arg>id=twotabsearchtextbox</arg>
<arg>${SEARCH_TERM}</arg>
</arguments>
<msg timestamp="20210208 09:20:14.732" level="INFO">Typing text 'Tommy yacht jacket' into text field 'id=twotabsearchtextbox'.</msg>
<status status="PASS" starttime="20210208 09:20:14.732" endtime="20210208 09:20:14.831"></status>
</kw>
<status status="PASS" starttime="20210208 09:20:14.732" endtime="20210208 09:20:14.831"></status>
</kw>
<kw name="Submit Search" library="HeaderNav">
<kw name="Click Button" library="SeleniumLibrary">
<doc>Clicks the button identified by ``locator``.</doc>
<arguments>
<arg>css=#nav-search-submit-button</arg>
</arguments>
<msg timestamp="20210208 09:20:14.832" level="INFO">Clicking button 'css=#nav-search-submit-button'.</msg>
<status status="PASS" starttime="20210208 09:20:14.831" endtime="20210208 09:20:19.106"></status>
</kw>
<status status="PASS" starttime="20210208 09:20:14.831" endtime="20210208 09:20:19.106"></status>
</kw>
<status status="PASS" starttime="20210208 09:20:14.732" endtime="20210208 09:20:19.107"></status>
</kw>
<kw name="Verify search results display product" library="SearchResults">
<kw name="Wait Until Page Contains" library="SeleniumLibrary">
<doc>Waits until ``text`` appears on the current page.</doc>
<arguments>
<arg>results for "${SEARCH_TERM}"</arg>
</arguments>
<status status="PASS" starttime="20210208 09:20:19.107" endtime="20210208 09:20:19.120"></status>
</kw>
<status status="PASS" starttime="20210208 09:20:19.107" endtime="20210208 09:20:19.120"></status>
</kw>
<status status="PASS" starttime="20210208 09:20:12.572" endtime="20210208 09:20:19.120"></status>
</kw>
<kw name="End web test" library="Common" type="teardown">
<kw name="Close Browser" library="SeleniumLibrary">
<doc>Closes the current browser.</doc>
<status status="PASS" starttime="20210208 09:20:19.120" endtime="20210208 09:20:21.229"></status>
</kw>
<status status="PASS" starttime="20210208 09:20:19.120" endtime="20210208 09:20:21.229"></status>
</kw>
<doc>Basic test info</doc>
<tags>
<tag>Smoke</tag>
</tags>
<status status="PASS" starttime="20210208 09:20:04.558" endtime="20210208 09:20:21.229" critical="yes"></status>
</test>
<test id="s1-t2" name="User must sign in to check out">
<kw name="Begin web test" library="Common" type="setup">
<arguments>
<arg>http://www.amazon.com.au</arg>
<arg>chrome</arg>
</arguments>
<kw name="Open Browser" library="SeleniumLibrary">
<doc>Opens a new browser instance to the optional ``url``.</doc>
<arguments>
<arg>${url}</arg>
<arg>${browser}</arg>
</arguments>
<msg timestamp="20210208 09:20:21.229" level="INFO">Opening browser 'chrome' to base url 'http://www.amazon.com.au'.</msg>
<status status="PASS" starttime="20210208 09:20:21.229" endtime="20210208 09:20:27.052"></status>
</kw>
<kw name="Maximize Browser Window" library="SeleniumLibrary">
<doc>Maximizes current browser window.</doc>
<status status="PASS" starttime="20210208 09:20:27.052" endtime="20210208 09:20:29.241"></status>
</kw>
<status status="PASS" starttime="20210208 09:20:21.229" endtime="20210208 09:20:29.241"></status>
</kw>
<kw name="Search for products" library="AmazonGUI">
<kw name="Load url" library="LandingPage">
<kw name="Go To" library="SeleniumLibrary">
<doc>Navigates the current browser window to the provided ``url``.</doc>
<arguments>
<arg>${URL}</arg>
</arguments>
<msg timestamp="20210208 09:20:29.244" level="INFO">Opening url 'http://www.amazon.com.au'</msg>
<status status="PASS" starttime="20210208 09:20:29.243" endtime="20210208 09:20:31.064"></status>
</kw>
<status status="PASS" starttime="20210208 09:20:29.243" endtime="20210208 09:20:31.065"></status>
</kw>
<kw name="Verify page loaded" library="LandingPage">
<kw name="Wait Until Page Contains" library="SeleniumLibrary">
<doc>Waits until ``text`` appears on the current page.</doc>
<arguments>
<arg>Amazon.com.au</arg>
</arguments>
<status status="PASS" starttime="20210208 09:20:31.065" endtime="20210208 09:20:31.115"></status>
</kw>
<status status="PASS" starttime="20210208 09:20:31.065" endtime="20210208 09:20:31.115"></status>
</kw>
<kw name="Search for product" library="HeaderNav">
<kw name="Enter Search Term" library="HeaderNav">
<kw name="Input Text" library="SeleniumLibrary">
<doc>Types the given ``text`` into the text field identified by ``locator``.</doc>
<arguments>
<arg>id=twotabsearchtextbox</arg>
<arg>${SEARCH_TERM}</arg>
</arguments>
<msg timestamp="20210208 09:20:31.116" level="INFO">Typing text 'Tommy yacht jacket' into text field 'id=twotabsearchtextbox'.</msg>
<status status="PASS" starttime="20210208 09:20:31.116" endtime="20210208 09:20:31.232"></status>
</kw>
<status status="PASS" starttime="20210208 09:20:31.115" endtime="20210208 09:20:31.232"></status>
</kw>
<kw name="Submit Search" library="HeaderNav">
<kw name="Click Button" library="SeleniumLibrary">
<doc>Clicks the button identified by ``locator``.</doc>
<arguments>
<arg>css=#nav-search-submit-button</arg>
</arguments>
<msg timestamp="20210208 09:20:31.233" level="INFO">Clicking button 'css=#nav-search-submit-button'.</msg>
<status status="PASS" starttime="20210208 09:20:31.232" endtime="20210208 09:20:32.585"></status>
</kw>
<status status="PASS" starttime="20210208 09:20:31.232" endtime="20210208 09:20:32.585"></status>
</kw>
<status status="PASS" starttime="20210208 09:20:31.115" endtime="20210208 09:20:32.586"></status>
</kw>
<kw name="Verify search results display product" library="SearchResults">
<kw name="Wait Until Page Contains" library="SeleniumLibrary">
<doc>Waits until ``text`` appears on the current page.</doc>
<arguments>
<arg>results for "${SEARCH_TERM}"</arg>
</arguments>
<status status="PASS" starttime="20210208 09:20:32.586" endtime="20210208 09:20:32.635"></status>
</kw>
<status status="PASS" starttime="20210208 09:20:32.586" endtime="20210208 09:20:32.636"></status>
</kw>
<status status="PASS" starttime="20210208 09:20:29.242" endtime="20210208 09:20:32.636"></status>
</kw>
<kw name="Select product from search results" library="AmazonGUI">
<kw name="Select product from search results" library="SearchResults">
<doc>Click on the first product in the search results</doc>
<kw name="Click Link" library="SeleniumLibrary">
<doc>Clicks a link identified by ``locator``.</doc>
<arguments>
<arg>css=#search &gt; div.s-desktop-width-max.s-desktop-content.sg-row &gt; div.sg-col-16-of-20.sg-col.sg-col-8-of-12.sg-col-12-of-16 &gt; div &gt; span:nth-child(4) &gt; div.s-main-slot.s-result-list.s-search-results.sg-row &gt; div:nth-child(2) &gt; div &gt; span &gt; div &gt; div &gt; div:nth-child(4) &gt; h2 &gt; a</arg>
</arguments>
<msg timestamp="20210208 09:20:32.637" level="INFO">Clicking link 'css=#search &gt; div.s-desktop-width-max.s-desktop-content.sg-row &gt; div.sg-col-16-of-20.sg-col.sg-col-8-of-12.sg-col-12-of-16 &gt; div &gt; span:nth-child(4) &gt; div.s-main-slot.s-result-list.s-search-results.sg-row &gt; div:nth-child(2) &gt; div &gt; span &gt; div &gt; div &gt; div:nth-child(4) &gt; h2 &gt; a'.</msg>
<status status="PASS" starttime="20210208 09:20:32.637" endtime="20210208 09:20:34.531"></status>
</kw>
<status status="PASS" starttime="20210208 09:20:32.637" endtime="20210208 09:20:34.531"></status>
</kw>
<kw name="Verify product page loaded" library="Product">
<kw name="Wait Until Page Contains" library="SeleniumLibrary">
<doc>Waits until ``text`` appears on the current page.</doc>
<arguments>
<arg>Back to results</arg>
</arguments>
<status status="PASS" starttime="20210208 09:20:34.532" endtime="20210208 09:20:34.571"></status>
</kw>
<status status="PASS" starttime="20210208 09:20:34.532" endtime="20210208 09:20:34.571"></status>
</kw>
<status status="PASS" starttime="20210208 09:20:32.636" endtime="20210208 09:20:34.571"></status>
</kw>
<kw name="Add product to cart" library="AmazonGUI">
<kw name="Choose product size" library="Product">
<kw name="Select From List By Label" library="SeleniumLibrary">
<doc>Selects options from selection list ``locator`` by ``labels``.</doc>
<arguments>
<arg>css=#native_dropdown_selected_size_name</arg>
<arg>${PRODUCT_SIZE}</arg>
</arguments>
<msg timestamp="20210208 09:20:34.573" level="INFO">Selecting options from selection list 'css=#native_dropdown_selected_size_name' by label Large.</msg>
<status status="PASS" starttime="20210208 09:20:34.572" endtime="20210208 09:20:34.643"></status>
</kw>
<kw name="Sleep" library="BuiltIn">
<doc>Pauses the test executed for the given time.</doc>
<arguments>
<arg>3s</arg>
</arguments>
<msg timestamp="20210208 09:20:37.645" level="INFO">Slept 3 seconds</msg>
<status status="PASS" starttime="20210208 09:20:34.643" endtime="20210208 09:20:37.645"></status>
</kw>
<status status="PASS" starttime="20210208 09:20:34.572" endtime="20210208 09:20:37.646"></status>
</kw>
<kw name="Add product to cart" library="Product">
<kw name="Click Button" library="SeleniumLibrary">
<doc>Clicks the button identified by ``locator``.</doc>
<arguments>
<arg>id=add-to-cart-button</arg>
</arguments>
<msg timestamp="20210208 09:20:37.648" level="INFO">Clicking button 'id=add-to-cart-button'.</msg>
<status status="PASS" starttime="20210208 09:20:37.648" endtime="20210208 09:20:37.821"></status>
</kw>
<kw name="Sleep" library="BuiltIn">
<doc>Pauses the test executed for the given time.</doc>
<arguments>
<arg>3s</arg>
</arguments>
<msg timestamp="20210208 09:20:40.822" level="INFO">Slept 3 seconds</msg>
<status status="PASS" starttime="20210208 09:20:37.822" endtime="20210208 09:20:40.822"></status>
</kw>
<status status="PASS" starttime="20210208 09:20:37.647" endtime="20210208 09:20:40.823"></status>
</kw>
<kw name="Verify product was added to cart" library="Product">
<kw name="Wait Until Page Contains" library="SeleniumLibrary">
<doc>Waits until ``text`` appears on the current page.</doc>
<arguments>
<arg>Added to Cart</arg>
</arguments>
<status status="PASS" starttime="20210208 09:20:40.825" endtime="20210208 09:20:40.870"></status>
</kw>
<status status="PASS" starttime="20210208 09:20:40.823" endtime="20210208 09:20:40.871"></status>
</kw>
<status status="PASS" starttime="20210208 09:20:34.572" endtime="20210208 09:20:40.871"></status>
</kw>
<kw name="Begin checkout" library="AmazonGUI">
<kw name="Click proceed to checkout" library="SignIn">
<kw name="Click Link" library="SeleniumLibrary">
<doc>Clicks a link identified by ``locator``.</doc>
<arguments>
<arg>Proceed to checkout (1 item)</arg>
</arguments>
<msg timestamp="20210208 09:20:40.872" level="INFO">Clicking link 'Proceed to checkout (1 item)'.</msg>
<status status="PASS" starttime="20210208 09:20:40.872" endtime="20210208 09:20:42.218"></status>
</kw>
<status status="PASS" starttime="20210208 09:20:40.872" endtime="20210208 09:20:42.218"></status>
</kw>
<kw name="Verify sign in page loaded" library="SignIn">
<kw name="Page Should Contain" library="SeleniumLibrary">
<doc>Verifies that current page contains ``text``.</doc>
<arguments>
<arg>Sign-In</arg>
</arguments>
<msg timestamp="20210208 09:20:42.232" level="INFO">Current page contains text 'Sign-In'.</msg>
<status status="PASS" starttime="20210208 09:20:42.219" endtime="20210208 09:20:42.232"></status>
</kw>
<kw name="Page Should Contain" library="SeleniumLibrary">
<doc>Verifies that current page contains ``text``.</doc>
<arguments>
<arg>Email or mobile phone number</arg>
</arguments>
<msg timestamp="20210208 09:20:42.242" level="INFO">Current page contains text 'Email or mobile phone number'.</msg>
<status status="PASS" starttime="20210208 09:20:42.232" endtime="20210208 09:20:42.243"></status>
</kw>
<status status="PASS" starttime="20210208 09:20:42.218" endtime="20210208 09:20:42.243"></status>
</kw>
<status status="PASS" starttime="20210208 09:20:40.871" endtime="20210208 09:20:42.243"></status>
</kw>
<kw name="End web test" library="Common" type="teardown">
<kw name="Close Browser" library="SeleniumLibrary">
<doc>Closes the current browser.</doc>
<status status="PASS" starttime="20210208 09:20:42.243" endtime="20210208 09:20:44.382"></status>
</kw>
<status status="PASS" starttime="20210208 09:20:42.243" endtime="20210208 09:20:44.382"></status>
</kw>
<doc>Basic test info</doc>
<tags>
<tag>Smoke</tag>
</tags>
<status status="PASS" starttime="20210208 09:20:21.229" endtime="20210208 09:20:44.382" critical="yes"></status>
</test>
<kw name="Cleanup testing data" library="Common" type="teardown">
<kw name="Log" library="BuiltIn">
<doc>Logs the given message with the given level.</doc>
<arguments>
<arg>Cleaning up test data</arg>
</arguments>
<msg timestamp="20210208 09:20:44.382" level="INFO">Cleaning up test data</msg>
<status status="PASS" starttime="20210208 09:20:44.382" endtime="20210208 09:20:44.382"></status>
</kw>
<kw name="Custom Keyword 3" library="Common">
<kw name="Log" library="BuiltIn">
<doc>Logs the given message with the given level.</doc>
<arguments>
<arg>Executing keyword 3</arg>
</arguments>
<msg timestamp="20210208 09:20:44.382" level="INFO">Executing keyword 3</msg>
<status status="PASS" starttime="20210208 09:20:44.382" endtime="20210208 09:20:44.382"></status>
</kw>
<status status="PASS" starttime="20210208 09:20:44.382" endtime="20210208 09:20:44.382"></status>
</kw>
<kw name="Custom Keyword 4" library="Common">
<kw name="Log" library="BuiltIn">
<doc>Logs the given message with the given level.</doc>
<arguments>
<arg>Executing keyword 4</arg>
</arguments>
<msg timestamp="20210208 09:20:44.382" level="INFO">Executing keyword 4</msg>
<status status="PASS" starttime="20210208 09:20:44.382" endtime="20210208 09:20:44.382"></status>
</kw>
<status status="PASS" starttime="20210208 09:20:44.382" endtime="20210208 09:20:44.382"></status>
</kw>
<status status="PASS" starttime="20210208 09:20:44.382" endtime="20210208 09:20:44.382"></status>
</kw>
<doc>Testing Amazon</doc>
<status status="PASS" starttime="20210208 09:20:04.411" endtime="20210208 09:20:44.382"></status>
</suite>
<statistics>
<total>
<stat pass="2" fail="0">Critical Tests</stat>
<stat pass="2" fail="0">All Tests</stat>
</total>
<tag>
<stat pass="2" fail="0">Smoke</stat>
</tag>
<suite>
<stat pass="2" fail="0" id="s1" name="Amazon">Amazon</stat>
</suite>
</statistics>
<errors>
<msg timestamp="20210208 09:20:04.543" level="ERROR">Error in file 'C:\development\robot-scripts\TestSuite\Resources\PO\Cart.robot' on line 4: Resource file '..\Resources\Common.robot' does not exist.</msg>
<msg timestamp="20210208 09:20:04.543" level="ERROR">Error in file 'C:\development\robot-scripts\TestSuite\Resources\PO\HeaderNav.robot' on line 4: Resource file '..\Resources\Common.robot' does not exist.</msg>
<msg timestamp="20210208 09:20:04.558" level="ERROR">Error in file 'C:\development\robot-scripts\TestSuite\Resources\PO\LandingPage.robot' on line 4: Resource file '..\Resources\Common.robot' does not exist.</msg>
<msg timestamp="20210208 09:20:04.558" level="ERROR">Error in file 'C:\development\robot-scripts\TestSuite\Resources\PO\Product.robot' on line 4: Resource file '..\Resources\Common.robot' does not exist.</msg>
<msg timestamp="20210208 09:20:04.558" level="ERROR">Error in file 'C:\development\robot-scripts\TestSuite\Resources\PO\SearchResults.robot' on line 4: Resource file '..\Resources\Common.robot' does not exist.</msg>
<msg timestamp="20210208 09:20:04.558" level="ERROR">Error in file 'C:\development\robot-scripts\TestSuite\Resources\PO\SignIn.robot' on line 4: Resource file '..\Resources\Common.robot' does not exist.</msg>
</errors>
</robot>
